nohup: ignoring input

=================================================================
========================== index : 1e-06 ==========================
=================================================================

Namespace(backbone='None', batch_size=32, class_shuffle=False, classifier='linear', clslr=0.05, dataset='seq-cifar100', device=device(type='cuda'), eps=1e-08, eps_perturb=0.001, eta=1e-06, featureNet=None, img_dir='img/', keep_ratio=1, lambd=1e-05, learning_rate=None, lr=0.05, model='acc7fishernlp7', n_epochs=100, nt=None, print_freq=10, repeat=5, root='./data/', scheduler_step=99, seed=None, snapshot='None', ssl_leaner='moco', t_c_arr=None, task_shuffle=False, transform='default', validation=False, weight_decay=0)
================================= repeat 1/5 =================================
0 torch.Size([64, 3, 3, 3])
1 torch.Size([64])
2 torch.Size([64])
3 torch.Size([64, 64, 3, 3])
4 torch.Size([64])
5 torch.Size([64])
6 torch.Size([64, 64, 3, 3])
7 torch.Size([64])
8 torch.Size([64])
9 torch.Size([64, 64, 3, 3])
10 torch.Size([64])
11 torch.Size([64])
12 torch.Size([64, 64, 3, 3])
13 torch.Size([64])
14 torch.Size([64])
15 torch.Size([128, 64, 3, 3])
16 torch.Size([128])
17 torch.Size([128])
18 torch.Size([128, 128, 3, 3])
19 torch.Size([128])
20 torch.Size([128])
21 torch.Size([128, 64, 1, 1])
22 torch.Size([128])
23 torch.Size([128])
24 torch.Size([128, 128, 3, 3])
25 torch.Size([128])
26 torch.Size([128])
27 torch.Size([128, 128, 3, 3])
28 torch.Size([128])
29 torch.Size([128])
30 torch.Size([256, 128, 3, 3])
31 torch.Size([256])
32 torch.Size([256])
33 torch.Size([256, 256, 3, 3])
34 torch.Size([256])
35 torch.Size([256])
36 torch.Size([256, 128, 1, 1])
37 torch.Size([256])
38 torch.Size([256])
39 torch.Size([256, 256, 3, 3])
40 torch.Size([256])
41 torch.Size([256])
42 torch.Size([256, 256, 3, 3])
43 torch.Size([256])
44 torch.Size([256])
45 torch.Size([512, 256, 3, 3])
46 torch.Size([512])
47 torch.Size([512])
48 torch.Size([512, 512, 3, 3])
49 torch.Size([512])
50 torch.Size([512])
51 torch.Size([512, 256, 1, 1])
52 torch.Size([512])
53 torch.Size([512])
54 torch.Size([512, 512, 3, 3])
55 torch.Size([512])
56 torch.Size([512])
57 torch.Size([512, 512, 3, 3])
58 torch.Size([512])
59 torch.Size([512])
0 torch.Size([64, 3, 3, 3])
1 torch.Size([64, 64, 3, 3])
2 torch.Size([64, 64, 3, 3])
3 torch.Size([64, 64, 3, 3])
4 torch.Size([64, 64, 3, 3])
5 torch.Size([128, 64, 3, 3])
6 torch.Size([128, 128, 3, 3])
7 torch.Size([128, 64, 1, 1])
8 torch.Size([128, 128, 3, 3])
9 torch.Size([128, 128, 3, 3])
10 torch.Size([256, 128, 3, 3])
11 torch.Size([256, 256, 3, 3])
12 torch.Size([256, 128, 1, 1])
13 torch.Size([256, 256, 3, 3])
14 torch.Size([256, 256, 3, 3])
15 torch.Size([512, 256, 3, 3])
16 torch.Size([512, 512, 3, 3])
17 torch.Size([512, 256, 1, 1])
18 torch.Size([512, 512, 3, 3])
19 torch.Size([512, 512, 3, 3])
Files already downloaded and verified
Files already downloaded and verified
learning classes:  [0, 1, 2, 3, 4, 5, 6, 7, 8, 9]
epoch:0, feat_extract_loss:1.72650, classifier_loss:4.04219
epoch:10, feat_extract_loss:0.62102, classifier_loss:1.88957
epoch:20, feat_extract_loss:0.10167, classifier_loss:0.12373
epoch:30, feat_extract_loss:0.09449, classifier_loss:0.22604
epoch:40, feat_extract_loss:0.10729, classifier_loss:0.20753
epoch:50, feat_extract_loss:0.17484, classifier_loss:0.61826
epoch:60, feat_extract_loss:0.06793, classifier_loss:0.00972
epoch:70, feat_extract_loss:0.04023, classifier_loss:0.01268
epoch:80, feat_extract_loss:0.05743, classifier_loss:0.03251
epoch:90, feat_extract_loss:0.04566, classifier_loss:0.00505
train_time 2892.5636632442474 test_time 0.8003780841827393
Acc for task 0 : [0.0, 86.9]
Accuracy for 1 task(s): 	 [Class-IL]: 86.9 % 	 [Task-IL]: 86.9 %
Files already downloaded and verified
Files already downloaded and verified
learning classes:  [10, 11, 12, 13, 14, 15, 16, 17, 18, 19]
epoch:0, feat_extract_loss:1.11198, classifier_loss:1.80014
epoch:10, feat_extract_loss:0.06204, classifier_loss:0.07157
epoch:20, feat_extract_loss:0.12074, classifier_loss:1.00466
epoch:30, feat_extract_loss:0.05807, classifier_loss:0.36338
epoch:40, feat_extract_loss:0.04519, classifier_loss:0.11394
epoch:50, feat_extract_loss:0.04004, classifier_loss:0.19924
epoch:60, feat_extract_loss:0.06428, classifier_loss:0.23865
epoch:70, feat_extract_loss:0.05030, classifier_loss:0.53316
epoch:80, feat_extract_loss:0.03173, classifier_loss:0.62127
epoch:90, feat_extract_loss:0.04252, classifier_loss:0.05090
train_time 2900.1327641010284 test_time 1.342071771621704
Acc for task 0 : [0.0, 86.9, 85.5]
Acc for task 1 : [0.0, 82.39999999999999]
Accuracy for 2 task(s): 	 [Class-IL]: 68.25 % 	 [Task-IL]: 83.95 %
Files already downloaded and verified
Files already downloaded and verified
learning classes:  [20, 21, 22, 23, 24, 25, 26, 27, 28, 29]
epoch:0, feat_extract_loss:0.16945, classifier_loss:0.72208
epoch:10, feat_extract_loss:0.06994, classifier_loss:0.08547
epoch:20, feat_extract_loss:0.05310, classifier_loss:0.03603
epoch:30, feat_extract_loss:0.03971, classifier_loss:0.34611
epoch:40, feat_extract_loss:0.03284, classifier_loss:0.22321
epoch:50, feat_extract_loss:0.03845, classifier_loss:0.82334
epoch:60, feat_extract_loss:0.03340, classifier_loss:0.06973
epoch:70, feat_extract_loss:0.03385, classifier_loss:0.51576
epoch:80, feat_extract_loss:0.05867, classifier_loss:0.08151
epoch:90, feat_extract_loss:0.05465, classifier_loss:0.78753
train_time 2907.0458397865295 test_time 1.8945229053497314
Acc for task 0 : [0.0, 86.9, 85.5, 84.1]
Acc for task 1 : [0.0, 82.39999999999999, 82.89999999999999]
Acc for task 2 : [0.0, 82.1]
Accuracy for 3 task(s): 	 [Class-IL]: 60.47 % 	 [Task-IL]: 83.03 %
Files already downloaded and verified
Files already downloaded and verified
learning classes:  [30, 31, 32, 33, 34, 35, 36, 37, 38, 39]
epoch:0, feat_extract_loss:0.10577, classifier_loss:1.01358
epoch:10, feat_extract_loss:0.03968, classifier_loss:0.23254
epoch:20, feat_extract_loss:0.04463, classifier_loss:0.55134
epoch:30, feat_extract_loss:0.03840, classifier_loss:0.60578
epoch:40, feat_extract_loss:0.06259, classifier_loss:0.35633
epoch:50, feat_extract_loss:0.03227, classifier_loss:0.31290
epoch:60, feat_extract_loss:0.03518, classifier_loss:0.75223
epoch:70, feat_extract_loss:0.03297, classifier_loss:0.04779
epoch:80, feat_extract_loss:0.83840, classifier_loss:1.42968
epoch:90, feat_extract_loss:0.02918, classifier_loss:0.04218
train_time 2915.4900732040405 test_time 2.4164960384368896
Acc for task 0 : [0.0, 86.9, 85.5, 84.1, 83.5]
Acc for task 1 : [0.0, 82.39999999999999, 82.89999999999999, 82.5]
Acc for task 2 : [0.0, 82.1, 82.5]
Acc for task 3 : [0.0, 80.4]
Accuracy for 4 task(s): 	 [Class-IL]: 53.8 % 	 [Task-IL]: 82.22 %
Files already downloaded and verified
Files already downloaded and verified
learning classes:  [40, 41, 42, 43, 44, 45, 46, 47, 48, 49]
epoch:0, feat_extract_loss:0.21142, classifier_loss:0.76402
epoch:10, feat_extract_loss:0.36893, classifier_loss:0.95684
epoch:20, feat_extract_loss:0.04542, classifier_loss:1.07723
epoch:30, feat_extract_loss:0.06532, classifier_loss:0.70410
epoch:40, feat_extract_loss:0.04214, classifier_loss:0.11055
epoch:50, feat_extract_loss:0.03519, classifier_loss:0.15367
epoch:60, feat_extract_loss:0.03715, classifier_loss:0.07674
epoch:70, feat_extract_loss:0.03213, classifier_loss:0.46337
epoch:80, feat_extract_loss:0.03958, classifier_loss:0.27839
epoch:90, feat_extract_loss:0.04045, classifier_loss:0.27539
train_time 2913.269425868988 test_time 2.945543050765991
Acc for task 0 : [0.0, 86.9, 85.5, 84.1, 83.5, 83.0]
Acc for task 1 : [0.0, 82.39999999999999, 82.89999999999999, 82.5, 81.5]
Acc for task 2 : [0.0, 82.1, 82.5, 82.6]
Acc for task 3 : [0.0, 80.4, 83.1]
Acc for task 4 : [0.0, 82.8]
Accuracy for 5 task(s): 	 [Class-IL]: 52.52 % 	 [Task-IL]: 82.6 %
Files already downloaded and verified
Files already downloaded and verified
learning classes:  [50, 51, 52, 53, 54, 55, 56, 57, 58, 59]
epoch:0, feat_extract_loss:0.16736, classifier_loss:1.00610
epoch:10, feat_extract_loss:0.11499, classifier_loss:0.70427
epoch:20, feat_extract_loss:0.04459, classifier_loss:0.72572
epoch:30, feat_extract_loss:0.02864, classifier_loss:0.18282
epoch:40, feat_extract_loss:0.03934, classifier_loss:0.06424
epoch:50, feat_extract_loss:0.11461, classifier_loss:0.20113
epoch:60, feat_extract_loss:0.04606, classifier_loss:0.37785
epoch:70, feat_extract_loss:0.03922, classifier_loss:0.32303
epoch:80, feat_extract_loss:0.02997, classifier_loss:0.60164
epoch:90, feat_extract_loss:0.02614, classifier_loss:0.17213
train_time 2868.763124704361 test_time 3.4911301136016846
Acc for task 0 : [0.0, 86.9, 85.5, 84.1, 83.5, 83.0, 81.6]
Acc for task 1 : [0.0, 82.39999999999999, 82.89999999999999, 82.5, 81.5, 81.5]
Acc for task 2 : [0.0, 82.1, 82.5, 82.6, 83.0]
Acc for task 3 : [0.0, 80.4, 83.1, 84.8]
Acc for task 4 : [0.0, 82.8, 83.5]
Acc for task 5 : [0.0, 82.19999999999999]
Accuracy for 6 task(s): 	 [Class-IL]: 50.68 % 	 [Task-IL]: 82.77 %
Files already downloaded and verified
Files already downloaded and verified
learning classes:  [60, 61, 62, 63, 64, 65, 66, 67, 68, 69]
epoch:0, feat_extract_loss:1.07628, classifier_loss:1.51591
epoch:10, feat_extract_loss:0.08798, classifier_loss:0.94004
epoch:20, feat_extract_loss:0.03867, classifier_loss:0.37730
epoch:30, feat_extract_loss:0.06424, classifier_loss:0.67221
epoch:40, feat_extract_loss:0.03787, classifier_loss:0.65243
epoch:50, feat_extract_loss:0.03447, classifier_loss:0.34523
epoch:60, feat_extract_loss:0.04214, classifier_loss:0.29225
epoch:70, feat_extract_loss:0.03408, classifier_loss:0.39772
epoch:80, feat_extract_loss:0.03119, classifier_loss:0.12407
epoch:90, feat_extract_loss:0.03627, classifier_loss:0.90385
train_time 2917.059884786606 test_time 4.044329881668091
Acc for task 0 : [0.0, 86.9, 85.5, 84.1, 83.5, 83.0, 81.6, 80.80000000000001]
Acc for task 1 : [0.0, 82.39999999999999, 82.89999999999999, 82.5, 81.5, 81.5, 80.9]
Acc for task 2 : [0.0, 82.1, 82.5, 82.6, 83.0, 82.5]
Acc for task 3 : [0.0, 80.4, 83.1, 84.8, 84.6]
Acc for task 4 : [0.0, 82.8, 83.5, 83.2]
Acc for task 5 : [0.0, 82.19999999999999, 84.39999999999999]
Acc for task 6 : [0.0, 80.0]
Accuracy for 7 task(s): 	 [Class-IL]: 47.86 % 	 [Task-IL]: 82.34 %
Files already downloaded and verified
Files already downloaded and verified
learning classes:  [70, 71, 72, 73, 74, 75, 76, 77, 78, 79]
epoch:0, feat_extract_loss:0.24139, classifier_loss:1.12549
epoch:10, feat_extract_loss:0.05181, classifier_loss:0.14500
epoch:20, feat_extract_loss:0.07768, classifier_loss:0.74339
epoch:30, feat_extract_loss:0.03690, classifier_loss:0.31268
epoch:40, feat_extract_loss:0.04617, classifier_loss:0.38550
epoch:50, feat_extract_loss:0.03137, classifier_loss:0.51674
epoch:60, feat_extract_loss:0.12334, classifier_loss:0.54209
epoch:70, feat_extract_loss:0.02571, classifier_loss:0.21174
epoch:80, feat_extract_loss:0.10170, classifier_loss:0.45500
epoch:90, feat_extract_loss:0.10304, classifier_loss:0.38648
train_time 2919.0845596790314 test_time 4.683580160140991
Acc for task 0 : [0.0, 86.9, 85.5, 84.1, 83.5, 83.0, 81.6, 80.80000000000001, 80.80000000000001]
Acc for task 1 : [0.0, 82.39999999999999, 82.89999999999999, 82.5, 81.5, 81.5, 80.9, 80.5]
Acc for task 2 : [0.0, 82.1, 82.5, 82.6, 83.0, 82.5, 81.89999999999999]
Acc for task 3 : [0.0, 80.4, 83.1, 84.8, 84.6, 84.5]
Acc for task 4 : [0.0, 82.8, 83.5, 83.2, 83.7]
Acc for task 5 : [0.0, 82.19999999999999, 84.39999999999999, 85.9]
Acc for task 6 : [0.0, 80.0, 81.39999999999999]
Acc for task 7 : [0.0, 78.9]
Accuracy for 8 task(s): 	 [Class-IL]: 44.91 % 	 [Task-IL]: 82.2 %
Files already downloaded and verified
Files already downloaded and verified
learning classes:  [80, 81, 82, 83, 84, 85, 86, 87, 88, 89]
epoch:0, feat_extract_loss:0.60676, classifier_loss:1.72253
epoch:10, feat_extract_loss:0.12856, classifier_loss:0.27013
epoch:20, feat_extract_loss:0.05867, classifier_loss:0.22762
epoch:30, feat_extract_loss:0.05709, classifier_loss:0.40748
epoch:40, feat_extract_loss:0.02975, classifier_loss:0.01921
epoch:50, feat_extract_loss:0.02759, classifier_loss:0.32529
epoch:60, feat_extract_loss:0.03802, classifier_loss:0.09073
epoch:70, feat_extract_loss:0.04133, classifier_loss:0.09380
epoch:80, feat_extract_loss:0.02432, classifier_loss:0.14662
epoch:90, feat_extract_loss:0.03994, classifier_loss:0.54666
train_time 2912.4070756435394 test_time 5.190123796463013
Acc for task 0 : [0.0, 86.9, 85.5, 84.1, 83.5, 83.0, 81.6, 80.80000000000001, 80.80000000000001, 80.60000000000001]
Acc for task 1 : [0.0, 82.39999999999999, 82.89999999999999, 82.5, 81.5, 81.5, 80.9, 80.5, 79.5]
Acc for task 2 : [0.0, 82.1, 82.5, 82.6, 83.0, 82.5, 81.89999999999999, 81.69999999999999]
Acc for task 3 : [0.0, 80.4, 83.1, 84.8, 84.6, 84.5, 84.8]
Acc for task 4 : [0.0, 82.8, 83.5, 83.2, 83.7, 83.3]
Acc for task 5 : [0.0, 82.19999999999999, 84.39999999999999, 85.9, 86.3]
Acc for task 6 : [0.0, 80.0, 81.39999999999999, 82.39999999999999]
Acc for task 7 : [0.0, 78.9, 80.10000000000001]
Acc for task 8 : [0.0, 83.39999999999999]
Accuracy for 9 task(s): 	 [Class-IL]: 44.69 % 	 [Task-IL]: 82.46 %
Files already downloaded and verified
Files already downloaded and verified
learning classes:  [90, 91, 92, 93, 94, 95, 96, 97, 98, 99]
epoch:0, feat_extract_loss:0.21403, classifier_loss:1.78514
epoch:10, feat_extract_loss:0.04593, classifier_loss:0.44164
epoch:20, feat_extract_loss:0.02759, classifier_loss:0.53654
epoch:30, feat_extract_loss:0.03170, classifier_loss:0.41134
epoch:40, feat_extract_loss:0.03429, classifier_loss:1.34319
epoch:50, feat_extract_loss:0.02826, classifier_loss:1.30199
epoch:60, feat_extract_loss:0.03045, classifier_loss:0.93190
epoch:70, feat_extract_loss:0.03590, classifier_loss:0.43511
epoch:80, feat_extract_loss:0.03201, classifier_loss:0.61023
epoch:90, feat_extract_loss:0.04742, classifier_loss:0.60798
train_time 2891.69051361084 test_time 5.802452802658081
Acc for task 0 : [0.0, 86.9, 85.5, 84.1, 83.5, 83.0, 81.6, 80.80000000000001, 80.80000000000001, 80.60000000000001, 80.0]
Acc for task 1 : [0.0, 82.39999999999999, 82.89999999999999, 82.5, 81.5, 81.5, 80.9, 80.5, 79.5, 78.60000000000001]
Acc for task 2 : [0.0, 82.1, 82.5, 82.6, 83.0, 82.5, 81.89999999999999, 81.69999999999999, 82.0]
Acc for task 3 : [0.0, 80.4, 83.1, 84.8, 84.6, 84.5, 84.8, 84.7]
Acc for task 4 : [0.0, 82.8, 83.5, 83.2, 83.7, 83.3, 83.39999999999999]
Acc for task 5 : [0.0, 82.19999999999999, 84.39999999999999, 85.9, 86.3, 86.4]
Acc for task 6 : [0.0, 80.0, 81.39999999999999, 82.39999999999999, 83.1]
Acc for task 7 : [0.0, 78.9, 80.10000000000001, 81.5]
Acc for task 8 : [0.0, 83.39999999999999, 84.8]
Acc for task 9 : [0.0, 88.3]
Accuracy for 10 task(s): 	 [Class-IL]: 43.39 % 	 [Task-IL]: 83.28 %
Accuracy for 1 task(s): 	 [Class-IL]: 86.9 % 	 [Task-IL]: 86.9 %
Accuracy for 2 task(s): 	 [Class-IL]: 68.25 % 	 [Task-IL]: 83.95 %
Accuracy for 3 task(s): 	 [Class-IL]: 60.47 % 	 [Task-IL]: 83.03 %
Accuracy for 4 task(s): 	 [Class-IL]: 53.8 % 	 [Task-IL]: 82.22 %
Accuracy for 5 task(s): 	 [Class-IL]: 52.52 % 	 [Task-IL]: 82.6 %
Accuracy for 6 task(s): 	 [Class-IL]: 50.68 % 	 [Task-IL]: 82.77 %
Accuracy for 7 task(s): 	 [Class-IL]: 47.86 % 	 [Task-IL]: 82.34 %
Accuracy for 8 task(s): 	 [Class-IL]: 44.91 % 	 [Task-IL]: 82.2 %
Accuracy for 9 task(s): 	 [Class-IL]: 44.69 % 	 [Task-IL]: 82.46 %
Accuracy for 10 task(s): 	 [Class-IL]: 43.39 % 	 [Task-IL]: 83.28 %
forget_taskil: 1.4 forget_classil: 14.81 bwt_taskil: 0.6 bwt_classil: -8.89
================================= repeat 2/5 =================================
0 torch.Size([64, 3, 3, 3])
1 torch.Size([64])
2 torch.Size([64])
3 torch.Size([64, 64, 3, 3])
4 torch.Size([64])
5 torch.Size([64])
6 torch.Size([64, 64, 3, 3])
7 torch.Size([64])
8 torch.Size([64])
9 torch.Size([64, 64, 3, 3])
10 torch.Size([64])
11 torch.Size([64])
12 torch.Size([64, 64, 3, 3])
13 torch.Size([64])
14 torch.Size([64])
15 torch.Size([128, 64, 3, 3])
16 torch.Size([128])
17 torch.Size([128])
18 torch.Size([128, 128, 3, 3])
19 torch.Size([128])
20 torch.Size([128])
21 torch.Size([128, 64, 1, 1])
22 torch.Size([128])
23 torch.Size([128])
24 torch.Size([128, 128, 3, 3])
25 torch.Size([128])
26 torch.Size([128])
27 torch.Size([128, 128, 3, 3])
28 torch.Size([128])
29 torch.Size([128])
30 torch.Size([256, 128, 3, 3])
31 torch.Size([256])
32 torch.Size([256])
33 torch.Size([256, 256, 3, 3])
34 torch.Size([256])
35 torch.Size([256])
36 torch.Size([256, 128, 1, 1])
37 torch.Size([256])
38 torch.Size([256])
39 torch.Size([256, 256, 3, 3])
40 torch.Size([256])
41 torch.Size([256])
42 torch.Size([256, 256, 3, 3])
43 torch.Size([256])
44 torch.Size([256])
45 torch.Size([512, 256, 3, 3])
46 torch.Size([512])
47 torch.Size([512])
48 torch.Size([512, 512, 3, 3])
49 torch.Size([512])
50 torch.Size([512])
51 torch.Size([512, 256, 1, 1])
52 torch.Size([512])
53 torch.Size([512])
54 torch.Size([512, 512, 3, 3])
55 torch.Size([512])
56 torch.Size([512])
57 torch.Size([512, 512, 3, 3])
58 torch.Size([512])
59 torch.Size([512])
0 torch.Size([64, 3, 3, 3])
1 torch.Size([64, 64, 3, 3])
2 torch.Size([64, 64, 3, 3])
3 torch.Size([64, 64, 3, 3])
4 torch.Size([64, 64, 3, 3])
5 torch.Size([128, 64, 3, 3])
6 torch.Size([128, 128, 3, 3])
7 torch.Size([128, 64, 1, 1])
8 torch.Size([128, 128, 3, 3])
9 torch.Size([128, 128, 3, 3])
10 torch.Size([256, 128, 3, 3])
11 torch.Size([256, 256, 3, 3])
12 torch.Size([256, 128, 1, 1])
13 torch.Size([256, 256, 3, 3])
14 torch.Size([256, 256, 3, 3])
15 torch.Size([512, 256, 3, 3])
16 torch.Size([512, 512, 3, 3])
17 torch.Size([512, 256, 1, 1])
18 torch.Size([512, 512, 3, 3])
19 torch.Size([512, 512, 3, 3])
Files already downloaded and verified
Files already downloaded and verified
learning classes:  [0, 1, 2, 3, 4, 5, 6, 7, 8, 9]
epoch:0, feat_extract_loss:0.75243, classifier_loss:1.91039
epoch:10, feat_extract_loss:0.16102, classifier_loss:0.13150
epoch:20, feat_extract_loss:0.13872, classifier_loss:0.48256
epoch:30, feat_extract_loss:0.07395, classifier_loss:0.13892
epoch:40, feat_extract_loss:0.06040, classifier_loss:0.48409
epoch:50, feat_extract_loss:0.04776, classifier_loss:0.00693
epoch:60, feat_extract_loss:0.05825, classifier_loss:0.40216
epoch:70, feat_extract_loss:0.05673, classifier_loss:0.00894
epoch:80, feat_extract_loss:0.05084, classifier_loss:0.01749
epoch:90, feat_extract_loss:0.04311, classifier_loss:0.00128
train_time 2866.821793794632 test_time 0.8025252819061279
Acc for task 0 : [0.0, 87.1]
Accuracy for 1 task(s): 	 [Class-IL]: 87.1 % 	 [Task-IL]: 87.1 %
Files already downloaded and verified
Files already downloaded and verified
learning classes:  [10, 11, 12, 13, 14, 15, 16, 17, 18, 19]
epoch:0, feat_extract_loss:0.63919, classifier_loss:1.55376
epoch:10, feat_extract_loss:0.13293, classifier_loss:0.80452
epoch:20, feat_extract_loss:0.09297, classifier_loss:0.45134
epoch:30, feat_extract_loss:0.06464, classifier_loss:0.09243
epoch:40, feat_extract_loss:0.06568, classifier_loss:0.04666
epoch:50, feat_extract_loss:0.05019, classifier_loss:1.07024
epoch:60, feat_extract_loss:0.05277, classifier_loss:0.45050
epoch:70, feat_extract_loss:0.04013, classifier_loss:0.36303
epoch:80, feat_extract_loss:0.08841, classifier_loss:0.22713
epoch:90, feat_extract_loss:0.03218, classifier_loss:0.00363
train_time 2909.9877440929413 test_time 1.3331894874572754
Acc for task 0 : [0.0, 87.1, 84.7]
Acc for task 1 : [0.0, 80.80000000000001]
Accuracy for 2 task(s): 	 [Class-IL]: 67.2 % 	 [Task-IL]: 82.75 %
Files already downloaded and verified
Files already downloaded and verified
learning classes:  [20, 21, 22, 23, 24, 25, 26, 27, 28, 29]
epoch:0, feat_extract_loss:0.17400, classifier_loss:0.66055
epoch:10, feat_extract_loss:0.06323, classifier_loss:0.52858
epoch:20, feat_extract_loss:0.09137, classifier_loss:0.47956
epoch:30, feat_extract_loss:0.04630, classifier_loss:0.01886
epoch:40, feat_extract_loss:0.03461, classifier_loss:0.03581
epoch:50, feat_extract_loss:0.13716, classifier_loss:0.55234
epoch:60, feat_extract_loss:0.04386, classifier_loss:0.00880
epoch:70, feat_extract_loss:0.04141, classifier_loss:0.06677
epoch:80, feat_extract_loss:0.03782, classifier_loss:0.55443
epoch:90, feat_extract_loss:0.04451, classifier_loss:0.12273
train_time 2904.792024374008 test_time 1.8657135963439941
Acc for task 0 : [0.0, 87.1, 84.7, 83.1]
Acc for task 1 : [0.0, 80.80000000000001, 82.1]
Acc for task 2 : [0.0, 82.5]
Accuracy for 3 task(s): 	 [Class-IL]: 58.37 % 	 [Task-IL]: 82.57 %
Files already downloaded and verified
Files already downloaded and verified
learning classes:  [30, 31, 32, 33, 34, 35, 36, 37, 38, 39]
epoch:0, feat_extract_loss:0.44608, classifier_loss:2.00529
epoch:10, feat_extract_loss:0.08855, classifier_loss:0.19970
epoch:20, feat_extract_loss:0.06250, classifier_loss:0.15690
epoch:30, feat_extract_loss:0.03682, classifier_loss:0.48406
epoch:40, feat_extract_loss:0.04151, classifier_loss:0.32023
epoch:50, feat_extract_loss:0.02428, classifier_loss:0.30775
epoch:60, feat_extract_loss:0.02699, classifier_loss:0.77193
epoch:70, feat_extract_loss:0.03957, classifier_loss:1.14212
epoch:80, feat_extract_loss:0.03182, classifier_loss:0.70725
epoch:90, feat_extract_loss:0.02769, classifier_loss:1.15449
train_time 2884.3149724006653 test_time 2.41909122467041
Acc for task 0 : [0.0, 87.1, 84.7, 83.1, 82.5]
Acc for task 1 : [0.0, 80.80000000000001, 82.1, 81.6]
Acc for task 2 : [0.0, 82.5, 83.8]
Acc for task 3 : [0.0, 81.8]
Accuracy for 4 task(s): 	 [Class-IL]: 52.78 % 	 [Task-IL]: 82.42 %
Files already downloaded and verified
Files already downloaded and verified
learning classes:  [40, 41, 42, 43, 44, 45, 46, 47, 48, 49]
epoch:0, feat_extract_loss:0.13976, classifier_loss:0.75702
epoch:10, feat_extract_loss:0.04579, classifier_loss:0.25521
epoch:20, feat_extract_loss:0.03522, classifier_loss:0.28714
epoch:30, feat_extract_loss:0.06154, classifier_loss:0.43201
epoch:40, feat_extract_loss:0.21361, classifier_loss:1.18079
epoch:50, feat_extract_loss:0.04303, classifier_loss:0.29047
epoch:60, feat_extract_loss:0.04530, classifier_loss:0.03019
epoch:70, feat_extract_loss:0.02921, classifier_loss:0.13098
epoch:80, feat_extract_loss:0.04113, classifier_loss:0.01402
epoch:90, feat_extract_loss:0.03635, classifier_loss:0.76300
train_time 2898.7090804576874 test_time 2.960341691970825
Acc for task 0 : [0.0, 87.1, 84.7, 83.1, 82.5, 81.10000000000001]
Acc for task 1 : [0.0, 80.80000000000001, 82.1, 81.6, 80.9]
Acc for task 2 : [0.0, 82.5, 83.8, 84.5]
Acc for task 3 : [0.0, 81.8, 83.1]
Acc for task 4 : [0.0, 80.7]
Accuracy for 5 task(s): 	 [Class-IL]: 50.34 % 	 [Task-IL]: 82.06 %
Files already downloaded and verified
Files already downloaded and verified
learning classes:  [50, 51, 52, 53, 54, 55, 56, 57, 58, 59]
epoch:0, feat_extract_loss:0.51791, classifier_loss:1.05002
epoch:10, feat_extract_loss:0.11270, classifier_loss:0.58762
epoch:20, feat_extract_loss:0.07575, classifier_loss:0.67007
epoch:30, feat_extract_loss:0.04934, classifier_loss:0.33513
epoch:40, feat_extract_loss:0.02764, classifier_loss:0.02310
epoch:50, feat_extract_loss:0.06533, classifier_loss:0.66239
epoch:60, feat_extract_loss:0.03468, classifier_loss:0.75946
epoch:70, feat_extract_loss:0.02813, classifier_loss:0.39342
epoch:80, feat_extract_loss:0.03759, classifier_loss:0.17768
epoch:90, feat_extract_loss:0.03777, classifier_loss:0.60736
train_time 2891.3866958618164 test_time 3.493525981903076
Acc for task 0 : [0.0, 87.1, 84.7, 83.1, 82.5, 81.10000000000001, 80.4]
Acc for task 1 : [0.0, 80.80000000000001, 82.1, 81.6, 80.9, 80.10000000000001]
Acc for task 2 : [0.0, 82.5, 83.8, 84.5, 84.1]
Acc for task 3 : [0.0, 81.8, 83.1, 84.7]
Acc for task 4 : [0.0, 80.7, 82.89999999999999]
Acc for task 5 : [0.0, 80.4]
Accuracy for 6 task(s): 	 [Class-IL]: 49.33 % 	 [Task-IL]: 82.1 %
Files already downloaded and verified
Files already downloaded and verified
learning classes:  [60, 61, 62, 63, 64, 65, 66, 67, 68, 69]
epoch:0, feat_extract_loss:0.34356, classifier_loss:1.54783
epoch:10, feat_extract_loss:0.11188, classifier_loss:0.75619
epoch:20, feat_extract_loss:0.06357, classifier_loss:0.61587
epoch:30, feat_extract_loss:0.04388, classifier_loss:1.55002
epoch:40, feat_extract_loss:0.04942, classifier_loss:0.51413
epoch:50, feat_extract_loss:0.13267, classifier_loss:0.48330
epoch:60, feat_extract_loss:0.04457, classifier_loss:0.64241
epoch:70, feat_extract_loss:0.03574, classifier_loss:0.17922
epoch:80, feat_extract_loss:0.03682, classifier_loss:0.12210
epoch:90, feat_extract_loss:0.03642, classifier_loss:1.57418
train_time 2912.79234290123 test_time 4.1263508796691895
Acc for task 0 : [0.0, 87.1, 84.7, 83.1, 82.5, 81.10000000000001, 80.4, 80.10000000000001]
Acc for task 1 : [0.0, 80.80000000000001, 82.1, 81.6, 80.9, 80.10000000000001, 80.2]
Acc for task 2 : [0.0, 82.5, 83.8, 84.5, 84.1, 83.8]
Acc for task 3 : [0.0, 81.8, 83.1, 84.7, 84.7]
Acc for task 4 : [0.0, 80.7, 82.89999999999999, 82.8]
Acc for task 5 : [0.0, 80.4, 82.89999999999999]
Acc for task 6 : [0.0, 80.10000000000001]
Accuracy for 7 task(s): 	 [Class-IL]: 47.33 % 	 [Task-IL]: 82.09 %
Files already downloaded and verified
Files already downloaded and verified
learning classes:  [70, 71, 72, 73, 74, 75, 76, 77, 78, 79]
epoch:0, feat_extract_loss:0.68388, classifier_loss:2.37472
epoch:10, feat_extract_loss:0.06709, classifier_loss:1.27610
epoch:20, feat_extract_loss:0.03310, classifier_loss:0.76661
epoch:30, feat_extract_loss:0.04176, classifier_loss:0.86777
epoch:40, feat_extract_loss:0.04826, classifier_loss:0.47112
epoch:50, feat_extract_loss:0.02678, classifier_loss:0.98766
epoch:60, feat_extract_loss:0.03096, classifier_loss:0.84293
epoch:70, feat_extract_loss:0.03684, classifier_loss:0.23850
epoch:80, feat_extract_loss:0.05196, classifier_loss:0.78120
epoch:90, feat_extract_loss:0.03476, classifier_loss:0.95650
train_time 2914.9381370544434 test_time 4.594438791275024
Acc for task 0 : [0.0, 87.1, 84.7, 83.1, 82.5, 81.10000000000001, 80.4, 80.10000000000001, 79.60000000000001]
Acc for task 1 : [0.0, 80.80000000000001, 82.1, 81.6, 80.9, 80.10000000000001, 80.2, 79.9]
Acc for task 2 : [0.0, 82.5, 83.8, 84.5, 84.1, 83.8, 83.6]
Acc for task 3 : [0.0, 81.8, 83.1, 84.7, 84.7, 85.6]
Acc for task 4 : [0.0, 80.7, 82.89999999999999, 82.8, 82.3]
Acc for task 5 : [0.0, 80.4, 82.89999999999999, 84.2]
Acc for task 6 : [0.0, 80.10000000000001, 82.19999999999999]
Acc for task 7 : [0.0, 79.2]
Accuracy for 8 task(s): 	 [Class-IL]: 44.16 % 	 [Task-IL]: 82.08 %
Files already downloaded and verified
Files already downloaded and verified
learning classes:  [80, 81, 82, 83, 84, 85, 86, 87, 88, 89]
epoch:0, feat_extract_loss:0.22462, classifier_loss:0.47877
epoch:10, feat_extract_loss:0.04475, classifier_loss:0.65655
epoch:20, feat_extract_loss:0.12999, classifier_loss:0.99299
epoch:30, feat_extract_loss:0.03939, classifier_loss:0.37888
epoch:40, feat_extract_loss:0.06172, classifier_loss:0.42968
epoch:50, feat_extract_loss:0.03476, classifier_loss:0.74191
epoch:60, feat_extract_loss:0.02757, classifier_loss:0.09683
epoch:70, feat_extract_loss:0.03515, classifier_loss:0.79380
epoch:80, feat_extract_loss:0.03822, classifier_loss:0.02499
epoch:90, feat_extract_loss:0.03211, classifier_loss:0.08152
train_time 2922.9819226264954 test_time 5.242612600326538
Acc for task 0 : [0.0, 87.1, 84.7, 83.1, 82.5, 81.10000000000001, 80.4, 80.10000000000001, 79.60000000000001, 79.7]
Acc for task 1 : [0.0, 80.80000000000001, 82.1, 81.6, 80.9, 80.10000000000001, 80.2, 79.9, 79.80000000000001]
Acc for task 2 : [0.0, 82.5, 83.8, 84.5, 84.1, 83.8, 83.6, 82.6]
Acc for task 3 : [0.0, 81.8, 83.1, 84.7, 84.7, 85.6, 86.1]
Acc for task 4 : [0.0, 80.7, 82.89999999999999, 82.8, 82.3, 82.1]
Acc for task 5 : [0.0, 80.4, 82.89999999999999, 84.2, 84.5]
Acc for task 6 : [0.0, 80.10000000000001, 82.19999999999999, 83.1]
Acc for task 7 : [0.0, 79.2, 80.9]
Acc for task 8 : [0.0, 83.1]
Accuracy for 9 task(s): 	 [Class-IL]: 43.43 % 	 [Task-IL]: 82.43 %
Files already downloaded and verified
Files already downloaded and verified
learning classes:  [90, 91, 92, 93, 94, 95, 96, 97, 98, 99]
epoch:0, feat_extract_loss:0.27757, classifier_loss:1.61167
epoch:10, feat_extract_loss:0.13411, classifier_loss:0.44258
epoch:20, feat_extract_loss:0.12962, classifier_loss:0.79998
epoch:30, feat_extract_loss:0.08423, classifier_loss:0.25045
epoch:40, feat_extract_loss:0.03318, classifier_loss:0.23298
epoch:50, feat_extract_loss:0.04209, classifier_loss:0.15854
epoch:60, feat_extract_loss:0.03416, classifier_loss:0.68695
epoch:70, feat_extract_loss:0.09234, classifier_loss:0.74785
epoch:80, feat_extract_loss:0.02976, classifier_loss:0.19387
epoch:90, feat_extract_loss:0.02470, classifier_loss:0.32719
train_time 2919.418761253357 test_time 5.71057653427124
Acc for task 0 : [0.0, 87.1, 84.7, 83.1, 82.5, 81.10000000000001, 80.4, 80.10000000000001, 79.60000000000001, 79.7, 78.4]
Acc for task 1 : [0.0, 80.80000000000001, 82.1, 81.6, 80.9, 80.10000000000001, 80.2, 79.9, 79.80000000000001, 80.30000000000001]
Acc for task 2 : [0.0, 82.5, 83.8, 84.5, 84.1, 83.8, 83.6, 82.6, 82.3]
Acc for task 3 : [0.0, 81.8, 83.1, 84.7, 84.7, 85.6, 86.1, 85.8]
Acc for task 4 : [0.0, 80.7, 82.89999999999999, 82.8, 82.3, 82.1, 82.5]
Acc for task 5 : [0.0, 80.4, 82.89999999999999, 84.2, 84.5, 84.7]
Acc for task 6 : [0.0, 80.10000000000001, 82.19999999999999, 83.1, 83.39999999999999]
Acc for task 7 : [0.0, 79.2, 80.9, 81.6]
Acc for task 8 : [0.0, 83.1, 84.2]
Acc for task 9 : [0.0, 87.1]
Accuracy for 10 task(s): 	 [Class-IL]: 42.37 % 	 [Task-IL]: 83.03 %
Accuracy for 1 task(s): 	 [Class-IL]: 87.1 % 	 [Task-IL]: 87.1 %
Accuracy for 2 task(s): 	 [Class-IL]: 67.2 % 	 [Task-IL]: 82.75 %
Accuracy for 3 task(s): 	 [Class-IL]: 58.37 % 	 [Task-IL]: 82.57 %
Accuracy for 4 task(s): 	 [Class-IL]: 52.78 % 	 [Task-IL]: 82.42 %
Accuracy for 5 task(s): 	 [Class-IL]: 50.34 % 	 [Task-IL]: 82.06 %
Accuracy for 6 task(s): 	 [Class-IL]: 49.33 % 	 [Task-IL]: 82.1 %
Accuracy for 7 task(s): 	 [Class-IL]: 47.33 % 	 [Task-IL]: 82.09 %
Accuracy for 8 task(s): 	 [Class-IL]: 44.16 % 	 [Task-IL]: 82.08 %
Accuracy for 9 task(s): 	 [Class-IL]: 43.43 % 	 [Task-IL]: 82.43 %
Accuracy for 10 task(s): 	 [Class-IL]: 42.37 % 	 [Task-IL]: 83.03 %
forget_taskil: 1.49 forget_classil: 15.81 bwt_taskil: 0.83 bwt_classil: -10.51
================================= repeat 3/5 =================================
0 torch.Size([64, 3, 3, 3])
1 torch.Size([64])
2 torch.Size([64])
3 torch.Size([64, 64, 3, 3])
4 torch.Size([64])
5 torch.Size([64])
6 torch.Size([64, 64, 3, 3])
7 torch.Size([64])
8 torch.Size([64])
9 torch.Size([64, 64, 3, 3])
10 torch.Size([64])
11 torch.Size([64])
12 torch.Size([64, 64, 3, 3])
13 torch.Size([64])
14 torch.Size([64])
15 torch.Size([128, 64, 3, 3])
16 torch.Size([128])
17 torch.Size([128])
18 torch.Size([128, 128, 3, 3])
19 torch.Size([128])
20 torch.Size([128])
21 torch.Size([128, 64, 1, 1])
22 torch.Size([128])
23 torch.Size([128])
24 torch.Size([128, 128, 3, 3])
25 torch.Size([128])
26 torch.Size([128])
27 torch.Size([128, 128, 3, 3])
28 torch.Size([128])
29 torch.Size([128])
30 torch.Size([256, 128, 3, 3])
31 torch.Size([256])
32 torch.Size([256])
33 torch.Size([256, 256, 3, 3])
34 torch.Size([256])
35 torch.Size([256])
36 torch.Size([256, 128, 1, 1])
37 torch.Size([256])
38 torch.Size([256])
39 torch.Size([256, 256, 3, 3])
40 torch.Size([256])
41 torch.Size([256])
42 torch.Size([256, 256, 3, 3])
43 torch.Size([256])
44 torch.Size([256])
45 torch.Size([512, 256, 3, 3])
46 torch.Size([512])
47 torch.Size([512])
48 torch.Size([512, 512, 3, 3])
49 torch.Size([512])
50 torch.Size([512])
51 torch.Size([512, 256, 1, 1])
52 torch.Size([512])
53 torch.Size([512])
54 torch.Size([512, 512, 3, 3])
55 torch.Size([512])
56 torch.Size([512])
57 torch.Size([512, 512, 3, 3])
58 torch.Size([512])
59 torch.Size([512])
0 torch.Size([64, 3, 3, 3])
1 torch.Size([64, 64, 3, 3])
2 torch.Size([64, 64, 3, 3])
3 torch.Size([64, 64, 3, 3])
4 torch.Size([64, 64, 3, 3])
5 torch.Size([128, 64, 3, 3])
6 torch.Size([128, 128, 3, 3])
7 torch.Size([128, 64, 1, 1])
8 torch.Size([128, 128, 3, 3])
9 torch.Size([128, 128, 3, 3])
10 torch.Size([256, 128, 3, 3])
11 torch.Size([256, 256, 3, 3])
12 torch.Size([256, 128, 1, 1])
13 torch.Size([256, 256, 3, 3])
14 torch.Size([256, 256, 3, 3])
15 torch.Size([512, 256, 3, 3])
16 torch.Size([512, 512, 3, 3])
17 torch.Size([512, 256, 1, 1])
18 torch.Size([512, 512, 3, 3])
19 torch.Size([512, 512, 3, 3])
Files already downloaded and verified
Files already downloaded and verified
learning classes:  [0, 1, 2, 3, 4, 5, 6, 7, 8, 9]
epoch:0, feat_extract_loss:1.55427, classifier_loss:2.42986
epoch:10, feat_extract_loss:0.14716, classifier_loss:0.84238
epoch:20, feat_extract_loss:0.14650, classifier_loss:0.28314
epoch:30, feat_extract_loss:0.06835, classifier_loss:0.80457
epoch:40, feat_extract_loss:0.09890, classifier_loss:0.18543
epoch:50, feat_extract_loss:0.05357, classifier_loss:0.01342
epoch:60, feat_extract_loss:0.05226, classifier_loss:0.11308
epoch:70, feat_extract_loss:0.05425, classifier_loss:0.00047
epoch:80, feat_extract_loss:0.04667, classifier_loss:0.00375
epoch:90, feat_extract_loss:0.04208, classifier_loss:0.00562
train_time 2893.0319187641144 test_time 0.801807165145874
Acc for task 0 : [0.0, 86.4]
Accuracy for 1 task(s): 	 [Class-IL]: 86.4 % 	 [Task-IL]: 86.4 %
Files already downloaded and verified
Files already downloaded and verified
learning classes:  [10, 11, 12, 13, 14, 15, 16, 17, 18, 19]
epoch:0, feat_extract_loss:1.70533, classifier_loss:3.43139
epoch:10, feat_extract_loss:0.08989, classifier_loss:0.13422
epoch:20, feat_extract_loss:0.05291, classifier_loss:0.26553
epoch:30, feat_extract_loss:0.06147, classifier_loss:0.07362
epoch:40, feat_extract_loss:0.04090, classifier_loss:0.05132
epoch:50, feat_extract_loss:0.03507, classifier_loss:0.05739
epoch:60, feat_extract_loss:0.03311, classifier_loss:0.10073
epoch:70, feat_extract_loss:0.03021, classifier_loss:0.47897
epoch:80, feat_extract_loss:0.03521, classifier_loss:0.05180
epoch:90, feat_extract_loss:0.03694, classifier_loss:0.81218
train_time 2990.461834192276 test_time 1.3667082786560059
Acc for task 0 : [0.0, 86.4, 85.0]
Acc for task 1 : [0.0, 80.60000000000001]
Accuracy for 2 task(s): 	 [Class-IL]: 64.75 % 	 [Task-IL]: 82.8 %
Files already downloaded and verified
Files already downloaded and verified
learning classes:  [20, 21, 22, 23, 24, 25, 26, 27, 28, 29]
epoch:0, feat_extract_loss:0.30739, classifier_loss:1.36008
epoch:10, feat_extract_loss:0.05391, classifier_loss:0.52430
epoch:20, feat_extract_loss:0.04326, classifier_loss:0.19944
epoch:30, feat_extract_loss:0.03026, classifier_loss:0.27233
epoch:40, feat_extract_loss:0.03695, classifier_loss:0.04624
epoch:50, feat_extract_loss:0.04004, classifier_loss:0.10817
epoch:60, feat_extract_loss:0.03843, classifier_loss:0.47185
epoch:70, feat_extract_loss:0.04188, classifier_loss:0.10225
epoch:80, feat_extract_loss:0.03272, classifier_loss:0.65709
epoch:90, feat_extract_loss:0.03970, classifier_loss:0.76177
train_time 2972.5028195381165 test_time 1.9077167510986328
Acc for task 0 : [0.0, 86.4, 85.0, 81.69999999999999]
Acc for task 1 : [0.0, 80.60000000000001, 81.8]
Acc for task 2 : [0.0, 84.7]
Accuracy for 3 task(s): 	 [Class-IL]: 59.2 % 	 [Task-IL]: 82.73 %
Files already downloaded and verified
Files already downloaded and verified
learning classes:  [30, 31, 32, 33, 34, 35, 36, 37, 38, 39]
epoch:0, feat_extract_loss:0.40442, classifier_loss:1.21904
epoch:10, feat_extract_loss:0.07674, classifier_loss:0.74343
epoch:20, feat_extract_loss:0.05708, classifier_loss:0.25351
epoch:30, feat_extract_loss:0.05825, classifier_loss:0.92512
epoch:40, feat_extract_loss:0.04478, classifier_loss:0.13006
epoch:50, feat_extract_loss:0.07289, classifier_loss:0.64030
epoch:60, feat_extract_loss:0.03445, classifier_loss:1.29799
epoch:70, feat_extract_loss:0.04954, classifier_loss:0.93909
epoch:80, feat_extract_loss:0.04154, classifier_loss:1.25002
epoch:90, feat_extract_loss:0.03788, classifier_loss:0.16581
train_time 2975.7191960811615 test_time 2.4170265197753906
Acc for task 0 : [0.0, 86.4, 85.0, 81.69999999999999, 79.9]
Acc for task 1 : [0.0, 80.60000000000001, 81.8, 82.5]
Acc for task 2 : [0.0, 84.7, 86.0]
Acc for task 3 : [0.0, 82.69999999999999]
Accuracy for 4 task(s): 	 [Class-IL]: 52.35 % 	 [Task-IL]: 82.78 %
Files already downloaded and verified
Files already downloaded and verified
learning classes:  [40, 41, 42, 43, 44, 45, 46, 47, 48, 49]
epoch:0, feat_extract_loss:0.36431, classifier_loss:1.43291
epoch:10, feat_extract_loss:0.07093, classifier_loss:0.52550
epoch:20, feat_extract_loss:0.05354, classifier_loss:0.95259
epoch:30, feat_extract_loss:0.03476, classifier_loss:0.79525
epoch:40, feat_extract_loss:0.03310, classifier_loss:0.66314
epoch:50, feat_extract_loss:0.04390, classifier_loss:0.43211
epoch:60, feat_extract_loss:0.03683, classifier_loss:0.33578
epoch:70, feat_extract_loss:0.03281, classifier_loss:1.02257
epoch:80, feat_extract_loss:0.03286, classifier_loss:0.39440
epoch:90, feat_extract_loss:0.02980, classifier_loss:0.06396
train_time 2916.55330991745 test_time 3.0086395740509033
Acc for task 0 : [0.0, 86.4, 85.0, 81.69999999999999, 79.9, 79.9]
Acc for task 1 : [0.0, 80.60000000000001, 81.8, 82.5, 82.39999999999999]
Acc for task 2 : [0.0, 84.7, 86.0, 85.3]
Acc for task 3 : [0.0, 82.69999999999999, 85.1]
Acc for task 4 : [0.0, 80.9]
Accuracy for 5 task(s): 	 [Class-IL]: 51.26 % 	 [Task-IL]: 82.72 %
Files already downloaded and verified
Files already downloaded and verified
learning classes:  [50, 51, 52, 53, 54, 55, 56, 57, 58, 59]
epoch:0, feat_extract_loss:0.44192, classifier_loss:1.41098
epoch:10, feat_extract_loss:0.15012, classifier_loss:0.97561
epoch:20, feat_extract_loss:0.04223, classifier_loss:0.30181
epoch:30, feat_extract_loss:0.07291, classifier_loss:1.91096
epoch:40, feat_extract_loss:0.03462, classifier_loss:0.40660
epoch:50, feat_extract_loss:0.03473, classifier_loss:0.99438
epoch:60, feat_extract_loss:0.03411, classifier_loss:0.48663
epoch:70, feat_extract_loss:0.03247, classifier_loss:0.02694
epoch:80, feat_extract_loss:0.04057, classifier_loss:0.14999
epoch:90, feat_extract_loss:0.03044, classifier_loss:0.40228
train_time 2930.684053659439 test_time 3.588829755783081
Acc for task 0 : [0.0, 86.4, 85.0, 81.69999999999999, 79.9, 79.9, 79.3]
Acc for task 1 : [0.0, 80.60000000000001, 81.8, 82.5, 82.39999999999999, 82.1]
Acc for task 2 : [0.0, 84.7, 86.0, 85.3, 85.2]
Acc for task 3 : [0.0, 82.69999999999999, 85.1, 86.1]
Acc for task 4 : [0.0, 80.9, 82.1]
Acc for task 5 : [0.0, 81.10000000000001]
Accuracy for 6 task(s): 	 [Class-IL]: 49.1 % 	 [Task-IL]: 82.65 %
Files already downloaded and verified
Files already downloaded and verified
learning classes:  [60, 61, 62, 63, 64, 65, 66, 67, 68, 69]
epoch:0, feat_extract_loss:0.33346, classifier_loss:1.19359
epoch:10, feat_extract_loss:0.29084, classifier_loss:0.17056
epoch:20, feat_extract_loss:0.09426, classifier_loss:1.41042
epoch:30, feat_extract_loss:0.08604, classifier_loss:0.29339
epoch:40, feat_extract_loss:0.03223, classifier_loss:0.55324
epoch:50, feat_extract_loss:0.04233, classifier_loss:0.48094
epoch:60, feat_extract_loss:0.04660, classifier_loss:0.51493
epoch:70, feat_extract_loss:0.03150, classifier_loss:1.61859
epoch:80, feat_extract_loss:0.04094, classifier_loss:0.32739
epoch:90, feat_extract_loss:0.03443, classifier_loss:0.78018
train_time 2982.3859407901764 test_time 4.180050373077393
Acc for task 0 : [0.0, 86.4, 85.0, 81.69999999999999, 79.9, 79.9, 79.3, 78.5]
Acc for task 1 : [0.0, 80.60000000000001, 81.8, 82.5, 82.39999999999999, 82.1, 81.0]
Acc for task 2 : [0.0, 84.7, 86.0, 85.3, 85.2, 85.3]
Acc for task 3 : [0.0, 82.69999999999999, 85.1, 86.1, 86.3]
Acc for task 4 : [0.0, 80.9, 82.1, 83.6]
Acc for task 5 : [0.0, 81.10000000000001, 83.5]
Acc for task 6 : [0.0, 79.4]
Accuracy for 7 task(s): 	 [Class-IL]: 47.64 % 	 [Task-IL]: 82.51 %
Files already downloaded and verified
Files already downloaded and verified
learning classes:  [70, 71, 72, 73, 74, 75, 76, 77, 78, 79]
epoch:0, feat_extract_loss:0.15966, classifier_loss:0.70380
epoch:10, feat_extract_loss:0.05943, classifier_loss:0.04144
epoch:20, feat_extract_loss:0.02831, classifier_loss:0.97330
epoch:30, feat_extract_loss:0.03311, classifier_loss:1.02374
epoch:40, feat_extract_loss:0.04839, classifier_loss:0.06048
epoch:50, feat_extract_loss:0.06082, classifier_loss:0.17840
epoch:60, feat_extract_loss:0.08341, classifier_loss:1.29841
epoch:70, feat_extract_loss:0.03379, classifier_loss:1.56603
epoch:80, feat_extract_loss:0.03127, classifier_loss:1.25647
epoch:90, feat_extract_loss:0.02751, classifier_loss:0.21655
train_time 2988.0943732261658 test_time 4.740011215209961
Acc for task 0 : [0.0, 86.4, 85.0, 81.69999999999999, 79.9, 79.9, 79.3, 78.5, 77.60000000000001]
Acc for task 1 : [0.0, 80.60000000000001, 81.8, 82.5, 82.39999999999999, 82.1, 81.0, 80.30000000000001]
Acc for task 2 : [0.0, 84.7, 86.0, 85.3, 85.2, 85.3, 84.7]
Acc for task 3 : [0.0, 82.69999999999999, 85.1, 86.1, 86.3, 86.5]
Acc for task 4 : [0.0, 80.9, 82.1, 83.6, 84.2]
Acc for task 5 : [0.0, 81.10000000000001, 83.5, 84.8]
Acc for task 6 : [0.0, 79.4, 81.89999999999999]
Acc for task 7 : [0.0, 78.5]
Accuracy for 8 task(s): 	 [Class-IL]: 44.3 % 	 [Task-IL]: 82.31 %
Files already downloaded and verified
Files already downloaded and verified
learning classes:  [80, 81, 82, 83, 84, 85, 86, 87, 88, 89]
epoch:0, feat_extract_loss:0.34768, classifier_loss:0.52102
epoch:10, feat_extract_loss:0.07687, classifier_loss:1.55831
epoch:20, feat_extract_loss:0.03867, classifier_loss:0.53635
epoch:30, feat_extract_loss:0.03531, classifier_loss:1.50544
epoch:40, feat_extract_loss:0.03336, classifier_loss:0.97406
epoch:50, feat_extract_loss:0.03052, classifier_loss:0.30119
epoch:60, feat_extract_loss:0.05555, classifier_loss:0.85785
epoch:70, feat_extract_loss:0.03373, classifier_loss:1.14858
epoch:80, feat_extract_loss:0.02790, classifier_loss:0.82812
epoch:90, feat_extract_loss:0.04651, classifier_loss:0.65956
train_time 2978.897096157074 test_time 5.263484477996826
Acc for task 0 : [0.0, 86.4, 85.0, 81.69999999999999, 79.9, 79.9, 79.3, 78.5, 77.60000000000001, 76.7]
Acc for task 1 : [0.0, 80.60000000000001, 81.8, 82.5, 82.39999999999999, 82.1, 81.0, 80.30000000000001, 78.8]
Acc for task 2 : [0.0, 84.7, 86.0, 85.3, 85.2, 85.3, 84.7, 84.5]
Acc for task 3 : [0.0, 82.69999999999999, 85.1, 86.1, 86.3, 86.5, 86.1]
Acc for task 4 : [0.0, 80.9, 82.1, 83.6, 84.2, 83.89999999999999]
Acc for task 5 : [0.0, 81.10000000000001, 83.5, 84.8, 84.89999999999999]
Acc for task 6 : [0.0, 79.4, 81.89999999999999, 82.69999999999999]
Acc for task 7 : [0.0, 78.5, 80.4]
Acc for task 8 : [0.0, 84.7]
Accuracy for 9 task(s): 	 [Class-IL]: 43.58 % 	 [Task-IL]: 82.52 %
Files already downloaded and verified
Files already downloaded and verified
learning classes:  [90, 91, 92, 93, 94, 95, 96, 97, 98, 99]
epoch:0, feat_extract_loss:0.11593, classifier_loss:0.84190
epoch:10, feat_extract_loss:0.03704, classifier_loss:0.42973
epoch:20, feat_extract_loss:0.03196, classifier_loss:0.22397
epoch:30, feat_extract_loss:0.04110, classifier_loss:0.09124
epoch:40, feat_extract_loss:0.03675, classifier_loss:0.61645
epoch:50, feat_extract_loss:0.04202, classifier_loss:0.17709
epoch:60, feat_extract_loss:0.03326, classifier_loss:0.22047
epoch:70, feat_extract_loss:0.03685, classifier_loss:0.11050
epoch:80, feat_extract_loss:0.03908, classifier_loss:0.43226
epoch:90, feat_extract_loss:0.03709, classifier_loss:0.37770
train_time 2959.74263048172 test_time 5.854949951171875
Acc for task 0 : [0.0, 86.4, 85.0, 81.69999999999999, 79.9, 79.9, 79.3, 78.5, 77.60000000000001, 76.7, 76.0]
Acc for task 1 : [0.0, 80.60000000000001, 81.8, 82.5, 82.39999999999999, 82.1, 81.0, 80.30000000000001, 78.8, 79.3]
Acc for task 2 : [0.0, 84.7, 86.0, 85.3, 85.2, 85.3, 84.7, 84.5, 83.7]
Acc for task 3 : [0.0, 82.69999999999999, 85.1, 86.1, 86.3, 86.5, 86.1, 86.3]
Acc for task 4 : [0.0, 80.9, 82.1, 83.6, 84.2, 83.89999999999999, 82.89999999999999]
Acc for task 5 : [0.0, 81.10000000000001, 83.5, 84.8, 84.89999999999999, 85.6]
Acc for task 6 : [0.0, 79.4, 81.89999999999999, 82.69999999999999, 82.8]
Acc for task 7 : [0.0, 78.5, 80.4, 81.0]
Acc for task 8 : [0.0, 84.7, 85.7]
Acc for task 9 : [0.0, 87.8]
Accuracy for 10 task(s): 	 [Class-IL]: 42.43 % 	 [Task-IL]: 83.11 %
Accuracy for 1 task(s): 	 [Class-IL]: 86.4 % 	 [Task-IL]: 86.4 %
Accuracy for 2 task(s): 	 [Class-IL]: 64.75 % 	 [Task-IL]: 82.8 %
Accuracy for 3 task(s): 	 [Class-IL]: 59.2 % 	 [Task-IL]: 82.73 %
Accuracy for 4 task(s): 	 [Class-IL]: 52.35 % 	 [Task-IL]: 82.78 %
Accuracy for 5 task(s): 	 [Class-IL]: 51.26 % 	 [Task-IL]: 82.72 %
Accuracy for 6 task(s): 	 [Class-IL]: 49.1 % 	 [Task-IL]: 82.65 %
Accuracy for 7 task(s): 	 [Class-IL]: 47.64 % 	 [Task-IL]: 82.51 %
Accuracy for 8 task(s): 	 [Class-IL]: 44.3 % 	 [Task-IL]: 82.31 %
Accuracy for 9 task(s): 	 [Class-IL]: 43.58 % 	 [Task-IL]: 82.52 %
Accuracy for 10 task(s): 	 [Class-IL]: 42.43 % 	 [Task-IL]: 83.11 %
forget_taskil: 1.93 forget_classil: 15.3 bwt_taskil: 0.48 bwt_classil: -9.06
================================= repeat 4/5 =================================
0 torch.Size([64, 3, 3, 3])
1 torch.Size([64])
2 torch.Size([64])
3 torch.Size([64, 64, 3, 3])
4 torch.Size([64])
5 torch.Size([64])
6 torch.Size([64, 64, 3, 3])
7 torch.Size([64])
8 torch.Size([64])
9 torch.Size([64, 64, 3, 3])
10 torch.Size([64])
11 torch.Size([64])
12 torch.Size([64, 64, 3, 3])
13 torch.Size([64])
14 torch.Size([64])
15 torch.Size([128, 64, 3, 3])
16 torch.Size([128])
17 torch.Size([128])
18 torch.Size([128, 128, 3, 3])
19 torch.Size([128])
20 torch.Size([128])
21 torch.Size([128, 64, 1, 1])
22 torch.Size([128])
23 torch.Size([128])
24 torch.Size([128, 128, 3, 3])
25 torch.Size([128])
26 torch.Size([128])
27 torch.Size([128, 128, 3, 3])
28 torch.Size([128])
29 torch.Size([128])
30 torch.Size([256, 128, 3, 3])
31 torch.Size([256])
32 torch.Size([256])
33 torch.Size([256, 256, 3, 3])
34 torch.Size([256])
35 torch.Size([256])
36 torch.Size([256, 128, 1, 1])
37 torch.Size([256])
38 torch.Size([256])
39 torch.Size([256, 256, 3, 3])
40 torch.Size([256])
41 torch.Size([256])
42 torch.Size([256, 256, 3, 3])
43 torch.Size([256])
44 torch.Size([256])
45 torch.Size([512, 256, 3, 3])
46 torch.Size([512])
47 torch.Size([512])
48 torch.Size([512, 512, 3, 3])
49 torch.Size([512])
50 torch.Size([512])
51 torch.Size([512, 256, 1, 1])
52 torch.Size([512])
53 torch.Size([512])
54 torch.Size([512, 512, 3, 3])
55 torch.Size([512])
56 torch.Size([512])
57 torch.Size([512, 512, 3, 3])
58 torch.Size([512])
59 torch.Size([512])
0 torch.Size([64, 3, 3, 3])
1 torch.Size([64, 64, 3, 3])
2 torch.Size([64, 64, 3, 3])
3 torch.Size([64, 64, 3, 3])
4 torch.Size([64, 64, 3, 3])
5 torch.Size([128, 64, 3, 3])
6 torch.Size([128, 128, 3, 3])
7 torch.Size([128, 64, 1, 1])
8 torch.Size([128, 128, 3, 3])
9 torch.Size([128, 128, 3, 3])
10 torch.Size([256, 128, 3, 3])
11 torch.Size([256, 256, 3, 3])
12 torch.Size([256, 128, 1, 1])
13 torch.Size([256, 256, 3, 3])
14 torch.Size([256, 256, 3, 3])
15 torch.Size([512, 256, 3, 3])
16 torch.Size([512, 512, 3, 3])
17 torch.Size([512, 256, 1, 1])
18 torch.Size([512, 512, 3, 3])
19 torch.Size([512, 512, 3, 3])
Files already downloaded and verified
Files already downloaded and verified
learning classes:  [0, 1, 2, 3, 4, 5, 6, 7, 8, 9]
epoch:0, feat_extract_loss:1.44399, classifier_loss:2.46812
epoch:10, feat_extract_loss:0.55044, classifier_loss:0.63519
epoch:20, feat_extract_loss:0.14635, classifier_loss:0.30238
epoch:30, feat_extract_loss:0.12456, classifier_loss:0.25774
epoch:40, feat_extract_loss:0.06690, classifier_loss:0.17824
epoch:50, feat_extract_loss:0.05822, classifier_loss:1.04046
epoch:60, feat_extract_loss:0.05519, classifier_loss:0.03342
epoch:70, feat_extract_loss:0.04130, classifier_loss:0.01561
epoch:80, feat_extract_loss:0.04063, classifier_loss:0.00083
epoch:90, feat_extract_loss:0.03374, classifier_loss:0.00229
train_time 2904.6075410842896 test_time 0.79718017578125
Acc for task 0 : [0.0, 87.4]
Accuracy for 1 task(s): 	 [Class-IL]: 87.4 % 	 [Task-IL]: 87.4 %
Files already downloaded and verified
Files already downloaded and verified
learning classes:  [10, 11, 12, 13, 14, 15, 16, 17, 18, 19]
epoch:0, feat_extract_loss:1.40030, classifier_loss:2.00946
epoch:10, feat_extract_loss:0.15802, classifier_loss:0.46711
epoch:20, feat_extract_loss:0.07785, classifier_loss:0.49114
epoch:30, feat_extract_loss:0.05669, classifier_loss:0.03441
epoch:40, feat_extract_loss:0.03982, classifier_loss:0.03937
epoch:50, feat_extract_loss:0.04917, classifier_loss:0.08535
epoch:60, feat_extract_loss:0.04413, classifier_loss:0.28420
epoch:70, feat_extract_loss:0.03563, classifier_loss:0.04039
epoch:80, feat_extract_loss:0.03469, classifier_loss:0.22551
epoch:90, feat_extract_loss:0.06314, classifier_loss:0.05597
train_time 2949.2041738033295 test_time 1.3292694091796875
Acc for task 0 : [0.0, 87.4, 84.89999999999999]
Acc for task 1 : [0.0, 81.5]
Accuracy for 2 task(s): 	 [Class-IL]: 63.95 % 	 [Task-IL]: 83.2 %
Files already downloaded and verified
Files already downloaded and verified
learning classes:  [20, 21, 22, 23, 24, 25, 26, 27, 28, 29]
epoch:0, feat_extract_loss:0.89410, classifier_loss:2.30680
epoch:10, feat_extract_loss:0.11525, classifier_loss:1.11480
epoch:20, feat_extract_loss:0.04312, classifier_loss:0.20525
epoch:30, feat_extract_loss:0.04902, classifier_loss:0.07242
epoch:40, feat_extract_loss:0.04073, classifier_loss:0.04982
epoch:50, feat_extract_loss:0.03192, classifier_loss:0.20061
epoch:60, feat_extract_loss:0.03406, classifier_loss:0.04843
epoch:70, feat_extract_loss:0.03547, classifier_loss:0.18553
epoch:80, feat_extract_loss:0.03632, classifier_loss:0.47580
epoch:90, feat_extract_loss:0.05650, classifier_loss:0.09252
train_time 2891.8840153217316 test_time 1.9203746318817139
Acc for task 0 : [0.0, 87.4, 84.89999999999999, 84.1]
Acc for task 1 : [0.0, 81.5, 83.89999999999999]
Acc for task 2 : [0.0, 82.3]
Accuracy for 3 task(s): 	 [Class-IL]: 57.0 % 	 [Task-IL]: 83.43 %
Files already downloaded and verified
Files already downloaded and verified
learning classes:  [30, 31, 32, 33, 34, 35, 36, 37, 38, 39]
epoch:0, feat_extract_loss:1.06473, classifier_loss:1.69473
epoch:10, feat_extract_loss:0.06739, classifier_loss:0.98201
epoch:20, feat_extract_loss:0.03766, classifier_loss:0.19827
epoch:30, feat_extract_loss:0.04038, classifier_loss:0.16193
epoch:40, feat_extract_loss:0.03969, classifier_loss:0.07639
epoch:50, feat_extract_loss:0.03770, classifier_loss:0.96968
epoch:60, feat_extract_loss:0.03988, classifier_loss:0.43622
epoch:70, feat_extract_loss:0.05463, classifier_loss:0.24053
epoch:80, feat_extract_loss:0.04919, classifier_loss:0.01673
epoch:90, feat_extract_loss:0.02790, classifier_loss:0.99038
train_time 2878.137747526169 test_time 2.4538042545318604
Acc for task 0 : [0.0, 87.4, 84.89999999999999, 84.1, 82.39999999999999]
Acc for task 1 : [0.0, 81.5, 83.89999999999999, 83.7]
Acc for task 2 : [0.0, 82.3, 84.0]
Acc for task 3 : [0.0, 82.0]
Accuracy for 4 task(s): 	 [Class-IL]: 52.05 % 	 [Task-IL]: 83.02 %
Files already downloaded and verified
Files already downloaded and verified
learning classes:  [40, 41, 42, 43, 44, 45, 46, 47, 48, 49]
epoch:0, feat_extract_loss:0.05967, classifier_loss:0.41363
epoch:10, feat_extract_loss:0.04565, classifier_loss:0.45646
epoch:20, feat_extract_loss:0.10534, classifier_loss:0.14488
epoch:30, feat_extract_loss:0.04123, classifier_loss:0.04210
epoch:40, feat_extract_loss:0.03785, classifier_loss:0.57155
epoch:50, feat_extract_loss:0.03328, classifier_loss:1.03675
epoch:60, feat_extract_loss:0.04788, classifier_loss:0.49893
epoch:70, feat_extract_loss:0.04286, classifier_loss:0.56609
epoch:80, feat_extract_loss:0.04054, classifier_loss:0.37210
epoch:90, feat_extract_loss:0.03426, classifier_loss:0.66163
train_time 2902.245633125305 test_time 2.9628148078918457
Acc for task 0 : [0.0, 87.4, 84.89999999999999, 84.1, 82.39999999999999, 81.3]
Acc for task 1 : [0.0, 81.5, 83.89999999999999, 83.7, 84.2]
Acc for task 2 : [0.0, 82.3, 84.0, 83.8]
Acc for task 3 : [0.0, 82.0, 84.0]
Acc for task 4 : [0.0, 80.5]
Accuracy for 5 task(s): 	 [Class-IL]: 50.88 % 	 [Task-IL]: 82.76 %
Files already downloaded and verified
Files already downloaded and verified
learning classes:  [50, 51, 52, 53, 54, 55, 56, 57, 58, 59]
epoch:0, feat_extract_loss:0.27787, classifier_loss:1.42052
epoch:10, feat_extract_loss:0.18031, classifier_loss:1.78543
epoch:20, feat_extract_loss:0.03946, classifier_loss:0.13081
epoch:30, feat_extract_loss:0.03800, classifier_loss:0.98942
epoch:40, feat_extract_loss:0.03802, classifier_loss:0.69877
epoch:50, feat_extract_loss:0.11802, classifier_loss:0.35778
epoch:60, feat_extract_loss:0.03646, classifier_loss:0.41355
epoch:70, feat_extract_loss:0.03296, classifier_loss:0.07258
epoch:80, feat_extract_loss:0.03858, classifier_loss:0.90568
epoch:90, feat_extract_loss:0.04254, classifier_loss:0.21530
train_time 2888.6873083114624 test_time 3.517213821411133
Acc for task 0 : [0.0, 87.4, 84.89999999999999, 84.1, 82.39999999999999, 81.3, 80.80000000000001]
Acc for task 1 : [0.0, 81.5, 83.89999999999999, 83.7, 84.2, 84.8]
Acc for task 2 : [0.0, 82.3, 84.0, 83.8, 83.5]
Acc for task 3 : [0.0, 82.0, 84.0, 85.5]
Acc for task 4 : [0.0, 80.5, 81.6]
Acc for task 5 : [0.0, 82.3]
Accuracy for 6 task(s): 	 [Class-IL]: 48.55 % 	 [Task-IL]: 83.08 %
Files already downloaded and verified
Files already downloaded and verified
learning classes:  [60, 61, 62, 63, 64, 65, 66, 67, 68, 69]
epoch:0, feat_extract_loss:0.77718, classifier_loss:1.10571
epoch:10, feat_extract_loss:0.09882, classifier_loss:0.83837
epoch:20, feat_extract_loss:0.03719, classifier_loss:0.65414
epoch:30, feat_extract_loss:0.02716, classifier_loss:0.21423
epoch:40, feat_extract_loss:0.03489, classifier_loss:0.85579
epoch:50, feat_extract_loss:0.11297, classifier_loss:0.63607
epoch:60, feat_extract_loss:0.04240, classifier_loss:0.29016
epoch:70, feat_extract_loss:0.03525, classifier_loss:0.21039
epoch:80, feat_extract_loss:0.06998, classifier_loss:0.05739
epoch:90, feat_extract_loss:0.02980, classifier_loss:0.90420
train_time 2923.146456718445 test_time 4.062929391860962
Acc for task 0 : [0.0, 87.4, 84.89999999999999, 84.1, 82.39999999999999, 81.3, 80.80000000000001, 80.4]
Acc for task 1 : [0.0, 81.5, 83.89999999999999, 83.7, 84.2, 84.8, 84.0]
Acc for task 2 : [0.0, 82.3, 84.0, 83.8, 83.5, 83.2]
Acc for task 3 : [0.0, 82.0, 84.0, 85.5, 85.2]
Acc for task 4 : [0.0, 80.5, 81.6, 82.1]
Acc for task 5 : [0.0, 82.3, 84.1]
Acc for task 6 : [0.0, 81.2]
Accuracy for 7 task(s): 	 [Class-IL]: 47.19 % 	 [Task-IL]: 82.89 %
Files already downloaded and verified
Files already downloaded and verified
learning classes:  [70, 71, 72, 73, 74, 75, 76, 77, 78, 79]
epoch:0, feat_extract_loss:0.56174, classifier_loss:1.68346
epoch:10, feat_extract_loss:0.07061, classifier_loss:0.79345
epoch:20, feat_extract_loss:0.02851, classifier_loss:1.18938
epoch:30, feat_extract_loss:0.03677, classifier_loss:0.34804
epoch:40, feat_extract_loss:0.05667, classifier_loss:1.21747
epoch:50, feat_extract_loss:0.03092, classifier_loss:0.26075
epoch:60, feat_extract_loss:0.02638, classifier_loss:1.15858
epoch:70, feat_extract_loss:0.03316, classifier_loss:2.16219
epoch:80, feat_extract_loss:0.17017, classifier_loss:2.23045
epoch:90, feat_extract_loss:0.02949, classifier_loss:0.63804
train_time 2938.0077238082886 test_time 4.650680303573608
Acc for task 0 : [0.0, 87.4, 84.89999999999999, 84.1, 82.39999999999999, 81.3, 80.80000000000001, 80.4, 79.2]
Acc for task 1 : [0.0, 81.5, 83.89999999999999, 83.7, 84.2, 84.8, 84.0, 83.1]
Acc for task 2 : [0.0, 82.3, 84.0, 83.8, 83.5, 83.2, 82.89999999999999]
Acc for task 3 : [0.0, 82.0, 84.0, 85.5, 85.2, 84.8]
Acc for task 4 : [0.0, 80.5, 81.6, 82.1, 82.5]
Acc for task 5 : [0.0, 82.3, 84.1, 85.0]
Acc for task 6 : [0.0, 81.2, 82.3]
Acc for task 7 : [0.0, 79.5]
Accuracy for 8 task(s): 	 [Class-IL]: 44.56 % 	 [Task-IL]: 82.41 %
Files already downloaded and verified
Files already downloaded and verified
learning classes:  [80, 81, 82, 83, 84, 85, 86, 87, 88, 89]
epoch:0, feat_extract_loss:0.09660, classifier_loss:0.59560
epoch:10, feat_extract_loss:0.04929, classifier_loss:0.78863
epoch:20, feat_extract_loss:0.03941, classifier_loss:0.79437
epoch:30, feat_extract_loss:0.02993, classifier_loss:0.19791
epoch:40, feat_extract_loss:0.04270, classifier_loss:1.21417
epoch:50, feat_extract_loss:0.04937, classifier_loss:0.64729
epoch:60, feat_extract_loss:0.03466, classifier_loss:0.29609
epoch:70, feat_extract_loss:0.02674, classifier_loss:0.07033
epoch:80, feat_extract_loss:0.03624, classifier_loss:0.74844
epoch:90, feat_extract_loss:0.02980, classifier_loss:0.73368
train_time 2901.967736005783 test_time 5.120662689208984
Acc for task 0 : [0.0, 87.4, 84.89999999999999, 84.1, 82.39999999999999, 81.3, 80.80000000000001, 80.4, 79.2, 78.2]
Acc for task 1 : [0.0, 81.5, 83.89999999999999, 83.7, 84.2, 84.8, 84.0, 83.1, 82.6]
Acc for task 2 : [0.0, 82.3, 84.0, 83.8, 83.5, 83.2, 82.89999999999999, 82.5]
Acc for task 3 : [0.0, 82.0, 84.0, 85.5, 85.2, 84.8, 84.2]
Acc for task 4 : [0.0, 80.5, 81.6, 82.1, 82.5, 82.19999999999999]
Acc for task 5 : [0.0, 82.3, 84.1, 85.0, 85.1]
Acc for task 6 : [0.0, 81.2, 82.3, 83.1]
Acc for task 7 : [0.0, 79.5, 80.10000000000001]
Acc for task 8 : [0.0, 82.3]
Accuracy for 9 task(s): 	 [Class-IL]: 42.99 % 	 [Task-IL]: 82.26 %
Files already downloaded and verified
Files already downloaded and verified
learning classes:  [90, 91, 92, 93, 94, 95, 96, 97, 98, 99]
epoch:0, feat_extract_loss:0.06003, classifier_loss:0.58677
epoch:10, feat_extract_loss:0.05126, classifier_loss:0.27212
epoch:20, feat_extract_loss:0.04010, classifier_loss:0.61994
epoch:30, feat_extract_loss:0.02532, classifier_loss:0.20740
epoch:40, feat_extract_loss:0.03461, classifier_loss:0.50440
epoch:50, feat_extract_loss:0.03513, classifier_loss:0.71279
epoch:60, feat_extract_loss:0.03001, classifier_loss:0.29273
epoch:70, feat_extract_loss:0.03591, classifier_loss:0.11658
epoch:80, feat_extract_loss:0.02787, classifier_loss:0.23327
epoch:90, feat_extract_loss:0.03340, classifier_loss:0.49098
train_time 2911.5691816806793 test_time 5.706338167190552
Acc for task 0 : [0.0, 87.4, 84.89999999999999, 84.1, 82.39999999999999, 81.3, 80.80000000000001, 80.4, 79.2, 78.2, 78.2]
Acc for task 1 : [0.0, 81.5, 83.89999999999999, 83.7, 84.2, 84.8, 84.0, 83.1, 82.6, 82.3]
Acc for task 2 : [0.0, 82.3, 84.0, 83.8, 83.5, 83.2, 82.89999999999999, 82.5, 82.5]
Acc for task 3 : [0.0, 82.0, 84.0, 85.5, 85.2, 84.8, 84.2, 84.0]
Acc for task 4 : [0.0, 80.5, 81.6, 82.1, 82.5, 82.19999999999999, 82.6]
Acc for task 5 : [0.0, 82.3, 84.1, 85.0, 85.1, 85.0]
Acc for task 6 : [0.0, 81.2, 82.3, 83.1, 84.1]
Acc for task 7 : [0.0, 79.5, 80.10000000000001, 80.7]
Acc for task 8 : [0.0, 82.3, 83.1]
Acc for task 9 : [0.0, 88.0]
Accuracy for 10 task(s): 	 [Class-IL]: 42.09 % 	 [Task-IL]: 83.05 %
Accuracy for 1 task(s): 	 [Class-IL]: 87.4 % 	 [Task-IL]: 87.4 %
Accuracy for 2 task(s): 	 [Class-IL]: 63.95 % 	 [Task-IL]: 83.2 %
Accuracy for 3 task(s): 	 [Class-IL]: 57.0 % 	 [Task-IL]: 83.43 %
Accuracy for 4 task(s): 	 [Class-IL]: 52.05 % 	 [Task-IL]: 83.02 %
Accuracy for 5 task(s): 	 [Class-IL]: 50.88 % 	 [Task-IL]: 82.76 %
Accuracy for 6 task(s): 	 [Class-IL]: 48.55 % 	 [Task-IL]: 83.08 %
Accuracy for 7 task(s): 	 [Class-IL]: 47.19 % 	 [Task-IL]: 82.89 %
Accuracy for 8 task(s): 	 [Class-IL]: 44.56 % 	 [Task-IL]: 82.41 %
Accuracy for 9 task(s): 	 [Class-IL]: 42.99 % 	 [Task-IL]: 82.26 %
Accuracy for 10 task(s): 	 [Class-IL]: 42.09 % 	 [Task-IL]: 83.05 %
forget_taskil: 1.64 forget_classil: 14.17 bwt_taskil: 0.39 bwt_classil: -7.11
================================= repeat 5/5 =================================
0 torch.Size([64, 3, 3, 3])
1 torch.Size([64])
2 torch.Size([64])
3 torch.Size([64, 64, 3, 3])
4 torch.Size([64])
5 torch.Size([64])
6 torch.Size([64, 64, 3, 3])
7 torch.Size([64])
8 torch.Size([64])
9 torch.Size([64, 64, 3, 3])
10 torch.Size([64])
11 torch.Size([64])
12 torch.Size([64, 64, 3, 3])
13 torch.Size([64])
14 torch.Size([64])
15 torch.Size([128, 64, 3, 3])
16 torch.Size([128])
17 torch.Size([128])
18 torch.Size([128, 128, 3, 3])
19 torch.Size([128])
20 torch.Size([128])
21 torch.Size([128, 64, 1, 1])
22 torch.Size([128])
23 torch.Size([128])
24 torch.Size([128, 128, 3, 3])
25 torch.Size([128])
26 torch.Size([128])
27 torch.Size([128, 128, 3, 3])
28 torch.Size([128])
29 torch.Size([128])
30 torch.Size([256, 128, 3, 3])
31 torch.Size([256])
32 torch.Size([256])
33 torch.Size([256, 256, 3, 3])
34 torch.Size([256])
35 torch.Size([256])
36 torch.Size([256, 128, 1, 1])
37 torch.Size([256])
38 torch.Size([256])
39 torch.Size([256, 256, 3, 3])
40 torch.Size([256])
41 torch.Size([256])
42 torch.Size([256, 256, 3, 3])
43 torch.Size([256])
44 torch.Size([256])
45 torch.Size([512, 256, 3, 3])
46 torch.Size([512])
47 torch.Size([512])
48 torch.Size([512, 512, 3, 3])
49 torch.Size([512])
50 torch.Size([512])
51 torch.Size([512, 256, 1, 1])
52 torch.Size([512])
53 torch.Size([512])
54 torch.Size([512, 512, 3, 3])
55 torch.Size([512])
56 torch.Size([512])
57 torch.Size([512, 512, 3, 3])
58 torch.Size([512])
59 torch.Size([512])
0 torch.Size([64, 3, 3, 3])
1 torch.Size([64, 64, 3, 3])
2 torch.Size([64, 64, 3, 3])
3 torch.Size([64, 64, 3, 3])
4 torch.Size([64, 64, 3, 3])
5 torch.Size([128, 64, 3, 3])
6 torch.Size([128, 128, 3, 3])
7 torch.Size([128, 64, 1, 1])
8 torch.Size([128, 128, 3, 3])
9 torch.Size([128, 128, 3, 3])
10 torch.Size([256, 128, 3, 3])
11 torch.Size([256, 256, 3, 3])
12 torch.Size([256, 128, 1, 1])
13 torch.Size([256, 256, 3, 3])
14 torch.Size([256, 256, 3, 3])
15 torch.Size([512, 256, 3, 3])
16 torch.Size([512, 512, 3, 3])
17 torch.Size([512, 256, 1, 1])
18 torch.Size([512, 512, 3, 3])
19 torch.Size([512, 512, 3, 3])
Files already downloaded and verified
Files already downloaded and verified
learning classes:  [0, 1, 2, 3, 4, 5, 6, 7, 8, 9]
epoch:0, feat_extract_loss:1.04874, classifier_loss:1.97789
epoch:10, feat_extract_loss:0.31211, classifier_loss:0.77501
epoch:20, feat_extract_loss:0.11711, classifier_loss:0.53408
epoch:30, feat_extract_loss:0.11831, classifier_loss:0.29244
epoch:40, feat_extract_loss:0.10231, classifier_loss:0.11299
epoch:50, feat_extract_loss:0.08872, classifier_loss:0.06826
epoch:60, feat_extract_loss:0.05860, classifier_loss:0.04944
epoch:70, feat_extract_loss:0.04829, classifier_loss:0.01707
epoch:80, feat_extract_loss:0.04139, classifier_loss:0.17942
epoch:90, feat_extract_loss:0.04943, classifier_loss:0.01325
train_time 2874.2894551754 test_time 0.8038265705108643
Acc for task 0 : [0.0, 86.8]
Accuracy for 1 task(s): 	 [Class-IL]: 86.8 % 	 [Task-IL]: 86.8 %
Files already downloaded and verified
Files already downloaded and verified
learning classes:  [10, 11, 12, 13, 14, 15, 16, 17, 18, 19]
epoch:0, feat_extract_loss:0.10899, classifier_loss:1.63069
epoch:10, feat_extract_loss:0.15699, classifier_loss:0.91357
epoch:20, feat_extract_loss:0.10284, classifier_loss:0.33213
epoch:30, feat_extract_loss:0.08897, classifier_loss:0.19604
epoch:40, feat_extract_loss:0.10806, classifier_loss:0.20494
epoch:50, feat_extract_loss:0.04144, classifier_loss:0.49650
epoch:60, feat_extract_loss:0.03848, classifier_loss:1.24336
epoch:70, feat_extract_loss:0.03005, classifier_loss:0.02795
epoch:80, feat_extract_loss:0.03417, classifier_loss:0.44723
epoch:90, feat_extract_loss:0.04276, classifier_loss:0.04341
train_time 2932.224123954773 test_time 1.3503565788269043
Acc for task 0 : [0.0, 86.8, 85.39999999999999]
Acc for task 1 : [0.0, 81.3]
Accuracy for 2 task(s): 	 [Class-IL]: 66.7 % 	 [Task-IL]: 83.35 %
Files already downloaded and verified
Files already downloaded and verified
learning classes:  [20, 21, 22, 23, 24, 25, 26, 27, 28, 29]
epoch:0, feat_extract_loss:0.31140, classifier_loss:1.73056
epoch:10, feat_extract_loss:0.07764, classifier_loss:0.45945
epoch:20, feat_extract_loss:0.05729, classifier_loss:0.32344
epoch:30, feat_extract_loss:0.04138, classifier_loss:0.48492
epoch:40, feat_extract_loss:0.04953, classifier_loss:1.08925
epoch:50, feat_extract_loss:0.03834, classifier_loss:0.81659
epoch:60, feat_extract_loss:0.02772, classifier_loss:0.00443
epoch:70, feat_extract_loss:0.03508, classifier_loss:0.19051
epoch:80, feat_extract_loss:0.02867, classifier_loss:0.77469
epoch:90, feat_extract_loss:0.04375, classifier_loss:0.09633
train_time 2943.34410071373 test_time 1.8853607177734375
Acc for task 0 : [0.0, 86.8, 85.39999999999999, 82.89999999999999]
Acc for task 1 : [0.0, 81.3, 82.69999999999999]
Acc for task 2 : [0.0, 82.1]
Accuracy for 3 task(s): 	 [Class-IL]: 57.8 % 	 [Task-IL]: 82.57 %
Files already downloaded and verified
Files already downloaded and verified
learning classes:  [30, 31, 32, 33, 34, 35, 36, 37, 38, 39]
epoch:0, feat_extract_loss:0.54181, classifier_loss:2.38806
epoch:10, feat_extract_loss:0.17579, classifier_loss:1.07239
epoch:20, feat_extract_loss:0.06401, classifier_loss:0.14909
epoch:30, feat_extract_loss:0.10557, classifier_loss:0.05721
epoch:40, feat_extract_loss:0.05281, classifier_loss:0.52286
epoch:50, feat_extract_loss:0.04448, classifier_loss:0.17478
epoch:60, feat_extract_loss:0.03621, classifier_loss:0.11708
epoch:70, feat_extract_loss:0.05578, classifier_loss:0.23956
epoch:80, feat_extract_loss:0.04563, classifier_loss:0.32709
epoch:90, feat_extract_loss:0.03404, classifier_loss:0.74807
train_time 2896.999485731125 test_time 2.4176714420318604
Acc for task 0 : [0.0, 86.8, 85.39999999999999, 82.89999999999999, 81.89999999999999]
Acc for task 1 : [0.0, 81.3, 82.69999999999999, 81.89999999999999]
Acc for task 2 : [0.0, 82.1, 83.7]
Acc for task 3 : [0.0, 81.2]
Accuracy for 4 task(s): 	 [Class-IL]: 51.85 % 	 [Task-IL]: 82.18 %
Files already downloaded and verified
Files already downloaded and verified
learning classes:  [40, 41, 42, 43, 44, 45, 46, 47, 48, 49]
epoch:0, feat_extract_loss:0.37777, classifier_loss:1.28365
epoch:10, feat_extract_loss:0.07260, classifier_loss:0.54456
epoch:20, feat_extract_loss:0.06304, classifier_loss:0.18067
epoch:30, feat_extract_loss:0.04499, classifier_loss:0.13161
epoch:40, feat_extract_loss:0.04101, classifier_loss:0.65789
epoch:50, feat_extract_loss:0.03372, classifier_loss:1.10903
epoch:60, feat_extract_loss:0.03823, classifier_loss:0.48195
epoch:70, feat_extract_loss:0.02716, classifier_loss:0.09738
epoch:80, feat_extract_loss:0.02820, classifier_loss:0.92448
epoch:90, feat_extract_loss:0.03861, classifier_loss:0.04185
train_time 2960.5829813480377 test_time 2.9873673915863037
Acc for task 0 : [0.0, 86.8, 85.39999999999999, 82.89999999999999, 81.89999999999999, 80.9]
Acc for task 1 : [0.0, 81.3, 82.69999999999999, 81.89999999999999, 82.0]
Acc for task 2 : [0.0, 82.1, 83.7, 83.6]
Acc for task 3 : [0.0, 81.2, 83.3]
Acc for task 4 : [0.0, 82.89999999999999]
Accuracy for 5 task(s): 	 [Class-IL]: 49.5 % 	 [Task-IL]: 82.54 %
Files already downloaded and verified
Files already downloaded and verified
learning classes:  [50, 51, 52, 53, 54, 55, 56, 57, 58, 59]
epoch:0, feat_extract_loss:0.33868, classifier_loss:2.07911
epoch:10, feat_extract_loss:0.06089, classifier_loss:0.76246
epoch:20, feat_extract_loss:0.06880, classifier_loss:0.27860
epoch:30, feat_extract_loss:0.04340, classifier_loss:0.44647
epoch:40, feat_extract_loss:0.03616, classifier_loss:0.85961
epoch:50, feat_extract_loss:0.04195, classifier_loss:0.54512
epoch:60, feat_extract_loss:0.19560, classifier_loss:0.84928
epoch:70, feat_extract_loss:0.05489, classifier_loss:0.06551
epoch:80, feat_extract_loss:0.03145, classifier_loss:0.06253
epoch:90, feat_extract_loss:0.03301, classifier_loss:0.19957
train_time 2951.5844864845276 test_time 3.573746919631958
Acc for task 0 : [0.0, 86.8, 85.39999999999999, 82.89999999999999, 81.89999999999999, 80.9, 80.2]
Acc for task 1 : [0.0, 81.3, 82.69999999999999, 81.89999999999999, 82.0, 82.69999999999999]
Acc for task 2 : [0.0, 82.1, 83.7, 83.6, 83.7]
Acc for task 3 : [0.0, 81.2, 83.3, 85.0]
Acc for task 4 : [0.0, 82.89999999999999, 83.2]
Acc for task 5 : [0.0, 81.5]
Accuracy for 6 task(s): 	 [Class-IL]: 48.03 % 	 [Task-IL]: 82.72 %
Files already downloaded and verified
Files already downloaded and verified
learning classes:  [60, 61, 62, 63, 64, 65, 66, 67, 68, 69]
epoch:0, feat_extract_loss:0.14606, classifier_loss:2.15946
epoch:10, feat_extract_loss:0.03255, classifier_loss:1.69023
epoch:20, feat_extract_loss:0.08960, classifier_loss:1.46469
epoch:30, feat_extract_loss:0.03196, classifier_loss:0.18335
epoch:40, feat_extract_loss:0.03584, classifier_loss:0.29178
epoch:50, feat_extract_loss:0.03405, classifier_loss:0.61307
epoch:60, feat_extract_loss:0.04947, classifier_loss:0.33353
epoch:70, feat_extract_loss:0.03870, classifier_loss:0.53783
epoch:80, feat_extract_loss:0.03671, classifier_loss:0.25261
epoch:90, feat_extract_loss:0.02556, classifier_loss:0.54672
train_time 2927.631135702133 test_time 4.051111698150635
Acc for task 0 : [0.0, 86.8, 85.39999999999999, 82.89999999999999, 81.89999999999999, 80.9, 80.2, 78.8]
Acc for task 1 : [0.0, 81.3, 82.69999999999999, 81.89999999999999, 82.0, 82.69999999999999, 82.19999999999999]
Acc for task 2 : [0.0, 82.1, 83.7, 83.6, 83.7, 83.8]
Acc for task 3 : [0.0, 81.2, 83.3, 85.0, 85.5]
Acc for task 4 : [0.0, 82.89999999999999, 83.2, 84.39999999999999]
Acc for task 5 : [0.0, 81.5, 82.39999999999999]
Acc for task 6 : [0.0, 78.9]
Accuracy for 7 task(s): 	 [Class-IL]: 45.73 % 	 [Task-IL]: 82.29 %
Files already downloaded and verified
Files already downloaded and verified
learning classes:  [70, 71, 72, 73, 74, 75, 76, 77, 78, 79]
epoch:0, feat_extract_loss:0.28453, classifier_loss:1.65938
epoch:10, feat_extract_loss:0.05906, classifier_loss:0.16534
epoch:20, feat_extract_loss:0.05346, classifier_loss:1.16027
epoch:30, feat_extract_loss:0.04363, classifier_loss:0.44426
epoch:40, feat_extract_loss:0.17996, classifier_loss:1.34186
epoch:50, feat_extract_loss:0.06087, classifier_loss:0.19078
epoch:60, feat_extract_loss:0.03447, classifier_loss:0.88715
epoch:70, feat_extract_loss:0.03533, classifier_loss:0.11593
epoch:80, feat_extract_loss:0.04621, classifier_loss:1.02056
epoch:90, feat_extract_loss:0.04319, classifier_loss:0.81417
train_time 2901.716630935669 test_time 4.593151092529297
Acc for task 0 : [0.0, 86.8, 85.39999999999999, 82.89999999999999, 81.89999999999999, 80.9, 80.2, 78.8, 79.0]
Acc for task 1 : [0.0, 81.3, 82.69999999999999, 81.89999999999999, 82.0, 82.69999999999999, 82.19999999999999, 80.80000000000001]
Acc for task 2 : [0.0, 82.1, 83.7, 83.6, 83.7, 83.8, 83.39999999999999]
Acc for task 3 : [0.0, 81.2, 83.3, 85.0, 85.5, 84.8]
Acc for task 4 : [0.0, 82.89999999999999, 83.2, 84.39999999999999, 84.6]
Acc for task 5 : [0.0, 81.5, 82.39999999999999, 84.5]
Acc for task 6 : [0.0, 78.9, 80.5]
Acc for task 7 : [0.0, 80.2]
Accuracy for 8 task(s): 	 [Class-IL]: 43.4 % 	 [Task-IL]: 82.22 %
Files already downloaded and verified
Files already downloaded and verified
learning classes:  [80, 81, 82, 83, 84, 85, 86, 87, 88, 89]
epoch:0, feat_extract_loss:1.01710, classifier_loss:1.80868
epoch:10, feat_extract_loss:0.05707, classifier_loss:0.24863
epoch:20, feat_extract_loss:0.03921, classifier_loss:0.53504
epoch:30, feat_extract_loss:0.02959, classifier_loss:0.55872
epoch:40, feat_extract_loss:0.03363, classifier_loss:1.27127
epoch:50, feat_extract_loss:0.02766, classifier_loss:0.15440
epoch:60, feat_extract_loss:0.03278, classifier_loss:0.17179
epoch:70, feat_extract_loss:0.03147, classifier_loss:0.19951
epoch:80, feat_extract_loss:0.03972, classifier_loss:0.22833
epoch:90, feat_extract_loss:0.03290, classifier_loss:0.33102
train_time 2933.7549121379852 test_time 5.146449565887451
Acc for task 0 : [0.0, 86.8, 85.39999999999999, 82.89999999999999, 81.89999999999999, 80.9, 80.2, 78.8, 79.0, 78.60000000000001]
Acc for task 1 : [0.0, 81.3, 82.69999999999999, 81.89999999999999, 82.0, 82.69999999999999, 82.19999999999999, 80.80000000000001, 79.60000000000001]
Acc for task 2 : [0.0, 82.1, 83.7, 83.6, 83.7, 83.8, 83.39999999999999, 83.1]
Acc for task 3 : [0.0, 81.2, 83.3, 85.0, 85.5, 84.8, 85.2]
Acc for task 4 : [0.0, 82.89999999999999, 83.2, 84.39999999999999, 84.6, 83.89999999999999]
Acc for task 5 : [0.0, 81.5, 82.39999999999999, 84.5, 84.8]
Acc for task 6 : [0.0, 78.9, 80.5, 81.69999999999999]
Acc for task 7 : [0.0, 80.2, 81.2]
Acc for task 8 : [0.0, 81.6]
Accuracy for 9 task(s): 	 [Class-IL]: 42.44 % 	 [Task-IL]: 82.19 %
Files already downloaded and verified
Files already downloaded and verified
learning classes:  [90, 91, 92, 93, 94, 95, 96, 97, 98, 99]
epoch:0, feat_extract_loss:0.48129, classifier_loss:0.80532
epoch:10, feat_extract_loss:0.04091, classifier_loss:0.56761
epoch:20, feat_extract_loss:0.03567, classifier_loss:0.43823
epoch:30, feat_extract_loss:0.03961, classifier_loss:1.40225
epoch:40, feat_extract_loss:0.03237, classifier_loss:0.59725
epoch:50, feat_extract_loss:0.03723, classifier_loss:0.36510
epoch:60, feat_extract_loss:0.02629, classifier_loss:0.03057
epoch:70, feat_extract_loss:0.02991, classifier_loss:1.09522
epoch:80, feat_extract_loss:0.03197, classifier_loss:0.28321
epoch:90, feat_extract_loss:0.04969, classifier_loss:0.15000
train_time 2932.1963534355164 test_time 5.781633615493774
Acc for task 0 : [0.0, 86.8, 85.39999999999999, 82.89999999999999, 81.89999999999999, 80.9, 80.2, 78.8, 79.0, 78.60000000000001, 77.2]
Acc for task 1 : [0.0, 81.3, 82.69999999999999, 81.89999999999999, 82.0, 82.69999999999999, 82.19999999999999, 80.80000000000001, 79.60000000000001, 79.3]
Acc for task 2 : [0.0, 82.1, 83.7, 83.6, 83.7, 83.8, 83.39999999999999, 83.1, 83.0]
Acc for task 3 : [0.0, 81.2, 83.3, 85.0, 85.5, 84.8, 85.2, 85.2]
Acc for task 4 : [0.0, 82.89999999999999, 83.2, 84.39999999999999, 84.6, 83.89999999999999, 84.1]
Acc for task 5 : [0.0, 81.5, 82.39999999999999, 84.5, 84.8, 85.5]
Acc for task 6 : [0.0, 78.9, 80.5, 81.69999999999999, 81.69999999999999]
Acc for task 7 : [0.0, 80.2, 81.2, 81.69999999999999]
Acc for task 8 : [0.0, 81.6, 83.1]
Acc for task 9 : [0.0, 87.3]
Accuracy for 10 task(s): 	 [Class-IL]: 41.36 % 	 [Task-IL]: 82.81 %
Accuracy for 1 task(s): 	 [Class-IL]: 86.8 % 	 [Task-IL]: 86.8 %
Accuracy for 2 task(s): 	 [Class-IL]: 66.7 % 	 [Task-IL]: 83.35 %
Accuracy for 3 task(s): 	 [Class-IL]: 57.8 % 	 [Task-IL]: 82.57 %
Accuracy for 4 task(s): 	 [Class-IL]: 51.85 % 	 [Task-IL]: 82.18 %
Accuracy for 5 task(s): 	 [Class-IL]: 49.5 % 	 [Task-IL]: 82.54 %
Accuracy for 6 task(s): 	 [Class-IL]: 48.03 % 	 [Task-IL]: 82.72 %
Accuracy for 7 task(s): 	 [Class-IL]: 45.73 % 	 [Task-IL]: 82.29 %
Accuracy for 8 task(s): 	 [Class-IL]: 43.4 % 	 [Task-IL]: 82.22 %
Accuracy for 9 task(s): 	 [Class-IL]: 42.44 % 	 [Task-IL]: 82.19 %
Accuracy for 10 task(s): 	 [Class-IL]: 41.36 % 	 [Task-IL]: 82.81 %
forget_taskil: 1.62 forget_classil: 14.69 bwt_taskil: 0.48 bwt_classil: -9.01
ACC for all 5 task(s): 	 [Class-IL]: 42.33$\pm$0.65 	 [Task-IL]: 83.06$\pm$0.15
BWT for all 5 task(s): 	 [Class-IL]: -8.92$\pm$1.08 	 [Task-IL]: 0.56$\pm$0.15

