nohup: 忽略输入
/home/sunwenju/anaconda3/lib/python3.7/site-packages/sklearn/feature_extraction/text.py:17: DeprecationWarning: Using or importing the ABCs from 'collections' instead of from 'collections.abc' is deprecated, and in 3.8 it will stop working
  from collections import Mapping, defaultdict

=================================================================
========================== index eta: 0 ==========================
=================================================================

Namespace(backbone='None', batch_size=1024, class_shuffle=False, classifier='linear', clslr=0.07, dataset='seq-tinyimg', device=device(type='cuda'), eps=1e-08, eps_perturb=0.0001, eta=0, featureNet=None, img_dir='img/', lambd=1e-05, learning_rate=None, lr=0.3, model='acc7fishernlp7', momentum=0, n_epochs=100, nt=None, print_freq=10, repeat=5, root='./data/', scheduler_step=90, seed=None, ssl_leaner='moco', t_c_arr=None, task_shuffle=False, transform='default', validation=False, weight_decay=0)
================================= repeat 1/5 =================================
0 torch.Size([64, 3, 3, 3])
1 torch.Size([64])
2 torch.Size([64])
3 torch.Size([64, 64, 3, 3])
4 torch.Size([64])
5 torch.Size([64])
6 torch.Size([64, 64, 3, 3])
7 torch.Size([64])
8 torch.Size([64])
9 torch.Size([64, 64, 3, 3])
10 torch.Size([64])
11 torch.Size([64])
12 torch.Size([64, 64, 3, 3])
13 torch.Size([64])
14 torch.Size([64])
15 torch.Size([128, 64, 3, 3])
16 torch.Size([128])
17 torch.Size([128])
18 torch.Size([128, 128, 3, 3])
19 torch.Size([128])
20 torch.Size([128])
21 torch.Size([128, 64, 1, 1])
22 torch.Size([128])
23 torch.Size([128])
24 torch.Size([128, 128, 3, 3])
25 torch.Size([128])
26 torch.Size([128])
27 torch.Size([128, 128, 3, 3])
28 torch.Size([128])
29 torch.Size([128])
30 torch.Size([256, 128, 3, 3])
31 torch.Size([256])
32 torch.Size([256])
33 torch.Size([256, 256, 3, 3])
34 torch.Size([256])
35 torch.Size([256])
36 torch.Size([256, 128, 1, 1])
37 torch.Size([256])
38 torch.Size([256])
39 torch.Size([256, 256, 3, 3])
40 torch.Size([256])
41 torch.Size([256])
42 torch.Size([256, 256, 3, 3])
43 torch.Size([256])
44 torch.Size([256])
45 torch.Size([512, 256, 3, 3])
46 torch.Size([512])
47 torch.Size([512])
48 torch.Size([512, 512, 3, 3])
49 torch.Size([512])
50 torch.Size([512])
51 torch.Size([512, 256, 1, 1])
52 torch.Size([512])
53 torch.Size([512])
54 torch.Size([512, 512, 3, 3])
55 torch.Size([512])
56 torch.Size([512])
57 torch.Size([512, 512, 3, 3])
58 torch.Size([512])
59 torch.Size([512])
0 torch.Size([64, 3, 3, 3])
1 torch.Size([64, 64, 3, 3])
2 torch.Size([64, 64, 3, 3])
3 torch.Size([64, 64, 3, 3])
4 torch.Size([64, 64, 3, 3])
5 torch.Size([128, 64, 3, 3])
6 torch.Size([128, 128, 3, 3])
7 torch.Size([128, 64, 1, 1])
8 torch.Size([128, 128, 3, 3])
9 torch.Size([128, 128, 3, 3])
10 torch.Size([256, 128, 3, 3])
11 torch.Size([256, 256, 3, 3])
12 torch.Size([256, 128, 1, 1])
13 torch.Size([256, 256, 3, 3])
14 torch.Size([256, 256, 3, 3])
15 torch.Size([512, 256, 3, 3])
16 torch.Size([512, 512, 3, 3])
17 torch.Size([512, 256, 1, 1])
18 torch.Size([512, 512, 3, 3])
19 torch.Size([512, 512, 3, 3])
Download not needed, files already on disk.
Download not needed, files already on disk.
learning classes:  [0, 1, 2, 3, 4, 5, 6, 7, 8, 9, 10, 11, 12, 13, 14, 15, 16, 17, 18, 19]
epoch:0, feat_extract_loss:3.14119, classifier_loss:3.07212
epoch:10, feat_extract_loss:1.92311, classifier_loss:1.98367
epoch:20, feat_extract_loss:1.22398, classifier_loss:1.15019
epoch:30, feat_extract_loss:0.98208, classifier_loss:0.93843
epoch:40, feat_extract_loss:0.77777, classifier_loss:0.79589
epoch:50, feat_extract_loss:0.52343, classifier_loss:0.44467
epoch:60, feat_extract_loss:0.30306, classifier_loss:0.26273
epoch:70, feat_extract_loss:0.11416, classifier_loss:0.06331
epoch:80, feat_extract_loss:0.17353, classifier_loss:0.11833
epoch:90, feat_extract_loss:0.08144, classifier_loss:0.02680
train_time 4231.60698390007 test_time 0.9965240955352783
Acc for task 0 : [0.0, 73.1]
Accuracy for 1 task(s): 	 [Class-IL]: 73.1 % 	 [Task-IL]: 73.1 %
Download not needed, files already on disk.
Download not needed, files already on disk.
learning classes:  [20, 21, 22, 23, 24, 25, 26, 27, 28, 29, 30, 31, 32, 33, 34, 35, 36, 37, 38, 39]
epoch:0, feat_extract_loss:1.76383, classifier_loss:2.54722
epoch:10, feat_extract_loss:1.07995, classifier_loss:1.06671
epoch:20, feat_extract_loss:0.80119, classifier_loss:0.73972
epoch:30, feat_extract_loss:0.31621, classifier_loss:0.33719
epoch:40, feat_extract_loss:0.13657, classifier_loss:0.17184
epoch:50, feat_extract_loss:0.09159, classifier_loss:0.23503
epoch:60, feat_extract_loss:0.06317, classifier_loss:0.43288
epoch:70, feat_extract_loss:0.05259, classifier_loss:0.59438
epoch:80, feat_extract_loss:0.04838, classifier_loss:0.67010
epoch:90, feat_extract_loss:0.04398, classifier_loss:0.74279
train_time 4232.301152229309 test_time 1.4796688556671143
Acc for task 0 : [0.0, 73.1, 74.3]
Acc for task 1 : [0.0, 59.0]
Accuracy for 2 task(s): 	 [Class-IL]: 54.05 % 	 [Task-IL]: 66.65 %
Download not needed, files already on disk.
Download not needed, files already on disk.
learning classes:  [40, 41, 42, 43, 44, 45, 46, 47, 48, 49, 50, 51, 52, 53, 54, 55, 56, 57, 58, 59]
epoch:0, feat_extract_loss:1.60303, classifier_loss:2.38501
epoch:10, feat_extract_loss:0.72866, classifier_loss:0.73705
epoch:20, feat_extract_loss:0.40219, classifier_loss:0.40109
epoch:30, feat_extract_loss:0.10628, classifier_loss:0.33439
epoch:40, feat_extract_loss:0.06290, classifier_loss:0.60187
epoch:50, feat_extract_loss:0.05166, classifier_loss:0.85900
epoch:60, feat_extract_loss:0.04606, classifier_loss:0.80721
epoch:70, feat_extract_loss:0.04286, classifier_loss:0.83883
epoch:80, feat_extract_loss:0.03962, classifier_loss:0.93336
epoch:90, feat_extract_loss:0.03770, classifier_loss:0.86405
train_time 4242.867504119873 test_time 1.9385991096496582
Acc for task 0 : [0.0, 73.1, 74.3, 73.3]
Acc for task 1 : [0.0, 59.0, 63.5]
Acc for task 2 : [0.0, 62.4]
Accuracy for 3 task(s): 	 [Class-IL]: 46.27 % 	 [Task-IL]: 66.4 %
Download not needed, files already on disk.
Download not needed, files already on disk.
learning classes:  [60, 61, 62, 63, 64, 65, 66, 67, 68, 69, 70, 71, 72, 73, 74, 75, 76, 77, 78, 79]
epoch:0, feat_extract_loss:1.37186, classifier_loss:2.33706
epoch:10, feat_extract_loss:0.68638, classifier_loss:0.57426
epoch:20, feat_extract_loss:0.16612, classifier_loss:0.24070
epoch:30, feat_extract_loss:0.08341, classifier_loss:0.30545
epoch:40, feat_extract_loss:0.05447, classifier_loss:0.71353
epoch:50, feat_extract_loss:0.04692, classifier_loss:0.82598
epoch:60, feat_extract_loss:0.04273, classifier_loss:0.93894
epoch:70, feat_extract_loss:0.03985, classifier_loss:0.88164
epoch:80, feat_extract_loss:0.03760, classifier_loss:0.80817
epoch:90, feat_extract_loss:0.03520, classifier_loss:0.80928
train_time 4232.29328083992 test_time 2.4115829467773438
Acc for task 0 : [0.0, 73.1, 74.3, 73.3, 72.1]
Acc for task 1 : [0.0, 59.0, 63.5, 64.60000000000001]
Acc for task 2 : [0.0, 62.4, 63.9]
Acc for task 3 : [0.0, 66.0]
Accuracy for 4 task(s): 	 [Class-IL]: 43.28 % 	 [Task-IL]: 66.65 %
Download not needed, files already on disk.
Download not needed, files already on disk.
learning classes:  [80, 81, 82, 83, 84, 85, 86, 87, 88, 89, 90, 91, 92, 93, 94, 95, 96, 97, 98, 99]
epoch:0, feat_extract_loss:1.36265, classifier_loss:2.27140
epoch:10, feat_extract_loss:0.64350, classifier_loss:0.65303
epoch:20, feat_extract_loss:0.23267, classifier_loss:0.32423
epoch:30, feat_extract_loss:0.07089, classifier_loss:0.52181
epoch:40, feat_extract_loss:0.05219, classifier_loss:0.77765
epoch:50, feat_extract_loss:0.04555, classifier_loss:0.81996
epoch:60, feat_extract_loss:0.04202, classifier_loss:0.86439
epoch:70, feat_extract_loss:0.03853, classifier_loss:0.87706
epoch:80, feat_extract_loss:0.03620, classifier_loss:0.86942
epoch:90, feat_extract_loss:0.03368, classifier_loss:0.81973
train_time 4234.210369825363 test_time 2.8553969860076904
Acc for task 0 : [0.0, 73.1, 74.3, 73.3, 72.1, 70.7]
Acc for task 1 : [0.0, 59.0, 63.5, 64.60000000000001, 64.60000000000001]
Acc for task 2 : [0.0, 62.4, 63.9, 64.8]
Acc for task 3 : [0.0, 66.0, 68.60000000000001]
Acc for task 4 : [0.0, 68.0]
Accuracy for 5 task(s): 	 [Class-IL]: 39.32 % 	 [Task-IL]: 67.34 %
Download not needed, files already on disk.
Download not needed, files already on disk.
learning classes:  [100, 101, 102, 103, 104, 105, 106, 107, 108, 109, 110, 111, 112, 113, 114, 115, 116, 117, 118, 119]
epoch:0, feat_extract_loss:1.40478, classifier_loss:2.35970
epoch:10, feat_extract_loss:0.53509, classifier_loss:0.58582
epoch:20, feat_extract_loss:0.28745, classifier_loss:0.32626
epoch:30, feat_extract_loss:0.06920, classifier_loss:0.83159
epoch:40, feat_extract_loss:0.05181, classifier_loss:1.00883
epoch:50, feat_extract_loss:0.04632, classifier_loss:0.97568
epoch:60, feat_extract_loss:0.04032, classifier_loss:0.98709
epoch:70, feat_extract_loss:0.03747, classifier_loss:0.94704
epoch:80, feat_extract_loss:0.03594, classifier_loss:0.96151
epoch:90, feat_extract_loss:0.03387, classifier_loss:0.85745
train_time 4232.080718994141 test_time 3.320748805999756
Acc for task 0 : [0.0, 73.1, 74.3, 73.3, 72.1, 70.7, 69.3]
Acc for task 1 : [0.0, 59.0, 63.5, 64.60000000000001, 64.60000000000001, 63.4]
Acc for task 2 : [0.0, 62.4, 63.9, 64.8, 65.9]
Acc for task 3 : [0.0, 66.0, 68.60000000000001, 70.19999999999999]
Acc for task 4 : [0.0, 68.0, 70.39999999999999]
Acc for task 5 : [0.0, 64.5]
Accuracy for 6 task(s): 	 [Class-IL]: 36.43 % 	 [Task-IL]: 67.28 %
Download not needed, files already on disk.
Download not needed, files already on disk.
learning classes:  [120, 121, 122, 123, 124, 125, 126, 127, 128, 129, 130, 131, 132, 133, 134, 135, 136, 137, 138, 139]
epoch:0, feat_extract_loss:1.35523, classifier_loss:2.36665
epoch:10, feat_extract_loss:0.52976, classifier_loss:0.59095
epoch:20, feat_extract_loss:0.78269, classifier_loss:0.56836
epoch:30, feat_extract_loss:0.05927, classifier_loss:0.91676
epoch:40, feat_extract_loss:0.04811, classifier_loss:0.87532
epoch:50, feat_extract_loss:0.04218, classifier_loss:1.01378
epoch:60, feat_extract_loss:0.03794, classifier_loss:0.95508
epoch:70, feat_extract_loss:0.03635, classifier_loss:0.94264
epoch:80, feat_extract_loss:0.03367, classifier_loss:0.92625
epoch:90, feat_extract_loss:0.03181, classifier_loss:0.95764
train_time 4228.749286174774 test_time 3.7696471214294434
Acc for task 0 : [0.0, 73.1, 74.3, 73.3, 72.1, 70.7, 69.3, 68.0]
Acc for task 1 : [0.0, 59.0, 63.5, 64.60000000000001, 64.60000000000001, 63.4, 62.2]
Acc for task 2 : [0.0, 62.4, 63.9, 64.8, 65.9, 66.9]
Acc for task 3 : [0.0, 66.0, 68.60000000000001, 70.19999999999999, 71.2]
Acc for task 4 : [0.0, 68.0, 70.39999999999999, 71.5]
Acc for task 5 : [0.0, 64.5, 67.2]
Acc for task 6 : [0.0, 67.30000000000001]
Accuracy for 7 task(s): 	 [Class-IL]: 34.31 % 	 [Task-IL]: 67.76 %
Download not needed, files already on disk.
Download not needed, files already on disk.
learning classes:  [140, 141, 142, 143, 144, 145, 146, 147, 148, 149, 150, 151, 152, 153, 154, 155, 156, 157, 158, 159]
epoch:0, feat_extract_loss:1.36343, classifier_loss:2.33914
epoch:10, feat_extract_loss:0.58112, classifier_loss:0.66312
epoch:20, feat_extract_loss:0.09989, classifier_loss:0.66443
epoch:30, feat_extract_loss:0.05442, classifier_loss:0.98378
epoch:40, feat_extract_loss:0.04502, classifier_loss:1.01374
epoch:50, feat_extract_loss:0.04117, classifier_loss:0.95554
epoch:60, feat_extract_loss:0.03641, classifier_loss:0.97753
epoch:70, feat_extract_loss:0.03434, classifier_loss:1.04121
epoch:80, feat_extract_loss:0.03243, classifier_loss:0.92708
epoch:90, feat_extract_loss:0.03128, classifier_loss:0.92480
train_time 4232.990701675415 test_time 4.266057968139648
Acc for task 0 : [0.0, 73.1, 74.3, 73.3, 72.1, 70.7, 69.3, 68.0, 65.60000000000001]
Acc for task 1 : [0.0, 59.0, 63.5, 64.60000000000001, 64.60000000000001, 63.4, 62.2, 61.1]
Acc for task 2 : [0.0, 62.4, 63.9, 64.8, 65.9, 66.9, 67.0]
Acc for task 3 : [0.0, 66.0, 68.60000000000001, 70.19999999999999, 71.2, 72.1]
Acc for task 4 : [0.0, 68.0, 70.39999999999999, 71.5, 71.1]
Acc for task 5 : [0.0, 64.5, 67.2, 67.9]
Acc for task 6 : [0.0, 67.30000000000001, 68.5]
Acc for task 7 : [0.0, 64.7]
Accuracy for 8 task(s): 	 [Class-IL]: 31.98 % 	 [Task-IL]: 67.25 %
Download not needed, files already on disk.
Download not needed, files already on disk.
learning classes:  [160, 161, 162, 163, 164, 165, 166, 167, 168, 169, 170, 171, 172, 173, 174, 175, 176, 177, 178, 179]
epoch:0, feat_extract_loss:1.48567, classifier_loss:2.41792
epoch:10, feat_extract_loss:0.69790, classifier_loss:0.69048
epoch:20, feat_extract_loss:0.11371, classifier_loss:0.54801
epoch:30, feat_extract_loss:0.05647, classifier_loss:1.14945
epoch:40, feat_extract_loss:0.04511, classifier_loss:1.09992
epoch:50, feat_extract_loss:0.04055, classifier_loss:1.10022
epoch:60, feat_extract_loss:0.03734, classifier_loss:1.10448
epoch:70, feat_extract_loss:0.03483, classifier_loss:1.10542
epoch:80, feat_extract_loss:0.03309, classifier_loss:1.13135
epoch:90, feat_extract_loss:0.03146, classifier_loss:1.05129
train_time 4236.685785770416 test_time 4.734290838241577
Acc for task 0 : [0.0, 73.1, 74.3, 73.3, 72.1, 70.7, 69.3, 68.0, 65.60000000000001, 63.4]
Acc for task 1 : [0.0, 59.0, 63.5, 64.60000000000001, 64.60000000000001, 63.4, 62.2, 61.1, 59.5]
Acc for task 2 : [0.0, 62.4, 63.9, 64.8, 65.9, 66.9, 67.0, 66.4]
Acc for task 3 : [0.0, 66.0, 68.60000000000001, 70.19999999999999, 71.2, 72.1, 72.3]
Acc for task 4 : [0.0, 68.0, 70.39999999999999, 71.5, 71.1, 72.1]
Acc for task 5 : [0.0, 64.5, 67.2, 67.9, 68.5]
Acc for task 6 : [0.0, 67.30000000000001, 68.5, 69.19999999999999]
Acc for task 7 : [0.0, 64.7, 66.2]
Acc for task 8 : [0.0, 59.8]
Accuracy for 9 task(s): 	 [Class-IL]: 29.8 % 	 [Task-IL]: 66.38 %
Download not needed, files already on disk.
Download not needed, files already on disk.
learning classes:  [180, 181, 182, 183, 184, 185, 186, 187, 188, 189, 190, 191, 192, 193, 194, 195, 196, 197, 198, 199]
epoch:0, feat_extract_loss:1.33530, classifier_loss:2.24435
epoch:10, feat_extract_loss:0.43492, classifier_loss:0.58467
epoch:20, feat_extract_loss:0.08236, classifier_loss:0.73135
epoch:30, feat_extract_loss:0.04978, classifier_loss:0.86587
epoch:40, feat_extract_loss:0.04260, classifier_loss:0.86365
epoch:50, feat_extract_loss:0.03786, classifier_loss:0.85941
epoch:60, feat_extract_loss:0.03660, classifier_loss:0.87693
epoch:70, feat_extract_loss:0.03378, classifier_loss:0.85842
epoch:80, feat_extract_loss:0.03136, classifier_loss:0.80112
epoch:90, feat_extract_loss:0.02962, classifier_loss:0.82901
train_time 4242.021677732468 test_time 5.206984996795654
Acc for task 0 : [0.0, 73.1, 74.3, 73.3, 72.1, 70.7, 69.3, 68.0, 65.60000000000001, 63.4, 61.1]
Acc for task 1 : [0.0, 59.0, 63.5, 64.60000000000001, 64.60000000000001, 63.4, 62.2, 61.1, 59.5, 59.8]
Acc for task 2 : [0.0, 62.4, 63.9, 64.8, 65.9, 66.9, 67.0, 66.4, 66.2]
Acc for task 3 : [0.0, 66.0, 68.60000000000001, 70.19999999999999, 71.2, 72.1, 72.3, 72.7]
Acc for task 4 : [0.0, 68.0, 70.39999999999999, 71.5, 71.1, 72.1, 71.5]
Acc for task 5 : [0.0, 64.5, 67.2, 67.9, 68.5, 68.8]
Acc for task 6 : [0.0, 67.30000000000001, 68.5, 69.19999999999999, 69.0]
Acc for task 7 : [0.0, 64.7, 66.2, 66.8]
Acc for task 8 : [0.0, 59.8, 61.0]
Acc for task 9 : [0.0, 68.0]
Accuracy for 10 task(s): 	 [Class-IL]: 28.68 % 	 [Task-IL]: 66.49 %
Accuracy for 1 task(s): 	 [Class-IL]: 73.1 % 	 [Task-IL]: 73.1 %
Accuracy for 2 task(s): 	 [Class-IL]: 54.05 % 	 [Task-IL]: 66.65 %
Accuracy for 3 task(s): 	 [Class-IL]: 46.27 % 	 [Task-IL]: 66.4 %
Accuracy for 4 task(s): 	 [Class-IL]: 43.28 % 	 [Task-IL]: 66.65 %
Accuracy for 5 task(s): 	 [Class-IL]: 39.32 % 	 [Task-IL]: 67.34 %
Accuracy for 6 task(s): 	 [Class-IL]: 36.43 % 	 [Task-IL]: 67.28 %
Accuracy for 7 task(s): 	 [Class-IL]: 34.31 % 	 [Task-IL]: 67.76 %
Accuracy for 8 task(s): 	 [Class-IL]: 31.98 % 	 [Task-IL]: 67.25 %
Accuracy for 9 task(s): 	 [Class-IL]: 29.8 % 	 [Task-IL]: 66.38 %
Accuracy for 10 task(s): 	 [Class-IL]: 28.68 % 	 [Task-IL]: 66.49 %
forget_taskil: 2.18 forget_classil: 9.89 bwt_taskil: 1.34 bwt_classil: -1.16
================================= repeat 2/5 =================================
0 torch.Size([64, 3, 3, 3])
1 torch.Size([64])
2 torch.Size([64])
3 torch.Size([64, 64, 3, 3])
4 torch.Size([64])
5 torch.Size([64])
6 torch.Size([64, 64, 3, 3])
7 torch.Size([64])
8 torch.Size([64])
9 torch.Size([64, 64, 3, 3])
10 torch.Size([64])
11 torch.Size([64])
12 torch.Size([64, 64, 3, 3])
13 torch.Size([64])
14 torch.Size([64])
15 torch.Size([128, 64, 3, 3])
16 torch.Size([128])
17 torch.Size([128])
18 torch.Size([128, 128, 3, 3])
19 torch.Size([128])
20 torch.Size([128])
21 torch.Size([128, 64, 1, 1])
22 torch.Size([128])
23 torch.Size([128])
24 torch.Size([128, 128, 3, 3])
25 torch.Size([128])
26 torch.Size([128])
27 torch.Size([128, 128, 3, 3])
28 torch.Size([128])
29 torch.Size([128])
30 torch.Size([256, 128, 3, 3])
31 torch.Size([256])
32 torch.Size([256])
33 torch.Size([256, 256, 3, 3])
34 torch.Size([256])
35 torch.Size([256])
36 torch.Size([256, 128, 1, 1])
37 torch.Size([256])
38 torch.Size([256])
39 torch.Size([256, 256, 3, 3])
40 torch.Size([256])
41 torch.Size([256])
42 torch.Size([256, 256, 3, 3])
43 torch.Size([256])
44 torch.Size([256])
45 torch.Size([512, 256, 3, 3])
46 torch.Size([512])
47 torch.Size([512])
48 torch.Size([512, 512, 3, 3])
49 torch.Size([512])
50 torch.Size([512])
51 torch.Size([512, 256, 1, 1])
52 torch.Size([512])
53 torch.Size([512])
54 torch.Size([512, 512, 3, 3])
55 torch.Size([512])
56 torch.Size([512])
57 torch.Size([512, 512, 3, 3])
58 torch.Size([512])
59 torch.Size([512])
0 torch.Size([64, 3, 3, 3])
1 torch.Size([64, 64, 3, 3])
2 torch.Size([64, 64, 3, 3])
3 torch.Size([64, 64, 3, 3])
4 torch.Size([64, 64, 3, 3])
5 torch.Size([128, 64, 3, 3])
6 torch.Size([128, 128, 3, 3])
7 torch.Size([128, 64, 1, 1])
8 torch.Size([128, 128, 3, 3])
9 torch.Size([128, 128, 3, 3])
10 torch.Size([256, 128, 3, 3])
11 torch.Size([256, 256, 3, 3])
12 torch.Size([256, 128, 1, 1])
13 torch.Size([256, 256, 3, 3])
14 torch.Size([256, 256, 3, 3])
15 torch.Size([512, 256, 3, 3])
16 torch.Size([512, 512, 3, 3])
17 torch.Size([512, 256, 1, 1])
18 torch.Size([512, 512, 3, 3])
19 torch.Size([512, 512, 3, 3])
Download not needed, files already on disk.
Download not needed, files already on disk.
learning classes:  [0, 1, 2, 3, 4, 5, 6, 7, 8, 9, 10, 11, 12, 13, 14, 15, 16, 17, 18, 19]
epoch:0, feat_extract_loss:3.09588, classifier_loss:2.96506
epoch:10, feat_extract_loss:1.71716, classifier_loss:1.64195
epoch:20, feat_extract_loss:1.16575, classifier_loss:1.16442
epoch:30, feat_extract_loss:0.94992, classifier_loss:0.86654
epoch:40, feat_extract_loss:0.70588, classifier_loss:0.68774
epoch:50, feat_extract_loss:0.43528, classifier_loss:0.37442
epoch:60, feat_extract_loss:0.63107, classifier_loss:0.49141
epoch:70, feat_extract_loss:0.11092, classifier_loss:0.05260
epoch:80, feat_extract_loss:0.20848, classifier_loss:0.15301
epoch:90, feat_extract_loss:0.08202, classifier_loss:0.02729
train_time 4237.584197998047 test_time 0.9954829216003418
Acc for task 0 : [0.0, 72.5]
Accuracy for 1 task(s): 	 [Class-IL]: 72.5 % 	 [Task-IL]: 72.5 %
Download not needed, files already on disk.
Download not needed, files already on disk.
learning classes:  [20, 21, 22, 23, 24, 25, 26, 27, 28, 29, 30, 31, 32, 33, 34, 35, 36, 37, 38, 39]
epoch:0, feat_extract_loss:1.80290, classifier_loss:2.51096
epoch:10, feat_extract_loss:1.03438, classifier_loss:0.99225
epoch:20, feat_extract_loss:0.62545, classifier_loss:0.59741
epoch:30, feat_extract_loss:0.44392, classifier_loss:0.38924
epoch:40, feat_extract_loss:1.29051, classifier_loss:1.52207
epoch:50, feat_extract_loss:0.09193, classifier_loss:0.19596
epoch:60, feat_extract_loss:0.06558, classifier_loss:0.21880
epoch:70, feat_extract_loss:0.05328, classifier_loss:0.57034
epoch:80, feat_extract_loss:0.04780, classifier_loss:0.64791
epoch:90, feat_extract_loss:0.04418, classifier_loss:0.77144
train_time 4236.677936553955 test_time 1.4558141231536865
Acc for task 0 : [0.0, 72.5, 72.7]
Acc for task 1 : [0.0, 59.599999999999994]
Accuracy for 2 task(s): 	 [Class-IL]: 54.0 % 	 [Task-IL]: 66.15 %
Download not needed, files already on disk.
Download not needed, files already on disk.
learning classes:  [40, 41, 42, 43, 44, 45, 46, 47, 48, 49, 50, 51, 52, 53, 54, 55, 56, 57, 58, 59]
epoch:0, feat_extract_loss:1.51808, classifier_loss:2.38169
epoch:10, feat_extract_loss:0.76732, classifier_loss:0.67487
epoch:20, feat_extract_loss:0.38018, classifier_loss:0.37261
epoch:30, feat_extract_loss:0.09056, classifier_loss:0.35337
epoch:40, feat_extract_loss:0.06126, classifier_loss:0.70254
epoch:50, feat_extract_loss:0.05113, classifier_loss:0.79406
epoch:60, feat_extract_loss:0.04619, classifier_loss:0.82163
epoch:70, feat_extract_loss:0.04271, classifier_loss:0.88172
epoch:80, feat_extract_loss:0.04008, classifier_loss:0.93585
epoch:90, feat_extract_loss:0.03834, classifier_loss:0.93525
train_time 4236.594125986099 test_time 1.921483039855957
Acc for task 0 : [0.0, 72.5, 72.7, 72.0]
Acc for task 1 : [0.0, 59.599999999999994, 63.9]
Acc for task 2 : [0.0, 62.2]
Accuracy for 3 task(s): 	 [Class-IL]: 47.4 % 	 [Task-IL]: 66.03 %
Download not needed, files already on disk.
Download not needed, files already on disk.
learning classes:  [60, 61, 62, 63, 64, 65, 66, 67, 68, 69, 70, 71, 72, 73, 74, 75, 76, 77, 78, 79]
epoch:0, feat_extract_loss:1.41703, classifier_loss:2.35835
epoch:10, feat_extract_loss:0.69279, classifier_loss:0.66182
epoch:20, feat_extract_loss:0.47463, classifier_loss:0.46594
epoch:30, feat_extract_loss:0.07003, classifier_loss:0.56273
epoch:40, feat_extract_loss:0.05362, classifier_loss:0.73185
epoch:50, feat_extract_loss:0.04558, classifier_loss:0.76728
epoch:60, feat_extract_loss:0.04181, classifier_loss:0.78128
epoch:70, feat_extract_loss:0.03883, classifier_loss:0.86418
epoch:80, feat_extract_loss:0.03658, classifier_loss:0.77422
epoch:90, feat_extract_loss:0.03466, classifier_loss:0.82111
train_time 4239.8608045578 test_time 2.373133659362793
Acc for task 0 : [0.0, 72.5, 72.7, 72.0, 69.89999999999999]
Acc for task 1 : [0.0, 59.599999999999994, 63.9, 65.60000000000001]
Acc for task 2 : [0.0, 62.2, 65.10000000000001]
Acc for task 3 : [0.0, 63.800000000000004]
Accuracy for 4 task(s): 	 [Class-IL]: 43.18 % 	 [Task-IL]: 66.1 %
Download not needed, files already on disk.
Download not needed, files already on disk.
learning classes:  [80, 81, 82, 83, 84, 85, 86, 87, 88, 89, 90, 91, 92, 93, 94, 95, 96, 97, 98, 99]
epoch:0, feat_extract_loss:1.50824, classifier_loss:2.20722
epoch:10, feat_extract_loss:0.58642, classifier_loss:0.56666
epoch:20, feat_extract_loss:0.15993, classifier_loss:0.28526
epoch:30, feat_extract_loss:0.06411, classifier_loss:0.53498
epoch:40, feat_extract_loss:0.05192, classifier_loss:0.82324
epoch:50, feat_extract_loss:0.04550, classifier_loss:0.83620
epoch:60, feat_extract_loss:0.04068, classifier_loss:0.77192
epoch:70, feat_extract_loss:0.03852, classifier_loss:0.87362
epoch:80, feat_extract_loss:0.03613, classifier_loss:0.83310
epoch:90, feat_extract_loss:0.03407, classifier_loss:0.88972
train_time 4237.298525571823 test_time 2.863966941833496
Acc for task 0 : [0.0, 72.5, 72.7, 72.0, 69.89999999999999, 68.10000000000001]
Acc for task 1 : [0.0, 59.599999999999994, 63.9, 65.60000000000001, 64.8]
Acc for task 2 : [0.0, 62.2, 65.10000000000001, 67.4]
Acc for task 3 : [0.0, 63.800000000000004, 65.7]
Acc for task 4 : [0.0, 67.60000000000001]
Accuracy for 5 task(s): 	 [Class-IL]: 39.38 % 	 [Task-IL]: 66.72 %
Download not needed, files already on disk.
Download not needed, files already on disk.
learning classes:  [100, 101, 102, 103, 104, 105, 106, 107, 108, 109, 110, 111, 112, 113, 114, 115, 116, 117, 118, 119]
epoch:0, feat_extract_loss:1.48615, classifier_loss:2.33568
epoch:10, feat_extract_loss:0.69046, classifier_loss:0.70899
epoch:20, feat_extract_loss:0.15902, classifier_loss:0.35337
epoch:30, feat_extract_loss:0.06413, classifier_loss:0.75364
epoch:40, feat_extract_loss:0.06886, classifier_loss:0.68470
epoch:50, feat_extract_loss:0.05035, classifier_loss:0.94162
epoch:60, feat_extract_loss:0.04387, classifier_loss:0.90265
epoch:70, feat_extract_loss:0.04092, classifier_loss:0.96923
epoch:80, feat_extract_loss:0.03721, classifier_loss:0.91827
epoch:90, feat_extract_loss:0.03549, classifier_loss:1.01320
train_time 4230.849956989288 test_time 3.31551194190979
Acc for task 0 : [0.0, 72.5, 72.7, 72.0, 69.89999999999999, 68.10000000000001, 66.9]
Acc for task 1 : [0.0, 59.599999999999994, 63.9, 65.60000000000001, 64.8, 63.0]
Acc for task 2 : [0.0, 62.2, 65.10000000000001, 67.4, 68.4]
Acc for task 3 : [0.0, 63.800000000000004, 65.7, 67.80000000000001]
Acc for task 4 : [0.0, 67.60000000000001, 68.7]
Acc for task 5 : [0.0, 65.4]
Accuracy for 6 task(s): 	 [Class-IL]: 36.67 % 	 [Task-IL]: 66.7 %
Download not needed, files already on disk.
Download not needed, files already on disk.
learning classes:  [120, 121, 122, 123, 124, 125, 126, 127, 128, 129, 130, 131, 132, 133, 134, 135, 136, 137, 138, 139]
epoch:0, feat_extract_loss:1.37774, classifier_loss:2.32022
epoch:10, feat_extract_loss:0.41177, classifier_loss:0.52606
epoch:20, feat_extract_loss:0.10505, classifier_loss:0.55542
epoch:30, feat_extract_loss:0.05889, classifier_loss:0.85742
epoch:40, feat_extract_loss:0.04779, classifier_loss:0.88342
epoch:50, feat_extract_loss:0.04290, classifier_loss:0.97987
epoch:60, feat_extract_loss:0.03875, classifier_loss:0.99203
epoch:70, feat_extract_loss:0.03587, classifier_loss:0.95327
epoch:80, feat_extract_loss:0.03429, classifier_loss:0.89486
epoch:90, feat_extract_loss:0.03230, classifier_loss:0.90006
train_time 4232.738653421402 test_time 3.852997064590454
Acc for task 0 : [0.0, 72.5, 72.7, 72.0, 69.89999999999999, 68.10000000000001, 66.9, 65.0]
Acc for task 1 : [0.0, 59.599999999999994, 63.9, 65.60000000000001, 64.8, 63.0, 62.5]
Acc for task 2 : [0.0, 62.2, 65.10000000000001, 67.4, 68.4, 68.89999999999999]
Acc for task 3 : [0.0, 63.800000000000004, 65.7, 67.80000000000001, 70.0]
Acc for task 4 : [0.0, 67.60000000000001, 68.7, 70.19999999999999]
Acc for task 5 : [0.0, 65.4, 67.0]
Acc for task 6 : [0.0, 64.1]
Accuracy for 7 task(s): 	 [Class-IL]: 33.99 % 	 [Task-IL]: 66.81 %
Download not needed, files already on disk.
Download not needed, files already on disk.
learning classes:  [140, 141, 142, 143, 144, 145, 146, 147, 148, 149, 150, 151, 152, 153, 154, 155, 156, 157, 158, 159]
epoch:0, feat_extract_loss:1.37327, classifier_loss:2.34958
epoch:10, feat_extract_loss:0.46561, classifier_loss:0.53434
epoch:20, feat_extract_loss:0.09522, classifier_loss:0.52678
epoch:30, feat_extract_loss:0.05645, classifier_loss:0.93814
epoch:40, feat_extract_loss:0.04543, classifier_loss:0.94919
epoch:50, feat_extract_loss:0.04219, classifier_loss:0.99143
epoch:60, feat_extract_loss:0.03838, classifier_loss:0.98376
epoch:70, feat_extract_loss:0.03521, classifier_loss:0.92035
epoch:80, feat_extract_loss:0.03352, classifier_loss:0.97288
epoch:90, feat_extract_loss:0.03181, classifier_loss:0.93813
train_time 4232.436230421066 test_time 4.259848594665527
Acc for task 0 : [0.0, 72.5, 72.7, 72.0, 69.89999999999999, 68.10000000000001, 66.9, 65.0, 62.3]
Acc for task 1 : [0.0, 59.599999999999994, 63.9, 65.60000000000001, 64.8, 63.0, 62.5, 62.6]
Acc for task 2 : [0.0, 62.2, 65.10000000000001, 67.4, 68.4, 68.89999999999999, 68.60000000000001]
Acc for task 3 : [0.0, 63.800000000000004, 65.7, 67.80000000000001, 70.0, 69.5]
Acc for task 4 : [0.0, 67.60000000000001, 68.7, 70.19999999999999, 70.7]
Acc for task 5 : [0.0, 65.4, 67.0, 68.5]
Acc for task 6 : [0.0, 64.1, 66.7]
Acc for task 7 : [0.0, 64.5]
Accuracy for 8 task(s): 	 [Class-IL]: 31.85 % 	 [Task-IL]: 66.68 %
Download not needed, files already on disk.
Download not needed, files already on disk.
learning classes:  [160, 161, 162, 163, 164, 165, 166, 167, 168, 169, 170, 171, 172, 173, 174, 175, 176, 177, 178, 179]
epoch:0, feat_extract_loss:1.57818, classifier_loss:2.44217
epoch:10, feat_extract_loss:0.62898, classifier_loss:0.75365
epoch:20, feat_extract_loss:0.22837, classifier_loss:0.30266
epoch:30, feat_extract_loss:0.06246, classifier_loss:1.00727
epoch:40, feat_extract_loss:0.04738, classifier_loss:1.03498
epoch:50, feat_extract_loss:0.04243, classifier_loss:1.11478
epoch:60, feat_extract_loss:0.03922, classifier_loss:1.16300
epoch:70, feat_extract_loss:0.03590, classifier_loss:1.13654
epoch:80, feat_extract_loss:0.03360, classifier_loss:1.08844
epoch:90, feat_extract_loss:0.03233, classifier_loss:1.08224
train_time 4233.885251283646 test_time 4.727858066558838
Acc for task 0 : [0.0, 72.5, 72.7, 72.0, 69.89999999999999, 68.10000000000001, 66.9, 65.0, 62.3, 60.099999999999994]
Acc for task 1 : [0.0, 59.599999999999994, 63.9, 65.60000000000001, 64.8, 63.0, 62.5, 62.6, 60.4]
Acc for task 2 : [0.0, 62.2, 65.10000000000001, 67.4, 68.4, 68.89999999999999, 68.60000000000001, 70.1]
Acc for task 3 : [0.0, 63.800000000000004, 65.7, 67.80000000000001, 70.0, 69.5, 69.69999999999999]
Acc for task 4 : [0.0, 67.60000000000001, 68.7, 70.19999999999999, 70.7, 71.2]
Acc for task 5 : [0.0, 65.4, 67.0, 68.5, 68.89999999999999]
Acc for task 6 : [0.0, 64.1, 66.7, 68.2]
Acc for task 7 : [0.0, 64.5, 66.0]
Acc for task 8 : [0.0, 60.0]
Accuracy for 9 task(s): 	 [Class-IL]: 29.71 % 	 [Task-IL]: 66.07 %
Download not needed, files already on disk.
Download not needed, files already on disk.
learning classes:  [180, 181, 182, 183, 184, 185, 186, 187, 188, 189, 190, 191, 192, 193, 194, 195, 196, 197, 198, 199]
epoch:0, feat_extract_loss:1.32831, classifier_loss:2.13911
epoch:10, feat_extract_loss:0.35944, classifier_loss:0.52968
epoch:20, feat_extract_loss:0.07519, classifier_loss:0.72237
epoch:30, feat_extract_loss:0.05104, classifier_loss:0.85668
epoch:40, feat_extract_loss:0.04271, classifier_loss:0.90587
epoch:50, feat_extract_loss:0.03783, classifier_loss:0.83553
epoch:60, feat_extract_loss:0.03553, classifier_loss:0.90750
epoch:70, feat_extract_loss:0.03350, classifier_loss:0.78875
epoch:80, feat_extract_loss:0.03162, classifier_loss:0.85566
epoch:90, feat_extract_loss:0.03022, classifier_loss:0.86272
train_time 4233.794364452362 test_time 5.176624536514282
Acc for task 0 : [0.0, 72.5, 72.7, 72.0, 69.89999999999999, 68.10000000000001, 66.9, 65.0, 62.3, 60.099999999999994, 57.599999999999994]
Acc for task 1 : [0.0, 59.599999999999994, 63.9, 65.60000000000001, 64.8, 63.0, 62.5, 62.6, 60.4, 58.699999999999996]
Acc for task 2 : [0.0, 62.2, 65.10000000000001, 67.4, 68.4, 68.89999999999999, 68.60000000000001, 70.1, 69.6]
Acc for task 3 : [0.0, 63.800000000000004, 65.7, 67.80000000000001, 70.0, 69.5, 69.69999999999999, 69.6]
Acc for task 4 : [0.0, 67.60000000000001, 68.7, 70.19999999999999, 70.7, 71.2, 70.39999999999999]
Acc for task 5 : [0.0, 65.4, 67.0, 68.5, 68.89999999999999, 69.8]
Acc for task 6 : [0.0, 64.1, 66.7, 68.2, 69.3]
Acc for task 7 : [0.0, 64.5, 66.0, 66.7]
Acc for task 8 : [0.0, 60.0, 60.4]
Acc for task 9 : [0.0, 69.1]
Accuracy for 10 task(s): 	 [Class-IL]: 28.42 % 	 [Task-IL]: 66.12 %
Accuracy for 1 task(s): 	 [Class-IL]: 72.5 % 	 [Task-IL]: 72.5 %
Accuracy for 2 task(s): 	 [Class-IL]: 54.0 % 	 [Task-IL]: 66.15 %
Accuracy for 3 task(s): 	 [Class-IL]: 47.4 % 	 [Task-IL]: 66.03 %
Accuracy for 4 task(s): 	 [Class-IL]: 43.18 % 	 [Task-IL]: 66.1 %
Accuracy for 5 task(s): 	 [Class-IL]: 39.38 % 	 [Task-IL]: 66.72 %
Accuracy for 6 task(s): 	 [Class-IL]: 36.67 % 	 [Task-IL]: 66.7 %
Accuracy for 7 task(s): 	 [Class-IL]: 33.99 % 	 [Task-IL]: 66.81 %
Accuracy for 8 task(s): 	 [Class-IL]: 31.85 % 	 [Task-IL]: 66.68 %
Accuracy for 9 task(s): 	 [Class-IL]: 29.71 % 	 [Task-IL]: 66.07 %
Accuracy for 10 task(s): 	 [Class-IL]: 28.42 % 	 [Task-IL]: 66.12 %
forget_taskil: 2.63 forget_classil: 10.6 bwt_taskil: 1.38 bwt_classil: -2.43
================================= repeat 3/5 =================================
0 torch.Size([64, 3, 3, 3])
1 torch.Size([64])
2 torch.Size([64])
3 torch.Size([64, 64, 3, 3])
4 torch.Size([64])
5 torch.Size([64])
6 torch.Size([64, 64, 3, 3])
7 torch.Size([64])
8 torch.Size([64])
9 torch.Size([64, 64, 3, 3])
10 torch.Size([64])
11 torch.Size([64])
12 torch.Size([64, 64, 3, 3])
13 torch.Size([64])
14 torch.Size([64])
15 torch.Size([128, 64, 3, 3])
16 torch.Size([128])
17 torch.Size([128])
18 torch.Size([128, 128, 3, 3])
19 torch.Size([128])
20 torch.Size([128])
21 torch.Size([128, 64, 1, 1])
22 torch.Size([128])
23 torch.Size([128])
24 torch.Size([128, 128, 3, 3])
25 torch.Size([128])
26 torch.Size([128])
27 torch.Size([128, 128, 3, 3])
28 torch.Size([128])
29 torch.Size([128])
30 torch.Size([256, 128, 3, 3])
31 torch.Size([256])
32 torch.Size([256])
33 torch.Size([256, 256, 3, 3])
34 torch.Size([256])
35 torch.Size([256])
36 torch.Size([256, 128, 1, 1])
37 torch.Size([256])
38 torch.Size([256])
39 torch.Size([256, 256, 3, 3])
40 torch.Size([256])
41 torch.Size([256])
42 torch.Size([256, 256, 3, 3])
43 torch.Size([256])
44 torch.Size([256])
45 torch.Size([512, 256, 3, 3])
46 torch.Size([512])
47 torch.Size([512])
48 torch.Size([512, 512, 3, 3])
49 torch.Size([512])
50 torch.Size([512])
51 torch.Size([512, 256, 1, 1])
52 torch.Size([512])
53 torch.Size([512])
54 torch.Size([512, 512, 3, 3])
55 torch.Size([512])
56 torch.Size([512])
57 torch.Size([512, 512, 3, 3])
58 torch.Size([512])
59 torch.Size([512])
0 torch.Size([64, 3, 3, 3])
1 torch.Size([64, 64, 3, 3])
2 torch.Size([64, 64, 3, 3])
3 torch.Size([64, 64, 3, 3])
4 torch.Size([64, 64, 3, 3])
5 torch.Size([128, 64, 3, 3])
6 torch.Size([128, 128, 3, 3])
7 torch.Size([128, 64, 1, 1])
8 torch.Size([128, 128, 3, 3])
9 torch.Size([128, 128, 3, 3])
10 torch.Size([256, 128, 3, 3])
11 torch.Size([256, 256, 3, 3])
12 torch.Size([256, 128, 1, 1])
13 torch.Size([256, 256, 3, 3])
14 torch.Size([256, 256, 3, 3])
15 torch.Size([512, 256, 3, 3])
16 torch.Size([512, 512, 3, 3])
17 torch.Size([512, 256, 1, 1])
18 torch.Size([512, 512, 3, 3])
19 torch.Size([512, 512, 3, 3])
Download not needed, files already on disk.
Download not needed, files already on disk.
learning classes:  [0, 1, 2, 3, 4, 5, 6, 7, 8, 9, 10, 11, 12, 13, 14, 15, 16, 17, 18, 19]
epoch:0, feat_extract_loss:3.36938, classifier_loss:2.99107
epoch:10, feat_extract_loss:1.88558, classifier_loss:1.83788
epoch:20, feat_extract_loss:1.27695, classifier_loss:1.23693
epoch:30, feat_extract_loss:1.12781, classifier_loss:0.96651
epoch:40, feat_extract_loss:0.67942, classifier_loss:0.64111
epoch:50, feat_extract_loss:0.54362, classifier_loss:0.50952
epoch:60, feat_extract_loss:0.32182, classifier_loss:0.28349
epoch:70, feat_extract_loss:1.65249, classifier_loss:2.26047
epoch:80, feat_extract_loss:0.11249, classifier_loss:0.06261
epoch:90, feat_extract_loss:0.07189, classifier_loss:0.01892
train_time 4228.396322250366 test_time 0.9974954128265381
Acc for task 0 : [0.0, 71.89999999999999]
Accuracy for 1 task(s): 	 [Class-IL]: 71.9 % 	 [Task-IL]: 71.9 %
Download not needed, files already on disk.
Download not needed, files already on disk.
learning classes:  [20, 21, 22, 23, 24, 25, 26, 27, 28, 29, 30, 31, 32, 33, 34, 35, 36, 37, 38, 39]
epoch:0, feat_extract_loss:1.91041, classifier_loss:2.50974
epoch:10, feat_extract_loss:1.11724, classifier_loss:1.00402
epoch:20, feat_extract_loss:0.79715, classifier_loss:0.66058
epoch:30, feat_extract_loss:0.50436, classifier_loss:0.50775
epoch:40, feat_extract_loss:0.12340, classifier_loss:0.15139
epoch:50, feat_extract_loss:0.06667, classifier_loss:0.16543
epoch:60, feat_extract_loss:0.05605, classifier_loss:0.51808
epoch:70, feat_extract_loss:0.04956, classifier_loss:0.57441
epoch:80, feat_extract_loss:0.04441, classifier_loss:0.64456
epoch:90, feat_extract_loss:0.04202, classifier_loss:0.72364
train_time 4232.665556907654 test_time 1.4608814716339111
Acc for task 0 : [0.0, 71.89999999999999, 72.0]
Acc for task 1 : [0.0, 58.099999999999994]
Accuracy for 2 task(s): 	 [Class-IL]: 53.1 % 	 [Task-IL]: 65.05 %
Download not needed, files already on disk.
Download not needed, files already on disk.
learning classes:  [40, 41, 42, 43, 44, 45, 46, 47, 48, 49, 50, 51, 52, 53, 54, 55, 56, 57, 58, 59]
epoch:0, feat_extract_loss:1.63344, classifier_loss:2.46404
epoch:10, feat_extract_loss:0.83473, classifier_loss:0.77548
epoch:20, feat_extract_loss:0.36595, classifier_loss:0.35806
epoch:30, feat_extract_loss:0.16211, classifier_loss:0.22710
epoch:40, feat_extract_loss:0.06847, classifier_loss:0.46429
epoch:50, feat_extract_loss:0.05302, classifier_loss:0.74564
epoch:60, feat_extract_loss:0.04597, classifier_loss:0.73754
epoch:70, feat_extract_loss:0.04262, classifier_loss:0.85871
epoch:80, feat_extract_loss:0.04026, classifier_loss:0.84856
epoch:90, feat_extract_loss:0.03768, classifier_loss:0.83984
train_time 4233.105924367905 test_time 1.9215977191925049
Acc for task 0 : [0.0, 71.89999999999999, 72.0, 71.0]
Acc for task 1 : [0.0, 58.099999999999994, 62.6]
Acc for task 2 : [0.0, 62.5]
Accuracy for 3 task(s): 	 [Class-IL]: 44.83 % 	 [Task-IL]: 65.37 %
Download not needed, files already on disk.
Download not needed, files already on disk.
learning classes:  [60, 61, 62, 63, 64, 65, 66, 67, 68, 69, 70, 71, 72, 73, 74, 75, 76, 77, 78, 79]
epoch:0, feat_extract_loss:1.40732, classifier_loss:2.37102
epoch:10, feat_extract_loss:0.62901, classifier_loss:0.63396
epoch:20, feat_extract_loss:0.30809, classifier_loss:0.28868
epoch:30, feat_extract_loss:0.06942, classifier_loss:0.57881
epoch:40, feat_extract_loss:0.05262, classifier_loss:0.78115
epoch:50, feat_extract_loss:0.04483, classifier_loss:0.76349
epoch:60, feat_extract_loss:0.04158, classifier_loss:0.86549
epoch:70, feat_extract_loss:0.03802, classifier_loss:0.90294
epoch:80, feat_extract_loss:0.03613, classifier_loss:0.80909
epoch:90, feat_extract_loss:0.03467, classifier_loss:0.87106
train_time 4231.365576982498 test_time 2.393528461456299
Acc for task 0 : [0.0, 71.89999999999999, 72.0, 71.0, 68.4]
Acc for task 1 : [0.0, 58.099999999999994, 62.6, 63.5]
Acc for task 2 : [0.0, 62.5, 65.10000000000001]
Acc for task 3 : [0.0, 66.3]
Accuracy for 4 task(s): 	 [Class-IL]: 42.45 % 	 [Task-IL]: 65.82 %
Download not needed, files already on disk.
Download not needed, files already on disk.
learning classes:  [80, 81, 82, 83, 84, 85, 86, 87, 88, 89, 90, 91, 92, 93, 94, 95, 96, 97, 98, 99]
epoch:0, feat_extract_loss:1.40957, classifier_loss:2.29771
epoch:10, feat_extract_loss:0.71499, classifier_loss:0.64447
epoch:20, feat_extract_loss:0.15947, classifier_loss:0.27106
epoch:30, feat_extract_loss:0.06343, classifier_loss:0.65477
epoch:40, feat_extract_loss:0.04915, classifier_loss:0.72863
epoch:50, feat_extract_loss:0.04349, classifier_loss:0.75402
epoch:60, feat_extract_loss:0.03999, classifier_loss:0.84090
epoch:70, feat_extract_loss:0.03716, classifier_loss:0.88323
epoch:80, feat_extract_loss:0.03455, classifier_loss:0.84694
epoch:90, feat_extract_loss:0.03345, classifier_loss:0.82278
train_time 4237.657209157944 test_time 2.8531179428100586
Acc for task 0 : [0.0, 71.89999999999999, 72.0, 71.0, 68.4, 65.5]
Acc for task 1 : [0.0, 58.099999999999994, 62.6, 63.5, 61.8]
Acc for task 2 : [0.0, 62.5, 65.10000000000001, 68.0]
Acc for task 3 : [0.0, 66.3, 67.9]
Acc for task 4 : [0.0, 68.60000000000001]
Accuracy for 5 task(s): 	 [Class-IL]: 39.04 % 	 [Task-IL]: 66.36 %
Download not needed, files already on disk.
Download not needed, files already on disk.
learning classes:  [100, 101, 102, 103, 104, 105, 106, 107, 108, 109, 110, 111, 112, 113, 114, 115, 116, 117, 118, 119]
epoch:0, feat_extract_loss:1.43687, classifier_loss:2.34677
epoch:10, feat_extract_loss:0.87581, classifier_loss:0.73592
epoch:20, feat_extract_loss:0.18343, classifier_loss:0.38189
epoch:30, feat_extract_loss:0.06329, classifier_loss:0.78445
epoch:40, feat_extract_loss:0.04916, classifier_loss:0.86161
epoch:50, feat_extract_loss:0.04285, classifier_loss:0.93194
epoch:60, feat_extract_loss:0.03936, classifier_loss:0.93894
epoch:70, feat_extract_loss:0.03716, classifier_loss:0.94574
epoch:80, feat_extract_loss:0.03424, classifier_loss:0.99113
epoch:90, feat_extract_loss:0.03278, classifier_loss:0.98075
train_time 4233.293712854385 test_time 3.2906293869018555
Acc for task 0 : [0.0, 71.89999999999999, 72.0, 71.0, 68.4, 65.5, 63.5]
Acc for task 1 : [0.0, 58.099999999999994, 62.6, 63.5, 61.8, 62.4]
Acc for task 2 : [0.0, 62.5, 65.10000000000001, 68.0, 68.7]
Acc for task 3 : [0.0, 66.3, 67.9, 69.89999999999999]
Acc for task 4 : [0.0, 68.60000000000001, 70.1]
Acc for task 5 : [0.0, 64.4]
Accuracy for 6 task(s): 	 [Class-IL]: 36.02 % 	 [Task-IL]: 66.5 %
Download not needed, files already on disk.
Download not needed, files already on disk.
learning classes:  [120, 121, 122, 123, 124, 125, 126, 127, 128, 129, 130, 131, 132, 133, 134, 135, 136, 137, 138, 139]
epoch:0, feat_extract_loss:1.35210, classifier_loss:2.33829
epoch:10, feat_extract_loss:0.48710, classifier_loss:0.57046
epoch:20, feat_extract_loss:0.09839, classifier_loss:0.54862
epoch:30, feat_extract_loss:0.05492, classifier_loss:0.81607
epoch:40, feat_extract_loss:0.04604, classifier_loss:0.92801
epoch:50, feat_extract_loss:0.04092, classifier_loss:0.95835
epoch:60, feat_extract_loss:0.03740, classifier_loss:0.95070
epoch:70, feat_extract_loss:0.03423, classifier_loss:0.86513
epoch:80, feat_extract_loss:0.03302, classifier_loss:0.88288
epoch:90, feat_extract_loss:0.03137, classifier_loss:0.88057
train_time 4232.688543558121 test_time 3.770812749862671
Acc for task 0 : [0.0, 71.89999999999999, 72.0, 71.0, 68.4, 65.5, 63.5, 61.0]
Acc for task 1 : [0.0, 58.099999999999994, 62.6, 63.5, 61.8, 62.4, 61.6]
Acc for task 2 : [0.0, 62.5, 65.10000000000001, 68.0, 68.7, 68.8]
Acc for task 3 : [0.0, 66.3, 67.9, 69.89999999999999, 71.2]
Acc for task 4 : [0.0, 68.60000000000001, 70.1, 70.7]
Acc for task 5 : [0.0, 64.4, 65.4]
Acc for task 6 : [0.0, 65.2]
Accuracy for 7 task(s): 	 [Class-IL]: 33.3 % 	 [Task-IL]: 66.27 %
Download not needed, files already on disk.
Download not needed, files already on disk.
learning classes:  [140, 141, 142, 143, 144, 145, 146, 147, 148, 149, 150, 151, 152, 153, 154, 155, 156, 157, 158, 159]
epoch:0, feat_extract_loss:1.46914, classifier_loss:2.26128
epoch:10, feat_extract_loss:0.44007, classifier_loss:0.54178
epoch:20, feat_extract_loss:0.09743, classifier_loss:0.56581
epoch:30, feat_extract_loss:0.05549, classifier_loss:0.85121
epoch:40, feat_extract_loss:0.04795, classifier_loss:1.01212
epoch:50, feat_extract_loss:0.04068, classifier_loss:0.94187
epoch:60, feat_extract_loss:0.03642, classifier_loss:0.95421
epoch:70, feat_extract_loss:0.03433, classifier_loss:0.94311
epoch:80, feat_extract_loss:0.03273, classifier_loss:0.94917
epoch:90, feat_extract_loss:0.03066, classifier_loss:0.90986
train_time 4235.3880450725555 test_time 4.221188545227051
Acc for task 0 : [0.0, 71.89999999999999, 72.0, 71.0, 68.4, 65.5, 63.5, 61.0, 59.0]
Acc for task 1 : [0.0, 58.099999999999994, 62.6, 63.5, 61.8, 62.4, 61.6, 59.8]
Acc for task 2 : [0.0, 62.5, 65.10000000000001, 68.0, 68.7, 68.8, 69.1]
Acc for task 3 : [0.0, 66.3, 67.9, 69.89999999999999, 71.2, 71.0]
Acc for task 4 : [0.0, 68.60000000000001, 70.1, 70.7, 72.3]
Acc for task 5 : [0.0, 64.4, 65.4, 67.2]
Acc for task 6 : [0.0, 65.2, 65.7]
Acc for task 7 : [0.0, 66.9]
Accuracy for 8 task(s): 	 [Class-IL]: 30.86 % 	 [Task-IL]: 66.38 %
Download not needed, files already on disk.
Download not needed, files already on disk.
learning classes:  [160, 161, 162, 163, 164, 165, 166, 167, 168, 169, 170, 171, 172, 173, 174, 175, 176, 177, 178, 179]
epoch:0, feat_extract_loss:1.55976, classifier_loss:2.43223
epoch:10, feat_extract_loss:0.60128, classifier_loss:0.73405
epoch:20, feat_extract_loss:0.11747, classifier_loss:0.55565
epoch:30, feat_extract_loss:0.05777, classifier_loss:1.08756
epoch:40, feat_extract_loss:0.04600, classifier_loss:1.12107
epoch:50, feat_extract_loss:0.04086, classifier_loss:1.14002
epoch:60, feat_extract_loss:0.03665, classifier_loss:1.13628
epoch:70, feat_extract_loss:0.03511, classifier_loss:1.12396
epoch:80, feat_extract_loss:0.03248, classifier_loss:1.12152
epoch:90, feat_extract_loss:0.03136, classifier_loss:1.11841
train_time 4237.967339754105 test_time 4.719245910644531
Acc for task 0 : [0.0, 71.89999999999999, 72.0, 71.0, 68.4, 65.5, 63.5, 61.0, 59.0, 55.60000000000001]
Acc for task 1 : [0.0, 58.099999999999994, 62.6, 63.5, 61.8, 62.4, 61.6, 59.8, 58.5]
Acc for task 2 : [0.0, 62.5, 65.10000000000001, 68.0, 68.7, 68.8, 69.1, 69.0]
Acc for task 3 : [0.0, 66.3, 67.9, 69.89999999999999, 71.2, 71.0, 71.2]
Acc for task 4 : [0.0, 68.60000000000001, 70.1, 70.7, 72.3, 72.2]
Acc for task 5 : [0.0, 64.4, 65.4, 67.2, 67.30000000000001]
Acc for task 6 : [0.0, 65.2, 65.7, 67.4]
Acc for task 7 : [0.0, 66.9, 68.30000000000001]
Acc for task 8 : [0.0, 59.0]
Accuracy for 9 task(s): 	 [Class-IL]: 29.23 % 	 [Task-IL]: 65.39 %
Download not needed, files already on disk.
Download not needed, files already on disk.
learning classes:  [180, 181, 182, 183, 184, 185, 186, 187, 188, 189, 190, 191, 192, 193, 194, 195, 196, 197, 198, 199]
epoch:0, feat_extract_loss:1.35371, classifier_loss:2.27404
epoch:10, feat_extract_loss:0.35731, classifier_loss:0.49105
epoch:20, feat_extract_loss:0.08437, classifier_loss:0.59708
epoch:30, feat_extract_loss:0.05094, classifier_loss:0.89947
epoch:40, feat_extract_loss:0.04204, classifier_loss:0.88122
epoch:50, feat_extract_loss:0.03780, classifier_loss:0.88837
epoch:60, feat_extract_loss:0.03520, classifier_loss:0.84950
epoch:70, feat_extract_loss:0.03311, classifier_loss:0.78502
epoch:80, feat_extract_loss:0.03078, classifier_loss:0.89037
epoch:90, feat_extract_loss:0.02967, classifier_loss:0.90768
train_time 4234.1444680690765 test_time 5.146523475646973
Acc for task 0 : [0.0, 71.89999999999999, 72.0, 71.0, 68.4, 65.5, 63.5, 61.0, 59.0, 55.60000000000001, 54.1]
Acc for task 1 : [0.0, 58.099999999999994, 62.6, 63.5, 61.8, 62.4, 61.6, 59.8, 58.5, 56.99999999999999]
Acc for task 2 : [0.0, 62.5, 65.10000000000001, 68.0, 68.7, 68.8, 69.1, 69.0, 68.2]
Acc for task 3 : [0.0, 66.3, 67.9, 69.89999999999999, 71.2, 71.0, 71.2, 71.39999999999999]
Acc for task 4 : [0.0, 68.60000000000001, 70.1, 70.7, 72.3, 72.2, 71.6]
Acc for task 5 : [0.0, 64.4, 65.4, 67.2, 67.30000000000001, 68.0]
Acc for task 6 : [0.0, 65.2, 65.7, 67.4, 68.0]
Acc for task 7 : [0.0, 66.9, 68.30000000000001, 69.0]
Acc for task 8 : [0.0, 59.0, 61.0]
Acc for task 9 : [0.0, 65.4]
Accuracy for 10 task(s): 	 [Class-IL]: 27.79 % 	 [Task-IL]: 65.37 %
Accuracy for 1 task(s): 	 [Class-IL]: 71.9 % 	 [Task-IL]: 71.9 %
Accuracy for 2 task(s): 	 [Class-IL]: 53.1 % 	 [Task-IL]: 65.05 %
Accuracy for 3 task(s): 	 [Class-IL]: 44.83 % 	 [Task-IL]: 65.37 %
Accuracy for 4 task(s): 	 [Class-IL]: 42.45 % 	 [Task-IL]: 65.82 %
Accuracy for 5 task(s): 	 [Class-IL]: 39.04 % 	 [Task-IL]: 66.36 %
Accuracy for 6 task(s): 	 [Class-IL]: 36.02 % 	 [Task-IL]: 66.5 %
Accuracy for 7 task(s): 	 [Class-IL]: 33.3 % 	 [Task-IL]: 66.27 %
Accuracy for 8 task(s): 	 [Class-IL]: 30.86 % 	 [Task-IL]: 66.38 %
Accuracy for 9 task(s): 	 [Class-IL]: 29.23 % 	 [Task-IL]: 65.39 %
Accuracy for 10 task(s): 	 [Class-IL]: 27.79 % 	 [Task-IL]: 65.37 %
forget_taskil: 2.89 forget_classil: 10.9 bwt_taskil: 0.6 bwt_classil: -2.21
================================= repeat 4/5 =================================
0 torch.Size([64, 3, 3, 3])
1 torch.Size([64])
2 torch.Size([64])
3 torch.Size([64, 64, 3, 3])
4 torch.Size([64])
5 torch.Size([64])
6 torch.Size([64, 64, 3, 3])
7 torch.Size([64])
8 torch.Size([64])
9 torch.Size([64, 64, 3, 3])
10 torch.Size([64])
11 torch.Size([64])
12 torch.Size([64, 64, 3, 3])
13 torch.Size([64])
14 torch.Size([64])
15 torch.Size([128, 64, 3, 3])
16 torch.Size([128])
17 torch.Size([128])
18 torch.Size([128, 128, 3, 3])
19 torch.Size([128])
20 torch.Size([128])
21 torch.Size([128, 64, 1, 1])
22 torch.Size([128])
23 torch.Size([128])
24 torch.Size([128, 128, 3, 3])
25 torch.Size([128])
26 torch.Size([128])
27 torch.Size([128, 128, 3, 3])
28 torch.Size([128])
29 torch.Size([128])
30 torch.Size([256, 128, 3, 3])
31 torch.Size([256])
32 torch.Size([256])
33 torch.Size([256, 256, 3, 3])
34 torch.Size([256])
35 torch.Size([256])
36 torch.Size([256, 128, 1, 1])
37 torch.Size([256])
38 torch.Size([256])
39 torch.Size([256, 256, 3, 3])
40 torch.Size([256])
41 torch.Size([256])
42 torch.Size([256, 256, 3, 3])
43 torch.Size([256])
44 torch.Size([256])
45 torch.Size([512, 256, 3, 3])
46 torch.Size([512])
47 torch.Size([512])
48 torch.Size([512, 512, 3, 3])
49 torch.Size([512])
50 torch.Size([512])
51 torch.Size([512, 256, 1, 1])
52 torch.Size([512])
53 torch.Size([512])
54 torch.Size([512, 512, 3, 3])
55 torch.Size([512])
56 torch.Size([512])
57 torch.Size([512, 512, 3, 3])
58 torch.Size([512])
59 torch.Size([512])
0 torch.Size([64, 3, 3, 3])
1 torch.Size([64, 64, 3, 3])
2 torch.Size([64, 64, 3, 3])
3 torch.Size([64, 64, 3, 3])
4 torch.Size([64, 64, 3, 3])
5 torch.Size([128, 64, 3, 3])
6 torch.Size([128, 128, 3, 3])
7 torch.Size([128, 64, 1, 1])
8 torch.Size([128, 128, 3, 3])
9 torch.Size([128, 128, 3, 3])
10 torch.Size([256, 128, 3, 3])
11 torch.Size([256, 256, 3, 3])
12 torch.Size([256, 128, 1, 1])
13 torch.Size([256, 256, 3, 3])
14 torch.Size([256, 256, 3, 3])
15 torch.Size([512, 256, 3, 3])
16 torch.Size([512, 512, 3, 3])
17 torch.Size([512, 256, 1, 1])
18 torch.Size([512, 512, 3, 3])
19 torch.Size([512, 512, 3, 3])
Download not needed, files already on disk.
Download not needed, files already on disk.
learning classes:  [0, 1, 2, 3, 4, 5, 6, 7, 8, 9, 10, 11, 12, 13, 14, 15, 16, 17, 18, 19]
epoch:0, feat_extract_loss:3.12553, classifier_loss:2.91286
epoch:10, feat_extract_loss:1.81317, classifier_loss:1.62422
epoch:20, feat_extract_loss:1.16460, classifier_loss:1.19316
epoch:30, feat_extract_loss:0.93213, classifier_loss:0.98410
epoch:40, feat_extract_loss:0.85559, classifier_loss:0.76293
epoch:50, feat_extract_loss:0.54003, classifier_loss:0.49821
epoch:60, feat_extract_loss:0.40503, classifier_loss:0.38050
epoch:70, feat_extract_loss:0.25516, classifier_loss:0.23897
epoch:80, feat_extract_loss:0.09124, classifier_loss:0.03900
epoch:90, feat_extract_loss:0.11109, classifier_loss:0.05322
train_time 4228.410320043564 test_time 1.005225419998169
Acc for task 0 : [0.0, 74.6]
Accuracy for 1 task(s): 	 [Class-IL]: 74.6 % 	 [Task-IL]: 74.6 %
Download not needed, files already on disk.
Download not needed, files already on disk.
learning classes:  [20, 21, 22, 23, 24, 25, 26, 27, 28, 29, 30, 31, 32, 33, 34, 35, 36, 37, 38, 39]
epoch:0, feat_extract_loss:1.74810, classifier_loss:2.47265
epoch:10, feat_extract_loss:1.03879, classifier_loss:0.92338
epoch:20, feat_extract_loss:0.70495, classifier_loss:0.70521
epoch:30, feat_extract_loss:0.70310, classifier_loss:0.52096
epoch:40, feat_extract_loss:0.12325, classifier_loss:0.26618
epoch:50, feat_extract_loss:0.09430, classifier_loss:0.34661
epoch:60, feat_extract_loss:0.06196, classifier_loss:0.66188
epoch:70, feat_extract_loss:0.05352, classifier_loss:0.79115
epoch:80, feat_extract_loss:0.04913, classifier_loss:0.76813
epoch:90, feat_extract_loss:0.04438, classifier_loss:0.87215
train_time 4235.481284379959 test_time 1.4581756591796875
Acc for task 0 : [0.0, 74.6, 74.2]
Acc for task 1 : [0.0, 55.1]
Accuracy for 2 task(s): 	 [Class-IL]: 51.0 % 	 [Task-IL]: 64.65 %
Download not needed, files already on disk.
Download not needed, files already on disk.
learning classes:  [40, 41, 42, 43, 44, 45, 46, 47, 48, 49, 50, 51, 52, 53, 54, 55, 56, 57, 58, 59]
epoch:0, feat_extract_loss:1.52742, classifier_loss:2.34880
epoch:10, feat_extract_loss:0.79058, classifier_loss:0.85560
epoch:20, feat_extract_loss:0.33365, classifier_loss:0.35996
epoch:30, feat_extract_loss:0.09467, classifier_loss:0.49797
epoch:40, feat_extract_loss:0.06361, classifier_loss:0.85615
epoch:50, feat_extract_loss:0.05479, classifier_loss:0.94709
epoch:60, feat_extract_loss:0.04749, classifier_loss:0.93031
epoch:70, feat_extract_loss:0.04391, classifier_loss:1.02765
epoch:80, feat_extract_loss:0.04076, classifier_loss:0.99589
epoch:90, feat_extract_loss:0.03771, classifier_loss:1.00975
train_time 4231.332245111465 test_time 1.9249262809753418
Acc for task 0 : [0.0, 74.6, 74.2, 73.6]
Acc for task 1 : [0.0, 55.1, 59.599999999999994]
Acc for task 2 : [0.0, 62.4]
Accuracy for 3 task(s): 	 [Class-IL]: 44.8 % 	 [Task-IL]: 65.2 %
Download not needed, files already on disk.
Download not needed, files already on disk.
learning classes:  [60, 61, 62, 63, 64, 65, 66, 67, 68, 69, 70, 71, 72, 73, 74, 75, 76, 77, 78, 79]
epoch:0, feat_extract_loss:1.37823, classifier_loss:2.35801
epoch:10, feat_extract_loss:0.63013, classifier_loss:0.63282
epoch:20, feat_extract_loss:0.18620, classifier_loss:0.45592
epoch:30, feat_extract_loss:0.08916, classifier_loss:0.63329
epoch:40, feat_extract_loss:0.05805, classifier_loss:0.88177
epoch:50, feat_extract_loss:0.04828, classifier_loss:0.94824
epoch:60, feat_extract_loss:0.04388, classifier_loss:0.90278
epoch:70, feat_extract_loss:0.04107, classifier_loss:0.94977
epoch:80, feat_extract_loss:0.03847, classifier_loss:0.90514
epoch:90, feat_extract_loss:0.03713, classifier_loss:0.91215
train_time 4236.081911325455 test_time 2.3802707195281982
Acc for task 0 : [0.0, 74.6, 74.2, 73.6, 72.1]
Acc for task 1 : [0.0, 55.1, 59.599999999999994, 61.199999999999996]
Acc for task 2 : [0.0, 62.4, 64.2]
Acc for task 3 : [0.0, 65.60000000000001]
Accuracy for 4 task(s): 	 [Class-IL]: 41.58 % 	 [Task-IL]: 65.77 %
Download not needed, files already on disk.
Download not needed, files already on disk.
learning classes:  [80, 81, 82, 83, 84, 85, 86, 87, 88, 89, 90, 91, 92, 93, 94, 95, 96, 97, 98, 99]
epoch:0, feat_extract_loss:1.37740, classifier_loss:2.19285
epoch:10, feat_extract_loss:0.50467, classifier_loss:0.61542
epoch:20, feat_extract_loss:0.24611, classifier_loss:0.36767
epoch:30, feat_extract_loss:0.07169, classifier_loss:0.63314
epoch:40, feat_extract_loss:0.05555, classifier_loss:0.88223
epoch:50, feat_extract_loss:0.04713, classifier_loss:0.96244
epoch:60, feat_extract_loss:0.04234, classifier_loss:0.90502
epoch:70, feat_extract_loss:0.03961, classifier_loss:0.85318
epoch:80, feat_extract_loss:0.03659, classifier_loss:0.87383
epoch:90, feat_extract_loss:0.03533, classifier_loss:0.89601
train_time 4232.387399435043 test_time 2.8604586124420166
Acc for task 0 : [0.0, 74.6, 74.2, 73.6, 72.1, 71.7]
Acc for task 1 : [0.0, 55.1, 59.599999999999994, 61.199999999999996, 61.8]
Acc for task 2 : [0.0, 62.4, 64.2, 66.10000000000001]
Acc for task 3 : [0.0, 65.60000000000001, 67.2]
Acc for task 4 : [0.0, 69.3]
Accuracy for 5 task(s): 	 [Class-IL]: 40.18 % 	 [Task-IL]: 67.22 %
Download not needed, files already on disk.
Download not needed, files already on disk.
learning classes:  [100, 101, 102, 103, 104, 105, 106, 107, 108, 109, 110, 111, 112, 113, 114, 115, 116, 117, 118, 119]
epoch:0, feat_extract_loss:1.46039, classifier_loss:2.40376
epoch:10, feat_extract_loss:0.66559, classifier_loss:0.71824
epoch:20, feat_extract_loss:0.16404, classifier_loss:0.34384
epoch:30, feat_extract_loss:0.06693, classifier_loss:0.90329
epoch:40, feat_extract_loss:0.05165, classifier_loss:1.01531
epoch:50, feat_extract_loss:0.04505, classifier_loss:1.03681
epoch:60, feat_extract_loss:0.04138, classifier_loss:1.02867
epoch:70, feat_extract_loss:0.03760, classifier_loss:1.00690
epoch:80, feat_extract_loss:0.03518, classifier_loss:1.04454
epoch:90, feat_extract_loss:0.03344, classifier_loss:1.05045
train_time 4226.787443399429 test_time 3.3399899005889893
Acc for task 0 : [0.0, 74.6, 74.2, 73.6, 72.1, 71.7, 71.3]
Acc for task 1 : [0.0, 55.1, 59.599999999999994, 61.199999999999996, 61.8, 61.7]
Acc for task 2 : [0.0, 62.4, 64.2, 66.10000000000001, 67.30000000000001]
Acc for task 3 : [0.0, 65.60000000000001, 67.2, 68.5]
Acc for task 4 : [0.0, 69.3, 69.89999999999999]
Acc for task 5 : [0.0, 64.0]
Accuracy for 6 task(s): 	 [Class-IL]: 37.72 % 	 [Task-IL]: 67.12 %
Download not needed, files already on disk.
Download not needed, files already on disk.
learning classes:  [120, 121, 122, 123, 124, 125, 126, 127, 128, 129, 130, 131, 132, 133, 134, 135, 136, 137, 138, 139]
epoch:0, feat_extract_loss:1.38296, classifier_loss:2.32132
epoch:10, feat_extract_loss:0.53941, classifier_loss:0.62951
epoch:20, feat_extract_loss:0.10390, classifier_loss:0.62777
epoch:30, feat_extract_loss:0.05593, classifier_loss:1.01508
epoch:40, feat_extract_loss:0.04574, classifier_loss:0.97084
epoch:50, feat_extract_loss:0.04228, classifier_loss:1.03266
epoch:60, feat_extract_loss:0.03765, classifier_loss:0.97470
epoch:70, feat_extract_loss:0.03589, classifier_loss:0.93962
epoch:80, feat_extract_loss:0.03335, classifier_loss:0.97258
epoch:90, feat_extract_loss:0.03185, classifier_loss:0.96393
train_time 4229.735184669495 test_time 3.809998035430908
Acc for task 0 : [0.0, 74.6, 74.2, 73.6, 72.1, 71.7, 71.3, 69.6]
Acc for task 1 : [0.0, 55.1, 59.599999999999994, 61.199999999999996, 61.8, 61.7, 61.199999999999996]
Acc for task 2 : [0.0, 62.4, 64.2, 66.10000000000001, 67.30000000000001, 67.60000000000001]
Acc for task 3 : [0.0, 65.60000000000001, 67.2, 68.5, 69.1]
Acc for task 4 : [0.0, 69.3, 69.89999999999999, 70.5]
Acc for task 5 : [0.0, 64.0, 66.60000000000001]
Acc for task 6 : [0.0, 64.2]
Accuracy for 7 task(s): 	 [Class-IL]: 34.81 % 	 [Task-IL]: 66.97 %
Download not needed, files already on disk.
Download not needed, files already on disk.
learning classes:  [140, 141, 142, 143, 144, 145, 146, 147, 148, 149, 150, 151, 152, 153, 154, 155, 156, 157, 158, 159]
epoch:0, feat_extract_loss:1.46613, classifier_loss:2.37018
epoch:10, feat_extract_loss:0.51145, classifier_loss:0.62182
epoch:20, feat_extract_loss:0.10194, classifier_loss:0.73295
epoch:30, feat_extract_loss:0.05673, classifier_loss:1.02086
epoch:40, feat_extract_loss:0.04601, classifier_loss:1.04745
epoch:50, feat_extract_loss:0.04097, classifier_loss:1.03149
epoch:60, feat_extract_loss:0.03726, classifier_loss:1.06966
epoch:70, feat_extract_loss:0.03503, classifier_loss:1.02457
epoch:80, feat_extract_loss:0.03282, classifier_loss:0.98949
epoch:90, feat_extract_loss:0.03130, classifier_loss:1.01669
train_time 4232.586918830872 test_time 4.217263221740723
Acc for task 0 : [0.0, 74.6, 74.2, 73.6, 72.1, 71.7, 71.3, 69.6, 69.0]
Acc for task 1 : [0.0, 55.1, 59.599999999999994, 61.199999999999996, 61.8, 61.7, 61.199999999999996, 61.4]
Acc for task 2 : [0.0, 62.4, 64.2, 66.10000000000001, 67.30000000000001, 67.60000000000001, 68.2]
Acc for task 3 : [0.0, 65.60000000000001, 67.2, 68.5, 69.1, 69.5]
Acc for task 4 : [0.0, 69.3, 69.89999999999999, 70.5, 70.7]
Acc for task 5 : [0.0, 64.0, 66.60000000000001, 67.80000000000001]
Acc for task 6 : [0.0, 64.2, 65.5]
Acc for task 7 : [0.0, 64.3]
Accuracy for 8 task(s): 	 [Class-IL]: 33.05 % 	 [Task-IL]: 67.05 %
Download not needed, files already on disk.
Download not needed, files already on disk.
learning classes:  [160, 161, 162, 163, 164, 165, 166, 167, 168, 169, 170, 171, 172, 173, 174, 175, 176, 177, 178, 179]
epoch:0, feat_extract_loss:1.56626, classifier_loss:2.35641
epoch:10, feat_extract_loss:0.55711, classifier_loss:0.67546
epoch:20, feat_extract_loss:0.11606, classifier_loss:0.76441
epoch:30, feat_extract_loss:0.05921, classifier_loss:1.17854
epoch:40, feat_extract_loss:0.04684, classifier_loss:1.21515
epoch:50, feat_extract_loss:0.04169, classifier_loss:1.12247
epoch:60, feat_extract_loss:0.03753, classifier_loss:1.23151
epoch:70, feat_extract_loss:0.03572, classifier_loss:1.07174
epoch:80, feat_extract_loss:0.03290, classifier_loss:1.07202
epoch:90, feat_extract_loss:0.03181, classifier_loss:1.09622
train_time 4236.781816482544 test_time 4.738390684127808
Acc for task 0 : [0.0, 74.6, 74.2, 73.6, 72.1, 71.7, 71.3, 69.6, 69.0, 66.9]
Acc for task 1 : [0.0, 55.1, 59.599999999999994, 61.199999999999996, 61.8, 61.7, 61.199999999999996, 61.4, 60.9]
Acc for task 2 : [0.0, 62.4, 64.2, 66.10000000000001, 67.30000000000001, 67.60000000000001, 68.2, 67.9]
Acc for task 3 : [0.0, 65.60000000000001, 67.2, 68.5, 69.1, 69.5, 71.0]
Acc for task 4 : [0.0, 69.3, 69.89999999999999, 70.5, 70.7, 70.89999999999999]
Acc for task 5 : [0.0, 64.0, 66.60000000000001, 67.80000000000001, 68.30000000000001]
Acc for task 6 : [0.0, 64.2, 65.5, 66.7]
Acc for task 7 : [0.0, 64.3, 64.60000000000001]
Acc for task 8 : [0.0, 61.0]
Accuracy for 9 task(s): 	 [Class-IL]: 30.56 % 	 [Task-IL]: 66.47 %
Download not needed, files already on disk.
Download not needed, files already on disk.
learning classes:  [180, 181, 182, 183, 184, 185, 186, 187, 188, 189, 190, 191, 192, 193, 194, 195, 196, 197, 198, 199]
epoch:0, feat_extract_loss:1.23853, classifier_loss:2.14776
epoch:10, feat_extract_loss:0.37861, classifier_loss:0.49013
epoch:20, feat_extract_loss:0.09041, classifier_loss:0.89474
epoch:30, feat_extract_loss:0.05121, classifier_loss:0.97061
epoch:40, feat_extract_loss:0.04370, classifier_loss:0.98577
epoch:50, feat_extract_loss:0.03959, classifier_loss:0.99222
epoch:60, feat_extract_loss:0.03548, classifier_loss:0.87343
epoch:70, feat_extract_loss:0.03341, classifier_loss:0.84756
epoch:80, feat_extract_loss:0.03143, classifier_loss:0.95070
epoch:90, feat_extract_loss:0.02964, classifier_loss:0.92582
train_time 4235.53809261322 test_time 5.1635215282440186
Acc for task 0 : [0.0, 74.6, 74.2, 73.6, 72.1, 71.7, 71.3, 69.6, 69.0, 66.9, 66.2]
Acc for task 1 : [0.0, 55.1, 59.599999999999994, 61.199999999999996, 61.8, 61.7, 61.199999999999996, 61.4, 60.9, 59.099999999999994]
Acc for task 2 : [0.0, 62.4, 64.2, 66.10000000000001, 67.30000000000001, 67.60000000000001, 68.2, 67.9, 67.9]
Acc for task 3 : [0.0, 65.60000000000001, 67.2, 68.5, 69.1, 69.5, 71.0, 69.39999999999999]
Acc for task 4 : [0.0, 69.3, 69.89999999999999, 70.5, 70.7, 70.89999999999999, 70.8]
Acc for task 5 : [0.0, 64.0, 66.60000000000001, 67.80000000000001, 68.30000000000001, 68.8]
Acc for task 6 : [0.0, 64.2, 65.5, 66.7, 67.4]
Acc for task 7 : [0.0, 64.3, 64.60000000000001, 64.9]
Acc for task 8 : [0.0, 61.0, 61.4]
Acc for task 9 : [0.0, 66.2]
Accuracy for 10 task(s): 	 [Class-IL]: 28.8 % 	 [Task-IL]: 66.21 %
Accuracy for 1 task(s): 	 [Class-IL]: 74.6 % 	 [Task-IL]: 74.6 %
Accuracy for 2 task(s): 	 [Class-IL]: 51.0 % 	 [Task-IL]: 64.65 %
Accuracy for 3 task(s): 	 [Class-IL]: 44.8 % 	 [Task-IL]: 65.2 %
Accuracy for 4 task(s): 	 [Class-IL]: 41.58 % 	 [Task-IL]: 65.77 %
Accuracy for 5 task(s): 	 [Class-IL]: 40.18 % 	 [Task-IL]: 67.22 %
Accuracy for 6 task(s): 	 [Class-IL]: 37.72 % 	 [Task-IL]: 67.12 %
Accuracy for 7 task(s): 	 [Class-IL]: 34.81 % 	 [Task-IL]: 66.97 %
Accuracy for 8 task(s): 	 [Class-IL]: 33.05 % 	 [Task-IL]: 67.05 %
Accuracy for 9 task(s): 	 [Class-IL]: 30.56 % 	 [Task-IL]: 66.47 %
Accuracy for 10 task(s): 	 [Class-IL]: 28.8 % 	 [Task-IL]: 66.21 %
forget_taskil: 1.46 forget_classil: 7.96 bwt_taskil: 1.71 bwt_classil: 0.09
================================= repeat 5/5 =================================
0 torch.Size([64, 3, 3, 3])
1 torch.Size([64])
2 torch.Size([64])
3 torch.Size([64, 64, 3, 3])
4 torch.Size([64])
5 torch.Size([64])
6 torch.Size([64, 64, 3, 3])
7 torch.Size([64])
8 torch.Size([64])
9 torch.Size([64, 64, 3, 3])
10 torch.Size([64])
11 torch.Size([64])
12 torch.Size([64, 64, 3, 3])
13 torch.Size([64])
14 torch.Size([64])
15 torch.Size([128, 64, 3, 3])
16 torch.Size([128])
17 torch.Size([128])
18 torch.Size([128, 128, 3, 3])
19 torch.Size([128])
20 torch.Size([128])
21 torch.Size([128, 64, 1, 1])
22 torch.Size([128])
23 torch.Size([128])
24 torch.Size([128, 128, 3, 3])
25 torch.Size([128])
26 torch.Size([128])
27 torch.Size([128, 128, 3, 3])
28 torch.Size([128])
29 torch.Size([128])
30 torch.Size([256, 128, 3, 3])
31 torch.Size([256])
32 torch.Size([256])
33 torch.Size([256, 256, 3, 3])
34 torch.Size([256])
35 torch.Size([256])
36 torch.Size([256, 128, 1, 1])
37 torch.Size([256])
38 torch.Size([256])
39 torch.Size([256, 256, 3, 3])
40 torch.Size([256])
41 torch.Size([256])
42 torch.Size([256, 256, 3, 3])
43 torch.Size([256])
44 torch.Size([256])
45 torch.Size([512, 256, 3, 3])
46 torch.Size([512])
47 torch.Size([512])
48 torch.Size([512, 512, 3, 3])
49 torch.Size([512])
50 torch.Size([512])
51 torch.Size([512, 256, 1, 1])
52 torch.Size([512])
53 torch.Size([512])
54 torch.Size([512, 512, 3, 3])
55 torch.Size([512])
56 torch.Size([512])
57 torch.Size([512, 512, 3, 3])
58 torch.Size([512])
59 torch.Size([512])
0 torch.Size([64, 3, 3, 3])
1 torch.Size([64, 64, 3, 3])
2 torch.Size([64, 64, 3, 3])
3 torch.Size([64, 64, 3, 3])
4 torch.Size([64, 64, 3, 3])
5 torch.Size([128, 64, 3, 3])
6 torch.Size([128, 128, 3, 3])
7 torch.Size([128, 64, 1, 1])
8 torch.Size([128, 128, 3, 3])
9 torch.Size([128, 128, 3, 3])
10 torch.Size([256, 128, 3, 3])
11 torch.Size([256, 256, 3, 3])
12 torch.Size([256, 128, 1, 1])
13 torch.Size([256, 256, 3, 3])
14 torch.Size([256, 256, 3, 3])
15 torch.Size([512, 256, 3, 3])
16 torch.Size([512, 512, 3, 3])
17 torch.Size([512, 256, 1, 1])
18 torch.Size([512, 512, 3, 3])
19 torch.Size([512, 512, 3, 3])
Download not needed, files already on disk.
Download not needed, files already on disk.
learning classes:  [0, 1, 2, 3, 4, 5, 6, 7, 8, 9, 10, 11, 12, 13, 14, 15, 16, 17, 18, 19]
epoch:0, feat_extract_loss:3.18228, classifier_loss:3.24351
epoch:10, feat_extract_loss:1.88087, classifier_loss:1.73599
epoch:20, feat_extract_loss:1.28432, classifier_loss:1.25155
epoch:30, feat_extract_loss:1.00405, classifier_loss:0.97866
epoch:40, feat_extract_loss:0.83315, classifier_loss:0.75858
epoch:50, feat_extract_loss:0.59777, classifier_loss:0.54814
epoch:60, feat_extract_loss:0.46849, classifier_loss:0.41668
epoch:70, feat_extract_loss:0.18736, classifier_loss:0.11497
epoch:80, feat_extract_loss:0.08619, classifier_loss:0.03260
epoch:90, feat_extract_loss:0.06636, classifier_loss:0.01558
train_time 4233.304888486862 test_time 1.0021045207977295
Acc for task 0 : [0.0, 74.6]
Accuracy for 1 task(s): 	 [Class-IL]: 74.6 % 	 [Task-IL]: 74.6 %
Download not needed, files already on disk.
Download not needed, files already on disk.
learning classes:  [20, 21, 22, 23, 24, 25, 26, 27, 28, 29, 30, 31, 32, 33, 34, 35, 36, 37, 38, 39]
epoch:0, feat_extract_loss:1.76771, classifier_loss:2.47702
epoch:10, feat_extract_loss:1.06882, classifier_loss:1.03991
epoch:20, feat_extract_loss:0.75552, classifier_loss:0.76689
epoch:30, feat_extract_loss:0.48420, classifier_loss:0.45686
epoch:40, feat_extract_loss:0.31492, classifier_loss:0.26735
epoch:50, feat_extract_loss:0.06961, classifier_loss:0.25897
epoch:60, feat_extract_loss:0.05500, classifier_loss:0.34103
epoch:70, feat_extract_loss:0.04834, classifier_loss:0.47369
epoch:80, feat_extract_loss:0.04395, classifier_loss:0.57113
epoch:90, feat_extract_loss:0.04102, classifier_loss:0.54604
train_time 4236.475061655045 test_time 1.4747028350830078
Acc for task 0 : [0.0, 74.6, 72.2]
Acc for task 1 : [0.0, 60.5]
Accuracy for 2 task(s): 	 [Class-IL]: 54.1 % 	 [Task-IL]: 66.35 %
Download not needed, files already on disk.
Download not needed, files already on disk.
learning classes:  [40, 41, 42, 43, 44, 45, 46, 47, 48, 49, 50, 51, 52, 53, 54, 55, 56, 57, 58, 59]
epoch:0, feat_extract_loss:1.50048, classifier_loss:2.35626
epoch:10, feat_extract_loss:0.80066, classifier_loss:0.71267
epoch:20, feat_extract_loss:0.67129, classifier_loss:0.56136
epoch:30, feat_extract_loss:0.10210, classifier_loss:0.18582
epoch:40, feat_extract_loss:0.06443, classifier_loss:0.49958
epoch:50, feat_extract_loss:0.05160, classifier_loss:0.68463
epoch:60, feat_extract_loss:0.04536, classifier_loss:0.76584
epoch:70, feat_extract_loss:0.04124, classifier_loss:0.75274
epoch:80, feat_extract_loss:0.03883, classifier_loss:0.82408
epoch:90, feat_extract_loss:0.03707, classifier_loss:0.83285
train_time 4233.038094520569 test_time 1.9250822067260742
Acc for task 0 : [0.0, 74.6, 72.2, 69.8]
Acc for task 1 : [0.0, 60.5, 64.4]
Acc for task 2 : [0.0, 64.4]
Accuracy for 3 task(s): 	 [Class-IL]: 46.87 % 	 [Task-IL]: 66.2 %
Download not needed, files already on disk.
Download not needed, files already on disk.
learning classes:  [60, 61, 62, 63, 64, 65, 66, 67, 68, 69, 70, 71, 72, 73, 74, 75, 76, 77, 78, 79]
epoch:0, feat_extract_loss:1.35423, classifier_loss:2.39316
epoch:10, feat_extract_loss:0.66947, classifier_loss:0.65872
epoch:20, feat_extract_loss:0.27352, classifier_loss:0.33346
epoch:30, feat_extract_loss:0.06862, classifier_loss:0.50558
epoch:40, feat_extract_loss:0.05159, classifier_loss:0.65818
epoch:50, feat_extract_loss:0.04453, classifier_loss:0.85573
epoch:60, feat_extract_loss:0.04014, classifier_loss:0.79195
epoch:70, feat_extract_loss:0.03702, classifier_loss:0.75898
epoch:80, feat_extract_loss:0.03512, classifier_loss:0.86361
epoch:90, feat_extract_loss:0.03336, classifier_loss:0.87430
train_time 4235.857476949692 test_time 2.3805885314941406
Acc for task 0 : [0.0, 74.6, 72.2, 69.8, 66.5]
Acc for task 1 : [0.0, 60.5, 64.4, 64.1]
Acc for task 2 : [0.0, 64.4, 66.60000000000001]
Acc for task 3 : [0.0, 65.9]
Accuracy for 4 task(s): 	 [Class-IL]: 41.75 % 	 [Task-IL]: 65.77 %
Download not needed, files already on disk.
Download not needed, files already on disk.
learning classes:  [80, 81, 82, 83, 84, 85, 86, 87, 88, 89, 90, 91, 92, 93, 94, 95, 96, 97, 98, 99]
epoch:0, feat_extract_loss:1.34907, classifier_loss:2.20697
epoch:10, feat_extract_loss:0.57693, classifier_loss:0.61146
epoch:20, feat_extract_loss:0.22365, classifier_loss:0.34568
epoch:30, feat_extract_loss:0.06568, classifier_loss:0.52530
epoch:40, feat_extract_loss:0.05137, classifier_loss:0.75913
epoch:50, feat_extract_loss:0.04425, classifier_loss:0.84946
epoch:60, feat_extract_loss:0.03972, classifier_loss:0.85015
epoch:70, feat_extract_loss:0.03614, classifier_loss:0.88111
epoch:80, feat_extract_loss:0.03495, classifier_loss:0.81912
epoch:90, feat_extract_loss:0.03320, classifier_loss:0.82414
train_time 4236.904479503632 test_time 2.8959619998931885
Acc for task 0 : [0.0, 74.6, 72.2, 69.8, 66.5, 62.2]
Acc for task 1 : [0.0, 60.5, 64.4, 64.1, 63.2]
Acc for task 2 : [0.0, 64.4, 66.60000000000001, 68.4]
Acc for task 3 : [0.0, 65.9, 68.5]
Acc for task 4 : [0.0, 67.5]
Accuracy for 5 task(s): 	 [Class-IL]: 37.96 % 	 [Task-IL]: 65.96 %
Download not needed, files already on disk.
Download not needed, files already on disk.
learning classes:  [100, 101, 102, 103, 104, 105, 106, 107, 108, 109, 110, 111, 112, 113, 114, 115, 116, 117, 118, 119]
epoch:0, feat_extract_loss:1.53499, classifier_loss:2.33540
epoch:10, feat_extract_loss:0.64164, classifier_loss:0.67621
epoch:20, feat_extract_loss:0.17522, classifier_loss:0.23006
epoch:30, feat_extract_loss:0.05965, classifier_loss:0.76628
epoch:40, feat_extract_loss:0.04792, classifier_loss:0.83428
epoch:50, feat_extract_loss:0.04234, classifier_loss:0.91410
epoch:60, feat_extract_loss:0.03892, classifier_loss:0.89826
epoch:70, feat_extract_loss:0.03588, classifier_loss:0.92101
epoch:80, feat_extract_loss:0.03428, classifier_loss:0.98206
epoch:90, feat_extract_loss:0.03266, classifier_loss:0.93622
train_time 4232.546375513077 test_time 3.307011127471924
Acc for task 0 : [0.0, 74.6, 72.2, 69.8, 66.5, 62.2, 59.5]
Acc for task 1 : [0.0, 60.5, 64.4, 64.1, 63.2, 62.8]
Acc for task 2 : [0.0, 64.4, 66.60000000000001, 68.4, 68.30000000000001]
Acc for task 3 : [0.0, 65.9, 68.5, 70.19999999999999]
Acc for task 4 : [0.0, 67.5, 68.30000000000001]
Acc for task 5 : [0.0, 65.0]
Accuracy for 6 task(s): 	 [Class-IL]: 34.68 % 	 [Task-IL]: 65.68 %
Download not needed, files already on disk.
Download not needed, files already on disk.
learning classes:  [120, 121, 122, 123, 124, 125, 126, 127, 128, 129, 130, 131, 132, 133, 134, 135, 136, 137, 138, 139]
epoch:0, feat_extract_loss:1.40334, classifier_loss:2.32929
epoch:10, feat_extract_loss:0.45886, classifier_loss:0.53144
epoch:20, feat_extract_loss:0.12258, classifier_loss:0.43165
epoch:30, feat_extract_loss:0.05707, classifier_loss:0.86506
epoch:40, feat_extract_loss:0.04567, classifier_loss:0.83423
epoch:50, feat_extract_loss:0.04033, classifier_loss:0.95660
epoch:60, feat_extract_loss:0.03695, classifier_loss:0.88014
epoch:70, feat_extract_loss:0.03506, classifier_loss:0.90859
epoch:80, feat_extract_loss:0.03280, classifier_loss:0.93630
epoch:90, feat_extract_loss:0.03141, classifier_loss:0.90670
train_time 4233.629638195038 test_time 3.78201961517334
Acc for task 0 : [0.0, 74.6, 72.2, 69.8, 66.5, 62.2, 59.5, 58.199999999999996]
Acc for task 1 : [0.0, 60.5, 64.4, 64.1, 63.2, 62.8, 60.9]
Acc for task 2 : [0.0, 64.4, 66.60000000000001, 68.4, 68.30000000000001, 69.89999999999999]
Acc for task 3 : [0.0, 65.9, 68.5, 70.19999999999999, 70.19999999999999]
Acc for task 4 : [0.0, 67.5, 68.30000000000001, 69.0]
Acc for task 5 : [0.0, 65.0, 66.7]
Acc for task 6 : [0.0, 65.8]
Accuracy for 7 task(s): 	 [Class-IL]: 32.0 % 	 [Task-IL]: 65.81 %
Download not needed, files already on disk.
Download not needed, files already on disk.
learning classes:  [140, 141, 142, 143, 144, 145, 146, 147, 148, 149, 150, 151, 152, 153, 154, 155, 156, 157, 158, 159]
epoch:0, feat_extract_loss:1.40676, classifier_loss:2.36543
epoch:10, feat_extract_loss:0.45784, classifier_loss:0.54363
epoch:20, feat_extract_loss:0.10177, classifier_loss:0.58407
epoch:30, feat_extract_loss:0.06849, classifier_loss:0.74621
epoch:40, feat_extract_loss:0.04853, classifier_loss:0.91741
epoch:50, feat_extract_loss:0.04325, classifier_loss:0.92206
epoch:60, feat_extract_loss:0.03844, classifier_loss:0.99749
epoch:70, feat_extract_loss:0.03577, classifier_loss:0.91946
epoch:80, feat_extract_loss:0.03444, classifier_loss:0.95226
epoch:90, feat_extract_loss:0.03278, classifier_loss:0.90389
train_time 4236.241010427475 test_time 4.24031925201416
Acc for task 0 : [0.0, 74.6, 72.2, 69.8, 66.5, 62.2, 59.5, 58.199999999999996, 56.89999999999999]
Acc for task 1 : [0.0, 60.5, 64.4, 64.1, 63.2, 62.8, 60.9, 59.8]
Acc for task 2 : [0.0, 64.4, 66.60000000000001, 68.4, 68.30000000000001, 69.89999999999999, 69.8]
Acc for task 3 : [0.0, 65.9, 68.5, 70.19999999999999, 70.19999999999999, 70.7]
Acc for task 4 : [0.0, 67.5, 68.30000000000001, 69.0, 69.1]
Acc for task 5 : [0.0, 65.0, 66.7, 68.4]
Acc for task 6 : [0.0, 65.8, 65.9]
Acc for task 7 : [0.0, 63.3]
Accuracy for 8 task(s): 	 [Class-IL]: 30.35 % 	 [Task-IL]: 65.49 %
Download not needed, files already on disk.
Download not needed, files already on disk.
learning classes:  [160, 161, 162, 163, 164, 165, 166, 167, 168, 169, 170, 171, 172, 173, 174, 175, 176, 177, 178, 179]
epoch:0, feat_extract_loss:1.49738, classifier_loss:2.39565
epoch:10, feat_extract_loss:0.63188, classifier_loss:0.76721
epoch:20, feat_extract_loss:0.14606, classifier_loss:0.62962
epoch:30, feat_extract_loss:0.05572, classifier_loss:1.00538
epoch:40, feat_extract_loss:0.04755, classifier_loss:1.05379
epoch:50, feat_extract_loss:0.04079, classifier_loss:1.06900
epoch:60, feat_extract_loss:0.03761, classifier_loss:1.02206
epoch:70, feat_extract_loss:0.03520, classifier_loss:1.08555
epoch:80, feat_extract_loss:0.03353, classifier_loss:1.10884
epoch:90, feat_extract_loss:0.03109, classifier_loss:0.99253
train_time 4236.8376524448395 test_time 4.692047595977783
Acc for task 0 : [0.0, 74.6, 72.2, 69.8, 66.5, 62.2, 59.5, 58.199999999999996, 56.89999999999999, 55.300000000000004]
Acc for task 1 : [0.0, 60.5, 64.4, 64.1, 63.2, 62.8, 60.9, 59.8, 56.99999999999999]
Acc for task 2 : [0.0, 64.4, 66.60000000000001, 68.4, 68.30000000000001, 69.89999999999999, 69.8, 68.89999999999999]
Acc for task 3 : [0.0, 65.9, 68.5, 70.19999999999999, 70.19999999999999, 70.7, 71.1]
Acc for task 4 : [0.0, 67.5, 68.30000000000001, 69.0, 69.1, 70.3]
Acc for task 5 : [0.0, 65.0, 66.7, 68.4, 69.8]
Acc for task 6 : [0.0, 65.8, 65.9, 67.5]
Acc for task 7 : [0.0, 63.3, 65.2]
Acc for task 8 : [0.0, 58.699999999999996]
Accuracy for 9 task(s): 	 [Class-IL]: 28.79 % 	 [Task-IL]: 64.87 %
Download not needed, files already on disk.
Download not needed, files already on disk.
learning classes:  [180, 181, 182, 183, 184, 185, 186, 187, 188, 189, 190, 191, 192, 193, 194, 195, 196, 197, 198, 199]
epoch:0, feat_extract_loss:1.28342, classifier_loss:2.26881
epoch:10, feat_extract_loss:0.49654, classifier_loss:0.61564
epoch:20, feat_extract_loss:0.07745, classifier_loss:0.71777
epoch:30, feat_extract_loss:0.05194, classifier_loss:0.88723
epoch:40, feat_extract_loss:0.04210, classifier_loss:0.82861
epoch:50, feat_extract_loss:0.03771, classifier_loss:0.91621
epoch:60, feat_extract_loss:0.03504, classifier_loss:0.83619
epoch:70, feat_extract_loss:0.03268, classifier_loss:0.87655
epoch:80, feat_extract_loss:0.03152, classifier_loss:0.81266
epoch:90, feat_extract_loss:0.02985, classifier_loss:0.87896
train_time 4236.867948770523 test_time 5.144850730895996
Acc for task 0 : [0.0, 74.6, 72.2, 69.8, 66.5, 62.2, 59.5, 58.199999999999996, 56.89999999999999, 55.300000000000004, 52.900000000000006]
Acc for task 1 : [0.0, 60.5, 64.4, 64.1, 63.2, 62.8, 60.9, 59.8, 56.99999999999999, 55.900000000000006]
Acc for task 2 : [0.0, 64.4, 66.60000000000001, 68.4, 68.30000000000001, 69.89999999999999, 69.8, 68.89999999999999, 68.2]
Acc for task 3 : [0.0, 65.9, 68.5, 70.19999999999999, 70.19999999999999, 70.7, 71.1, 70.89999999999999]
Acc for task 4 : [0.0, 67.5, 68.30000000000001, 69.0, 69.1, 70.3, 69.8]
Acc for task 5 : [0.0, 65.0, 66.7, 68.4, 69.8, 70.0]
Acc for task 6 : [0.0, 65.8, 65.9, 67.5, 67.60000000000001]
Acc for task 7 : [0.0, 63.3, 65.2, 67.4]
Acc for task 8 : [0.0, 58.699999999999996, 59.3]
Acc for task 9 : [0.0, 66.4]
Accuracy for 10 task(s): 	 [Class-IL]: 28.33 % 	 [Task-IL]: 64.84 %
Accuracy for 1 task(s): 	 [Class-IL]: 74.6 % 	 [Task-IL]: 74.6 %
Accuracy for 2 task(s): 	 [Class-IL]: 54.1 % 	 [Task-IL]: 66.35 %
Accuracy for 3 task(s): 	 [Class-IL]: 46.87 % 	 [Task-IL]: 66.2 %
Accuracy for 4 task(s): 	 [Class-IL]: 41.75 % 	 [Task-IL]: 65.77 %
Accuracy for 5 task(s): 	 [Class-IL]: 37.96 % 	 [Task-IL]: 65.96 %
Accuracy for 6 task(s): 	 [Class-IL]: 34.68 % 	 [Task-IL]: 65.68 %
Accuracy for 7 task(s): 	 [Class-IL]: 32.0 % 	 [Task-IL]: 65.81 %
Accuracy for 8 task(s): 	 [Class-IL]: 30.35 % 	 [Task-IL]: 65.49 %
Accuracy for 9 task(s): 	 [Class-IL]: 28.79 % 	 [Task-IL]: 64.87 %
Accuracy for 10 task(s): 	 [Class-IL]: 28.33 % 	 [Task-IL]: 64.84 %
forget_taskil: 3.62 forget_classil: 11.96 bwt_taskil: -0.41 bwt_classil: -2.82
ACC for all 5 task(s): 	 [Class-IL]: 28.4$\pm$0.35 	 [Task-IL]: 65.81$\pm$0.61
BWT for all 5 task(s): 	 [Class-IL]: -1.71$\pm$1.05 	 [Task-IL]: 0.92$\pm$0.76
